<html>
<head>
<title>TestNG:  Command line test</title>
<link href="../testng.css" rel="stylesheet" type="text/css" />
<link href="../my-testng.css" rel="stylesheet" type="text/css" />

<style type="text/css">
.log { display: none;} 
.stack-trace { display: none;} 
</style>
<script type="text/javascript">
<!--
function flip(e) {
  current = e.style.display;
  if (current == 'block') {
    e.style.display = 'none';
    return 0;
  }
  else {
    e.style.display = 'block';
    return 1;
  }
}

function toggleBox(szDivId, elem, msg1, msg2)
{
  var res = -1;  if (document.getElementById) {
    res = flip(document.getElementById(szDivId));
  }
  else if (document.all) {
    // this is the way old msie versions work
    res = flip(document.all[szDivId]);
  }
  if(elem) {
    if(res == 0) elem.innerHTML = msg1; else elem.innerHTML = msg2;
  }

}

function toggleAllBoxes() {
  if (document.getElementsByTagName) {
    d = document.getElementsByTagName('div');
    for (i = 0; i < d.length; i++) {
      if (d[i].className == 'log') {
        flip(d[i]);
      }
    }
  }
}

// -->
</script>

</head>
<body>
<h2 align='center'>Command line test</h2><table border='1' align="center">
<tr>
<td>Tests passed/Failed/Skipped:</td><td>226/0/0</td>
</tr><tr>
<td>Started on:</td><td>Sat Jul 30 13:09:41 CST 2016</td>
</tr>
<tr><td>Total time:</td><td>1 seconds (1506 ms)</td>
</tr><tr>
<td>Included groups:</td><td></td>
</tr><tr>
<td>Excluded groups:</td><td></td>
</tr>
</table><p/>
<small><i>(Hover the method name to see the test class name)</i></small><p/>
<table width='100%' border='1' class='invocation-passed'>
<tr><td colspan='4' align='center'><b>PASSED TESTS</b></td></tr>
<tr><td><b>Test method</b></td>
<td width="30%"><b>Exception</b></td>
<td width="10%"><b>Time (seconds)</b></td>
<td><b>Instance</b></td>
</tr>
<tr>
<td title='storm.starter.tools.RankableObjectWithFieldsTest.constructorWithNegativeCountAndFieldsShouldThrowIAE()'><b>constructorWithNegativeCountAndFieldsShouldThrowIAE</b><br>Test class: storm.starter.tools.RankableObjectWithFieldsTest</td>
<td><div><pre>java.lang.IllegalArgumentException: The count must be &gt;= 0
	at storm.starter.tools.RankableObjectWithFields.&lt;init&gt;(RankableObjectWithFields.java:29)
	at storm.starter.tools.RankableObjectWithFieldsTest.constructorWithNegativeCountAndFieldsShouldThrowIAE(RankableObjectWithFieldsTest.java:44)
... Removed 34 stack frames</pre></div><a href='#' onClick='toggleBox("stack-trace12134395", this, "Click to show all stack frames", "Click to hide stack frames")'>Click to show all stack frames</a>
<div class='stack-trace' id='stack-trace12134395'><pre>java.lang.IllegalArgumentException: The count must be &gt;= 0
	at storm.starter.tools.RankableObjectWithFields.&lt;init&gt;(RankableObjectWithFields.java:29)
	at storm.starter.tools.RankableObjectWithFieldsTest.constructorWithNegativeCountAndFieldsShouldThrowIAE(RankableObjectWithFieldsTest.java:44)
	at sun.reflect.NativeMethodAccessorImpl.invoke0(Native Method)
	at sun.reflect.NativeMethodAccessorImpl.invoke(NativeMethodAccessorImpl.java:62)
	at sun.reflect.DelegatingMethodAccessorImpl.invoke(DelegatingMethodAccessorImpl.java:43)
	at java.lang.reflect.Method.invoke(Method.java:498)
	at org.testng.internal.MethodInvocationHelper.invokeMethod(MethodInvocationHelper.java:84)
	at org.testng.internal.Invoker.invokeMethod(Invoker.java:714)
	at org.testng.internal.Invoker.invokeTestMethod(Invoker.java:901)
	at org.testng.internal.Invoker.invokeTestMethods(Invoker.java:1231)
	at org.testng.internal.TestMethodWorker.invokeTestMethods(TestMethodWorker.java:127)
	at org.testng.internal.TestMethodWorker.run(TestMethodWorker.java:111)
	at org.testng.TestRunner.privateRun(TestRunner.java:767)
	at org.testng.TestRunner.run(TestRunner.java:617)
	at org.testng.SuiteRunner.runTest(SuiteRunner.java:334)
	at org.testng.SuiteRunner.runSequentially(SuiteRunner.java:329)
	at org.testng.SuiteRunner.privateRun(SuiteRunner.java:291)
	at org.testng.SuiteRunner.run(SuiteRunner.java:240)
	at org.testng.SuiteRunnerWorker.runSuite(SuiteRunnerWorker.java:52)
	at org.testng.SuiteRunnerWorker.run(SuiteRunnerWorker.java:86)
	at org.testng.TestNG.runSuitesSequentially(TestNG.java:1224)
	at org.testng.TestNG.runSuitesLocally(TestNG.java:1149)
	at org.testng.TestNG.run(TestNG.java:1057)
	at org.apache.maven.surefire.testng.TestNGExecutor.run(TestNGExecutor.java:77)
	at org.apache.maven.surefire.testng.TestNGDirectoryTestSuite.executeMulti(TestNGDirectoryTestSuite.java:159)
	at org.apache.maven.surefire.testng.TestNGDirectoryTestSuite.execute(TestNGDirectoryTestSuite.java:99)
	at org.apache.maven.surefire.testng.TestNGProvider.invoke(TestNGProvider.java:106)
	at sun.reflect.NativeMethodAccessorImpl.invoke0(Native Method)
	at sun.reflect.NativeMethodAccessorImpl.invoke(NativeMethodAccessorImpl.java:62)
	at sun.reflect.DelegatingMethodAccessorImpl.invoke(DelegatingMethodAccessorImpl.java:43)
	at java.lang.reflect.Method.invoke(Method.java:498)
	at org.apache.maven.surefire.util.ReflectionUtils.invokeMethodWithArray(ReflectionUtils.java:189)
	at org.apache.maven.surefire.booter.ProviderFactory$ProviderProxy.invoke(ProviderFactory.java:165)
	at org.apache.maven.surefire.booter.ProviderFactory.invokeProvider(ProviderFactory.java:85)
	at org.apache.maven.surefire.booter.ForkedBooter.runSuitesInProcess(ForkedBooter.java:115)
	at org.apache.maven.surefire.booter.ForkedBooter.main(ForkedBooter.java:75)
</pre></div></td>
<td>0</td>
<td>storm.starter.tools.RankableObjectWithFieldsTest@10399e</td></tr>
<tr>
<td title='storm.starter.tools.RankableObjectWithFieldsTest.constructorWithNegativeCountAndNoFieldsShouldThrowIAE()'><b>constructorWithNegativeCountAndNoFieldsShouldThrowIAE</b><br>Test class: storm.starter.tools.RankableObjectWithFieldsTest</td>
<td><div><pre>java.lang.IllegalArgumentException: The count must be &gt;= 0
	at storm.starter.tools.RankableObjectWithFields.&lt;init&gt;(RankableObjectWithFields.java:29)
	at storm.starter.tools.RankableObjectWithFieldsTest.constructorWithNegativeCountAndNoFieldsShouldThrowIAE(RankableObjectWithFieldsTest.java:38)
... Removed 34 stack frames</pre></div><a href='#' onClick='toggleBox("stack-trace5810190", this, "Click to show all stack frames", "Click to hide stack frames")'>Click to show all stack frames</a>
<div class='stack-trace' id='stack-trace5810190'><pre>java.lang.IllegalArgumentException: The count must be &gt;= 0
	at storm.starter.tools.RankableObjectWithFields.&lt;init&gt;(RankableObjectWithFields.java:29)
	at storm.starter.tools.RankableObjectWithFieldsTest.constructorWithNegativeCountAndNoFieldsShouldThrowIAE(RankableObjectWithFieldsTest.java:38)
	at sun.reflect.NativeMethodAccessorImpl.invoke0(Native Method)
	at sun.reflect.NativeMethodAccessorImpl.invoke(NativeMethodAccessorImpl.java:62)
	at sun.reflect.DelegatingMethodAccessorImpl.invoke(DelegatingMethodAccessorImpl.java:43)
	at java.lang.reflect.Method.invoke(Method.java:498)
	at org.testng.internal.MethodInvocationHelper.invokeMethod(MethodInvocationHelper.java:84)
	at org.testng.internal.Invoker.invokeMethod(Invoker.java:714)
	at org.testng.internal.Invoker.invokeTestMethod(Invoker.java:901)
	at org.testng.internal.Invoker.invokeTestMethods(Invoker.java:1231)
	at org.testng.internal.TestMethodWorker.invokeTestMethods(TestMethodWorker.java:127)
	at org.testng.internal.TestMethodWorker.run(TestMethodWorker.java:111)
	at org.testng.TestRunner.privateRun(TestRunner.java:767)
	at org.testng.TestRunner.run(TestRunner.java:617)
	at org.testng.SuiteRunner.runTest(SuiteRunner.java:334)
	at org.testng.SuiteRunner.runSequentially(SuiteRunner.java:329)
	at org.testng.SuiteRunner.privateRun(SuiteRunner.java:291)
	at org.testng.SuiteRunner.run(SuiteRunner.java:240)
	at org.testng.SuiteRunnerWorker.runSuite(SuiteRunnerWorker.java:52)
	at org.testng.SuiteRunnerWorker.run(SuiteRunnerWorker.java:86)
	at org.testng.TestNG.runSuitesSequentially(TestNG.java:1224)
	at org.testng.TestNG.runSuitesLocally(TestNG.java:1149)
	at org.testng.TestNG.run(TestNG.java:1057)
	at org.apache.maven.surefire.testng.TestNGExecutor.run(TestNGExecutor.java:77)
	at org.apache.maven.surefire.testng.TestNGDirectoryTestSuite.executeMulti(TestNGDirectoryTestSuite.java:159)
	at org.apache.maven.surefire.testng.TestNGDirectoryTestSuite.execute(TestNGDirectoryTestSuite.java:99)
	at org.apache.maven.surefire.testng.TestNGProvider.invoke(TestNGProvider.java:106)
	at sun.reflect.NativeMethodAccessorImpl.invoke0(Native Method)
	at sun.reflect.NativeMethodAccessorImpl.invoke(NativeMethodAccessorImpl.java:62)
	at sun.reflect.DelegatingMethodAccessorImpl.invoke(DelegatingMethodAccessorImpl.java:43)
	at java.lang.reflect.Method.invoke(Method.java:498)
	at org.apache.maven.surefire.util.ReflectionUtils.invokeMethodWithArray(ReflectionUtils.java:189)
	at org.apache.maven.surefire.booter.ProviderFactory$ProviderProxy.invoke(ProviderFactory.java:165)
	at org.apache.maven.surefire.booter.ProviderFactory.invokeProvider(ProviderFactory.java:85)
	at org.apache.maven.surefire.booter.ForkedBooter.runSuitesInProcess(ForkedBooter.java:115)
	at org.apache.maven.surefire.booter.ForkedBooter.main(ForkedBooter.java:75)
</pre></div></td>
<td>0</td>
<td>storm.starter.tools.RankableObjectWithFieldsTest@10399e</td></tr>
<tr>
<td title='storm.starter.tools.RankingsTest.constructorWithNegativeOrZeroTopNShouldThrowIAE()'><b>constructorWithNegativeOrZeroTopNShouldThrowIAE</b><br>Test class: storm.starter.tools.RankingsTest<br>Parameters: 0</td>
<td><div><pre>java.lang.IllegalArgumentException: topN must be &gt;= 1
	at storm.starter.tools.Rankings.&lt;init&gt;(Rankings.java:24)
	at storm.starter.tools.RankingsTest.constructorWithNegativeOrZeroTopNShouldThrowIAE(RankingsTest.java:35)
... Removed 34 stack frames</pre></div><a href='#' onClick='toggleBox("stack-trace24953212", this, "Click to show all stack frames", "Click to hide stack frames")'>Click to show all stack frames</a>
<div class='stack-trace' id='stack-trace24953212'><pre>java.lang.IllegalArgumentException: topN must be &gt;= 1
	at storm.starter.tools.Rankings.&lt;init&gt;(Rankings.java:24)
	at storm.starter.tools.RankingsTest.constructorWithNegativeOrZeroTopNShouldThrowIAE(RankingsTest.java:35)
	at sun.reflect.NativeMethodAccessorImpl.invoke0(Native Method)
	at sun.reflect.NativeMethodAccessorImpl.invoke(NativeMethodAccessorImpl.java:62)
	at sun.reflect.DelegatingMethodAccessorImpl.invoke(DelegatingMethodAccessorImpl.java:43)
	at java.lang.reflect.Method.invoke(Method.java:498)
	at org.testng.internal.MethodInvocationHelper.invokeMethod(MethodInvocationHelper.java:84)
	at org.testng.internal.Invoker.invokeMethod(Invoker.java:714)
	at org.testng.internal.Invoker.invokeTestMethod(Invoker.java:901)
	at org.testng.internal.Invoker.invokeTestMethods(Invoker.java:1231)
	at org.testng.internal.TestMethodWorker.invokeTestMethods(TestMethodWorker.java:127)
	at org.testng.internal.TestMethodWorker.run(TestMethodWorker.java:111)
	at org.testng.TestRunner.privateRun(TestRunner.java:767)
	at org.testng.TestRunner.run(TestRunner.java:617)
	at org.testng.SuiteRunner.runTest(SuiteRunner.java:334)
	at org.testng.SuiteRunner.runSequentially(SuiteRunner.java:329)
	at org.testng.SuiteRunner.privateRun(SuiteRunner.java:291)
	at org.testng.SuiteRunner.run(SuiteRunner.java:240)
	at org.testng.SuiteRunnerWorker.runSuite(SuiteRunnerWorker.java:52)
	at org.testng.SuiteRunnerWorker.run(SuiteRunnerWorker.java:86)
	at org.testng.TestNG.runSuitesSequentially(TestNG.java:1224)
	at org.testng.TestNG.runSuitesLocally(TestNG.java:1149)
	at org.testng.TestNG.run(TestNG.java:1057)
	at org.apache.maven.surefire.testng.TestNGExecutor.run(TestNGExecutor.java:77)
	at org.apache.maven.surefire.testng.TestNGDirectoryTestSuite.executeMulti(TestNGDirectoryTestSuite.java:159)
	at org.apache.maven.surefire.testng.TestNGDirectoryTestSuite.execute(TestNGDirectoryTestSuite.java:99)
	at org.apache.maven.surefire.testng.TestNGProvider.invoke(TestNGProvider.java:106)
	at sun.reflect.NativeMethodAccessorImpl.invoke0(Native Method)
	at sun.reflect.NativeMethodAccessorImpl.invoke(NativeMethodAccessorImpl.java:62)
	at sun.reflect.DelegatingMethodAccessorImpl.invoke(DelegatingMethodAccessorImpl.java:43)
	at java.lang.reflect.Method.invoke(Method.java:498)
	at org.apache.maven.surefire.util.ReflectionUtils.invokeMethodWithArray(ReflectionUtils.java:189)
	at org.apache.maven.surefire.booter.ProviderFactory$ProviderProxy.invoke(ProviderFactory.java:165)
	at org.apache.maven.surefire.booter.ProviderFactory.invokeProvider(ProviderFactory.java:85)
	at org.apache.maven.surefire.booter.ForkedBooter.runSuitesInProcess(ForkedBooter.java:115)
	at org.apache.maven.surefire.booter.ForkedBooter.main(ForkedBooter.java:75)
</pre></div></td>
<td>0</td>
<td>storm.starter.tools.RankingsTest@d992b2</td></tr>
<tr>
<td title='storm.starter.tools.RankingsTest.constructorWithNegativeOrZeroTopNShouldThrowIAE()'><b>constructorWithNegativeOrZeroTopNShouldThrowIAE</b><br>Test class: storm.starter.tools.RankingsTest<br>Parameters: -1</td>
<td><div><pre>java.lang.IllegalArgumentException: topN must be &gt;= 1
	at storm.starter.tools.Rankings.&lt;init&gt;(Rankings.java:24)
	at storm.starter.tools.RankingsTest.constructorWithNegativeOrZeroTopNShouldThrowIAE(RankingsTest.java:35)
... Removed 34 stack frames</pre></div><a href='#' onClick='toggleBox("stack-trace23472651", this, "Click to show all stack frames", "Click to hide stack frames")'>Click to show all stack frames</a>
<div class='stack-trace' id='stack-trace23472651'><pre>java.lang.IllegalArgumentException: topN must be &gt;= 1
	at storm.starter.tools.Rankings.&lt;init&gt;(Rankings.java:24)
	at storm.starter.tools.RankingsTest.constructorWithNegativeOrZeroTopNShouldThrowIAE(RankingsTest.java:35)
	at sun.reflect.NativeMethodAccessorImpl.invoke0(Native Method)
	at sun.reflect.NativeMethodAccessorImpl.invoke(NativeMethodAccessorImpl.java:62)
	at sun.reflect.DelegatingMethodAccessorImpl.invoke(DelegatingMethodAccessorImpl.java:43)
	at java.lang.reflect.Method.invoke(Method.java:498)
	at org.testng.internal.MethodInvocationHelper.invokeMethod(MethodInvocationHelper.java:84)
	at org.testng.internal.Invoker.invokeMethod(Invoker.java:714)
	at org.testng.internal.Invoker.invokeTestMethod(Invoker.java:901)
	at org.testng.internal.Invoker.invokeTestMethods(Invoker.java:1231)
	at org.testng.internal.TestMethodWorker.invokeTestMethods(TestMethodWorker.java:127)
	at org.testng.internal.TestMethodWorker.run(TestMethodWorker.java:111)
	at org.testng.TestRunner.privateRun(TestRunner.java:767)
	at org.testng.TestRunner.run(TestRunner.java:617)
	at org.testng.SuiteRunner.runTest(SuiteRunner.java:334)
	at org.testng.SuiteRunner.runSequentially(SuiteRunner.java:329)
	at org.testng.SuiteRunner.privateRun(SuiteRunner.java:291)
	at org.testng.SuiteRunner.run(SuiteRunner.java:240)
	at org.testng.SuiteRunnerWorker.runSuite(SuiteRunnerWorker.java:52)
	at org.testng.SuiteRunnerWorker.run(SuiteRunnerWorker.java:86)
	at org.testng.TestNG.runSuitesSequentially(TestNG.java:1224)
	at org.testng.TestNG.runSuitesLocally(TestNG.java:1149)
	at org.testng.TestNG.run(TestNG.java:1057)
	at org.apache.maven.surefire.testng.TestNGExecutor.run(TestNGExecutor.java:77)
	at org.apache.maven.surefire.testng.TestNGDirectoryTestSuite.executeMulti(TestNGDirectoryTestSuite.java:159)
	at org.apache.maven.surefire.testng.TestNGDirectoryTestSuite.execute(TestNGDirectoryTestSuite.java:99)
	at org.apache.maven.surefire.testng.TestNGProvider.invoke(TestNGProvider.java:106)
	at sun.reflect.NativeMethodAccessorImpl.invoke0(Native Method)
	at sun.reflect.NativeMethodAccessorImpl.invoke(NativeMethodAccessorImpl.java:62)
	at sun.reflect.DelegatingMethodAccessorImpl.invoke(DelegatingMethodAccessorImpl.java:43)
	at java.lang.reflect.Method.invoke(Method.java:498)
	at org.apache.maven.surefire.util.ReflectionUtils.invokeMethodWithArray(ReflectionUtils.java:189)
	at org.apache.maven.surefire.booter.ProviderFactory$ProviderProxy.invoke(ProviderFactory.java:165)
	at org.apache.maven.surefire.booter.ProviderFactory.invokeProvider(ProviderFactory.java:85)
	at org.apache.maven.surefire.booter.ForkedBooter.runSuitesInProcess(ForkedBooter.java:115)
	at org.apache.maven.surefire.booter.ForkedBooter.main(ForkedBooter.java:75)
</pre></div></td>
<td>0</td>
<td>storm.starter.tools.RankingsTest@d992b2</td></tr>
<tr>
<td title='storm.starter.tools.RankingsTest.constructorWithNegativeOrZeroTopNShouldThrowIAE()'><b>constructorWithNegativeOrZeroTopNShouldThrowIAE</b><br>Test class: storm.starter.tools.RankingsTest<br>Parameters: -2</td>
<td><div><pre>java.lang.IllegalArgumentException: topN must be &gt;= 1
	at storm.starter.tools.Rankings.&lt;init&gt;(Rankings.java:24)
	at storm.starter.tools.RankingsTest.constructorWithNegativeOrZeroTopNShouldThrowIAE(RankingsTest.java:35)
... Removed 34 stack frames</pre></div><a href='#' onClick='toggleBox("stack-trace33282348", this, "Click to show all stack frames", "Click to hide stack frames")'>Click to show all stack frames</a>
<div class='stack-trace' id='stack-trace33282348'><pre>java.lang.IllegalArgumentException: topN must be &gt;= 1
	at storm.starter.tools.Rankings.&lt;init&gt;(Rankings.java:24)
	at storm.starter.tools.RankingsTest.constructorWithNegativeOrZeroTopNShouldThrowIAE(RankingsTest.java:35)
	at sun.reflect.NativeMethodAccessorImpl.invoke0(Native Method)
	at sun.reflect.NativeMethodAccessorImpl.invoke(NativeMethodAccessorImpl.java:62)
	at sun.reflect.DelegatingMethodAccessorImpl.invoke(DelegatingMethodAccessorImpl.java:43)
	at java.lang.reflect.Method.invoke(Method.java:498)
	at org.testng.internal.MethodInvocationHelper.invokeMethod(MethodInvocationHelper.java:84)
	at org.testng.internal.Invoker.invokeMethod(Invoker.java:714)
	at org.testng.internal.Invoker.invokeTestMethod(Invoker.java:901)
	at org.testng.internal.Invoker.invokeTestMethods(Invoker.java:1231)
	at org.testng.internal.TestMethodWorker.invokeTestMethods(TestMethodWorker.java:127)
	at org.testng.internal.TestMethodWorker.run(TestMethodWorker.java:111)
	at org.testng.TestRunner.privateRun(TestRunner.java:767)
	at org.testng.TestRunner.run(TestRunner.java:617)
	at org.testng.SuiteRunner.runTest(SuiteRunner.java:334)
	at org.testng.SuiteRunner.runSequentially(SuiteRunner.java:329)
	at org.testng.SuiteRunner.privateRun(SuiteRunner.java:291)
	at org.testng.SuiteRunner.run(SuiteRunner.java:240)
	at org.testng.SuiteRunnerWorker.runSuite(SuiteRunnerWorker.java:52)
	at org.testng.SuiteRunnerWorker.run(SuiteRunnerWorker.java:86)
	at org.testng.TestNG.runSuitesSequentially(TestNG.java:1224)
	at org.testng.TestNG.runSuitesLocally(TestNG.java:1149)
	at org.testng.TestNG.run(TestNG.java:1057)
	at org.apache.maven.surefire.testng.TestNGExecutor.run(TestNGExecutor.java:77)
	at org.apache.maven.surefire.testng.TestNGDirectoryTestSuite.executeMulti(TestNGDirectoryTestSuite.java:159)
	at org.apache.maven.surefire.testng.TestNGDirectoryTestSuite.execute(TestNGDirectoryTestSuite.java:99)
	at org.apache.maven.surefire.testng.TestNGProvider.invoke(TestNGProvider.java:106)
	at sun.reflect.NativeMethodAccessorImpl.invoke0(Native Method)
	at sun.reflect.NativeMethodAccessorImpl.invoke(NativeMethodAccessorImpl.java:62)
	at sun.reflect.DelegatingMethodAccessorImpl.invoke(DelegatingMethodAccessorImpl.java:43)
	at java.lang.reflect.Method.invoke(Method.java:498)
	at org.apache.maven.surefire.util.ReflectionUtils.invokeMethodWithArray(ReflectionUtils.java:189)
	at org.apache.maven.surefire.booter.ProviderFactory$ProviderProxy.invoke(ProviderFactory.java:165)
	at org.apache.maven.surefire.booter.ProviderFactory.invokeProvider(ProviderFactory.java:85)
	at org.apache.maven.surefire.booter.ForkedBooter.runSuitesInProcess(ForkedBooter.java:115)
	at org.apache.maven.surefire.booter.ForkedBooter.main(ForkedBooter.java:75)
</pre></div></td>
<td>0</td>
<td>storm.starter.tools.RankingsTest@d992b2</td></tr>
<tr>
<td title='storm.starter.tools.RankingsTest.constructorWithNegativeOrZeroTopNShouldThrowIAE()'><b>constructorWithNegativeOrZeroTopNShouldThrowIAE</b><br>Test class: storm.starter.tools.RankingsTest<br>Parameters: -10</td>
<td><div><pre>java.lang.IllegalArgumentException: topN must be &gt;= 1
	at storm.starter.tools.Rankings.&lt;init&gt;(Rankings.java:24)
	at storm.starter.tools.RankingsTest.constructorWithNegativeOrZeroTopNShouldThrowIAE(RankingsTest.java:35)
... Removed 34 stack frames</pre></div><a href='#' onClick='toggleBox("stack-trace29521043", this, "Click to show all stack frames", "Click to hide stack frames")'>Click to show all stack frames</a>
<div class='stack-trace' id='stack-trace29521043'><pre>java.lang.IllegalArgumentException: topN must be &gt;= 1
	at storm.starter.tools.Rankings.&lt;init&gt;(Rankings.java:24)
	at storm.starter.tools.RankingsTest.constructorWithNegativeOrZeroTopNShouldThrowIAE(RankingsTest.java:35)
	at sun.reflect.NativeMethodAccessorImpl.invoke0(Native Method)
	at sun.reflect.NativeMethodAccessorImpl.invoke(NativeMethodAccessorImpl.java:62)
	at sun.reflect.DelegatingMethodAccessorImpl.invoke(DelegatingMethodAccessorImpl.java:43)
	at java.lang.reflect.Method.invoke(Method.java:498)
	at org.testng.internal.MethodInvocationHelper.invokeMethod(MethodInvocationHelper.java:84)
	at org.testng.internal.Invoker.invokeMethod(Invoker.java:714)
	at org.testng.internal.Invoker.invokeTestMethod(Invoker.java:901)
	at org.testng.internal.Invoker.invokeTestMethods(Invoker.java:1231)
	at org.testng.internal.TestMethodWorker.invokeTestMethods(TestMethodWorker.java:127)
	at org.testng.internal.TestMethodWorker.run(TestMethodWorker.java:111)
	at org.testng.TestRunner.privateRun(TestRunner.java:767)
	at org.testng.TestRunner.run(TestRunner.java:617)
	at org.testng.SuiteRunner.runTest(SuiteRunner.java:334)
	at org.testng.SuiteRunner.runSequentially(SuiteRunner.java:329)
	at org.testng.SuiteRunner.privateRun(SuiteRunner.java:291)
	at org.testng.SuiteRunner.run(SuiteRunner.java:240)
	at org.testng.SuiteRunnerWorker.runSuite(SuiteRunnerWorker.java:52)
	at org.testng.SuiteRunnerWorker.run(SuiteRunnerWorker.java:86)
	at org.testng.TestNG.runSuitesSequentially(TestNG.java:1224)
	at org.testng.TestNG.runSuitesLocally(TestNG.java:1149)
	at org.testng.TestNG.run(TestNG.java:1057)
	at org.apache.maven.surefire.testng.TestNGExecutor.run(TestNGExecutor.java:77)
	at org.apache.maven.surefire.testng.TestNGDirectoryTestSuite.executeMulti(TestNGDirectoryTestSuite.java:159)
	at org.apache.maven.surefire.testng.TestNGDirectoryTestSuite.execute(TestNGDirectoryTestSuite.java:99)
	at org.apache.maven.surefire.testng.TestNGProvider.invoke(TestNGProvider.java:106)
	at sun.reflect.NativeMethodAccessorImpl.invoke0(Native Method)
	at sun.reflect.NativeMethodAccessorImpl.invoke(NativeMethodAccessorImpl.java:62)
	at sun.reflect.DelegatingMethodAccessorImpl.invoke(DelegatingMethodAccessorImpl.java:43)
	at java.lang.reflect.Method.invoke(Method.java:498)
	at org.apache.maven.surefire.util.ReflectionUtils.invokeMethodWithArray(ReflectionUtils.java:189)
	at org.apache.maven.surefire.booter.ProviderFactory$ProviderProxy.invoke(ProviderFactory.java:165)
	at org.apache.maven.surefire.booter.ProviderFactory.invokeProvider(ProviderFactory.java:85)
	at org.apache.maven.surefire.booter.ForkedBooter.runSuitesInProcess(ForkedBooter.java:115)
	at org.apache.maven.surefire.booter.ForkedBooter.main(ForkedBooter.java:75)
</pre></div></td>
<td>0</td>
<td>storm.starter.tools.RankingsTest@d992b2</td></tr>
<tr>
<td title='storm.starter.tools.RankableObjectWithFieldsTest.constructorWithNullObjectAndFieldsShouldThrowIAE()'><b>constructorWithNullObjectAndFieldsShouldThrowIAE</b><br>Test class: storm.starter.tools.RankableObjectWithFieldsTest</td>
<td><div><pre>java.lang.IllegalArgumentException: The object must not be null
	at storm.starter.tools.RankableObjectWithFields.&lt;init&gt;(RankableObjectWithFields.java:26)
	at storm.starter.tools.RankableObjectWithFieldsTest.constructorWithNullObjectAndFieldsShouldThrowIAE(RankableObjectWithFieldsTest.java:33)
... Removed 34 stack frames</pre></div><a href='#' onClick='toggleBox("stack-trace28712778", this, "Click to show all stack frames", "Click to hide stack frames")'>Click to show all stack frames</a>
<div class='stack-trace' id='stack-trace28712778'><pre>java.lang.IllegalArgumentException: The object must not be null
	at storm.starter.tools.RankableObjectWithFields.&lt;init&gt;(RankableObjectWithFields.java:26)
	at storm.starter.tools.RankableObjectWithFieldsTest.constructorWithNullObjectAndFieldsShouldThrowIAE(RankableObjectWithFieldsTest.java:33)
	at sun.reflect.NativeMethodAccessorImpl.invoke0(Native Method)
	at sun.reflect.NativeMethodAccessorImpl.invoke(NativeMethodAccessorImpl.java:62)
	at sun.reflect.DelegatingMethodAccessorImpl.invoke(DelegatingMethodAccessorImpl.java:43)
	at java.lang.reflect.Method.invoke(Method.java:498)
	at org.testng.internal.MethodInvocationHelper.invokeMethod(MethodInvocationHelper.java:84)
	at org.testng.internal.Invoker.invokeMethod(Invoker.java:714)
	at org.testng.internal.Invoker.invokeTestMethod(Invoker.java:901)
	at org.testng.internal.Invoker.invokeTestMethods(Invoker.java:1231)
	at org.testng.internal.TestMethodWorker.invokeTestMethods(TestMethodWorker.java:127)
	at org.testng.internal.TestMethodWorker.run(TestMethodWorker.java:111)
	at org.testng.TestRunner.privateRun(TestRunner.java:767)
	at org.testng.TestRunner.run(TestRunner.java:617)
	at org.testng.SuiteRunner.runTest(SuiteRunner.java:334)
	at org.testng.SuiteRunner.runSequentially(SuiteRunner.java:329)
	at org.testng.SuiteRunner.privateRun(SuiteRunner.java:291)
	at org.testng.SuiteRunner.run(SuiteRunner.java:240)
	at org.testng.SuiteRunnerWorker.runSuite(SuiteRunnerWorker.java:52)
	at org.testng.SuiteRunnerWorker.run(SuiteRunnerWorker.java:86)
	at org.testng.TestNG.runSuitesSequentially(TestNG.java:1224)
	at org.testng.TestNG.runSuitesLocally(TestNG.java:1149)
	at org.testng.TestNG.run(TestNG.java:1057)
	at org.apache.maven.surefire.testng.TestNGExecutor.run(TestNGExecutor.java:77)
	at org.apache.maven.surefire.testng.TestNGDirectoryTestSuite.executeMulti(TestNGDirectoryTestSuite.java:159)
	at org.apache.maven.surefire.testng.TestNGDirectoryTestSuite.execute(TestNGDirectoryTestSuite.java:99)
	at org.apache.maven.surefire.testng.TestNGProvider.invoke(TestNGProvider.java:106)
	at sun.reflect.NativeMethodAccessorImpl.invoke0(Native Method)
	at sun.reflect.NativeMethodAccessorImpl.invoke(NativeMethodAccessorImpl.java:62)
	at sun.reflect.DelegatingMethodAccessorImpl.invoke(DelegatingMethodAccessorImpl.java:43)
	at java.lang.reflect.Method.invoke(Method.java:498)
	at org.apache.maven.surefire.util.ReflectionUtils.invokeMethodWithArray(ReflectionUtils.java:189)
	at org.apache.maven.surefire.booter.ProviderFactory$ProviderProxy.invoke(ProviderFactory.java:165)
	at org.apache.maven.surefire.booter.ProviderFactory.invokeProvider(ProviderFactory.java:85)
	at org.apache.maven.surefire.booter.ForkedBooter.runSuitesInProcess(ForkedBooter.java:115)
	at org.apache.maven.surefire.booter.ForkedBooter.main(ForkedBooter.java:75)
</pre></div></td>
<td>0</td>
<td>storm.starter.tools.RankableObjectWithFieldsTest@10399e</td></tr>
<tr>
<td title='storm.starter.tools.RankableObjectWithFieldsTest.constructorWithNullObjectAndNoFieldsShouldThrowIAE()'><b>constructorWithNullObjectAndNoFieldsShouldThrowIAE</b><br>Test class: storm.starter.tools.RankableObjectWithFieldsTest</td>
<td><div><pre>java.lang.IllegalArgumentException: The object must not be null
	at storm.starter.tools.RankableObjectWithFields.&lt;init&gt;(RankableObjectWithFields.java:26)
	at storm.starter.tools.RankableObjectWithFieldsTest.constructorWithNullObjectAndNoFieldsShouldThrowIAE(RankableObjectWithFieldsTest.java:27)
... Removed 34 stack frames</pre></div><a href='#' onClick='toggleBox("stack-trace28373689", this, "Click to show all stack frames", "Click to hide stack frames")'>Click to show all stack frames</a>
<div class='stack-trace' id='stack-trace28373689'><pre>java.lang.IllegalArgumentException: The object must not be null
	at storm.starter.tools.RankableObjectWithFields.&lt;init&gt;(RankableObjectWithFields.java:26)
	at storm.starter.tools.RankableObjectWithFieldsTest.constructorWithNullObjectAndNoFieldsShouldThrowIAE(RankableObjectWithFieldsTest.java:27)
	at sun.reflect.NativeMethodAccessorImpl.invoke0(Native Method)
	at sun.reflect.NativeMethodAccessorImpl.invoke(NativeMethodAccessorImpl.java:62)
	at sun.reflect.DelegatingMethodAccessorImpl.invoke(DelegatingMethodAccessorImpl.java:43)
	at java.lang.reflect.Method.invoke(Method.java:498)
	at org.testng.internal.MethodInvocationHelper.invokeMethod(MethodInvocationHelper.java:84)
	at org.testng.internal.Invoker.invokeMethod(Invoker.java:714)
	at org.testng.internal.Invoker.invokeTestMethod(Invoker.java:901)
	at org.testng.internal.Invoker.invokeTestMethods(Invoker.java:1231)
	at org.testng.internal.TestMethodWorker.invokeTestMethods(TestMethodWorker.java:127)
	at org.testng.internal.TestMethodWorker.run(TestMethodWorker.java:111)
	at org.testng.TestRunner.privateRun(TestRunner.java:767)
	at org.testng.TestRunner.run(TestRunner.java:617)
	at org.testng.SuiteRunner.runTest(SuiteRunner.java:334)
	at org.testng.SuiteRunner.runSequentially(SuiteRunner.java:329)
	at org.testng.SuiteRunner.privateRun(SuiteRunner.java:291)
	at org.testng.SuiteRunner.run(SuiteRunner.java:240)
	at org.testng.SuiteRunnerWorker.runSuite(SuiteRunnerWorker.java:52)
	at org.testng.SuiteRunnerWorker.run(SuiteRunnerWorker.java:86)
	at org.testng.TestNG.runSuitesSequentially(TestNG.java:1224)
	at org.testng.TestNG.runSuitesLocally(TestNG.java:1149)
	at org.testng.TestNG.run(TestNG.java:1057)
	at org.apache.maven.surefire.testng.TestNGExecutor.run(TestNGExecutor.java:77)
	at org.apache.maven.surefire.testng.TestNGDirectoryTestSuite.executeMulti(TestNGDirectoryTestSuite.java:159)
	at org.apache.maven.surefire.testng.TestNGDirectoryTestSuite.execute(TestNGDirectoryTestSuite.java:99)
	at org.apache.maven.surefire.testng.TestNGProvider.invoke(TestNGProvider.java:106)
	at sun.reflect.NativeMethodAccessorImpl.invoke0(Native Method)
	at sun.reflect.NativeMethodAccessorImpl.invoke(NativeMethodAccessorImpl.java:62)
	at sun.reflect.DelegatingMethodAccessorImpl.invoke(DelegatingMethodAccessorImpl.java:43)
	at java.lang.reflect.Method.invoke(Method.java:498)
	at org.apache.maven.surefire.util.ReflectionUtils.invokeMethodWithArray(ReflectionUtils.java:189)
	at org.apache.maven.surefire.booter.ProviderFactory$ProviderProxy.invoke(ProviderFactory.java:165)
	at org.apache.maven.surefire.booter.ProviderFactory.invokeProvider(ProviderFactory.java:85)
	at org.apache.maven.surefire.booter.ForkedBooter.runSuitesInProcess(ForkedBooter.java:115)
	at org.apache.maven.surefire.booter.ForkedBooter.main(ForkedBooter.java:75)
</pre></div></td>
<td>0</td>
<td>storm.starter.tools.RankableObjectWithFieldsTest@10399e</td></tr>
<tr>
<td title='storm.starter.tools.RankingsTest.constructorWithPositiveTopNShouldBeOk()'><b>constructorWithPositiveTopNShouldBeOk</b><br>Test class: storm.starter.tools.RankingsTest<br>Parameters: 1</td>
<td></td>
<td>0</td>
<td>storm.starter.tools.RankingsTest@d992b2</td></tr>
<tr>
<td title='storm.starter.tools.RankingsTest.constructorWithPositiveTopNShouldBeOk()'><b>constructorWithPositiveTopNShouldBeOk</b><br>Test class: storm.starter.tools.RankingsTest<br>Parameters: 2</td>
<td></td>
<td>0</td>
<td>storm.starter.tools.RankingsTest@d992b2</td></tr>
<tr>
<td title='storm.starter.tools.RankingsTest.constructorWithPositiveTopNShouldBeOk()'><b>constructorWithPositiveTopNShouldBeOk</b><br>Test class: storm.starter.tools.RankingsTest<br>Parameters: 1000</td>
<td></td>
<td>0</td>
<td>storm.starter.tools.RankingsTest@d992b2</td></tr>
<tr>
<td title='storm.starter.tools.RankingsTest.constructorWithPositiveTopNShouldBeOk()'><b>constructorWithPositiveTopNShouldBeOk</b><br>Test class: storm.starter.tools.RankingsTest<br>Parameters: 1000000</td>
<td></td>
<td>0</td>
<td>storm.starter.tools.RankingsTest@d992b2</td></tr>
<tr>
<td title='storm.starter.tools.RankingsTest.copyConstructorShouldReturnCopy()'><b>copyConstructorShouldReturnCopy</b><br>Test class: storm.starter.tools.RankingsTest<br>Parameters: 5, [[A|1], [B|2], [C|3]]</td>
<td></td>
<td>0</td>
<td>storm.starter.tools.RankingsTest@d992b2</td></tr>
<tr>
<td title='storm.starter.tools.RankingsTest.copyConstructorShouldReturnCopy()'><b>copyConstructorShouldReturnCopy</b><br>Test class: storm.starter.tools.RankingsTest<br>Parameters: 2, [[A|1], [B|2], [C|3], [D|4]]</td>
<td></td>
<td>0</td>
<td>storm.starter.tools.RankingsTest@d992b2</td></tr>
<tr>
<td title='storm.starter.tools.RankingsTest.copyConstructorShouldReturnCopy()'><b>copyConstructorShouldReturnCopy</b><br>Test class: storm.starter.tools.RankingsTest<br>Parameters: 1, []</td>
<td></td>
<td>0</td>
<td>storm.starter.tools.RankingsTest@d992b2</td></tr>
<tr>
<td title='storm.starter.tools.RankingsTest.copyConstructorShouldReturnCopy()'><b>copyConstructorShouldReturnCopy</b><br>Test class: storm.starter.tools.RankingsTest<br>Parameters: 1, [[A|1]]</td>
<td></td>
<td>0</td>
<td>storm.starter.tools.RankingsTest@d992b2</td></tr>
<tr>
<td title='storm.starter.tools.RankingsTest.copyConstructorShouldReturnCopy()'><b>copyConstructorShouldReturnCopy</b><br>Test class: storm.starter.tools.RankingsTest<br>Parameters: 1, [[A|1], [B|2]]</td>
<td></td>
<td>0</td>
<td>storm.starter.tools.RankingsTest@d992b2</td></tr>
<tr>
<td title='storm.starter.tools.RankingsTest.copyConstructorShouldReturnDefensiveCopy()'><b>copyConstructorShouldReturnDefensiveCopy</b><br>Test class: storm.starter.tools.RankingsTest<br>Parameters: 5, [[A|1], [B|2], [C|3]], [[D|4]]</td>
<td></td>
<td>0</td>
<td>storm.starter.tools.RankingsTest@d992b2</td></tr>
<tr>
<td title='storm.starter.tools.RankingsTest.copyConstructorShouldReturnDefensiveCopy()'><b>copyConstructorShouldReturnDefensiveCopy</b><br>Test class: storm.starter.tools.RankingsTest<br>Parameters: 2, [[A|1], [B|2], [C|3], [D|4]], [[E|5], [F|6]]</td>
<td></td>
<td>0</td>
<td>storm.starter.tools.RankingsTest@d992b2</td></tr>
<tr>
<td title='storm.starter.tools.RankingsTest.copyConstructorShouldReturnDefensiveCopy()'><b>copyConstructorShouldReturnDefensiveCopy</b><br>Test class: storm.starter.tools.RankingsTest<br>Parameters: 1, [], [[A|1]]</td>
<td></td>
<td>0</td>
<td>storm.starter.tools.RankingsTest@d992b2</td></tr>
<tr>
<td title='storm.starter.tools.RankingsTest.copyConstructorShouldReturnDefensiveCopy()'><b>copyConstructorShouldReturnDefensiveCopy</b><br>Test class: storm.starter.tools.RankingsTest<br>Parameters: 1, [[A|1]], [[B|2]]</td>
<td></td>
<td>0</td>
<td>storm.starter.tools.RankingsTest@d992b2</td></tr>
<tr>
<td title='storm.starter.tools.RankingsTest.copyConstructorShouldReturnDefensiveCopy()'><b>copyConstructorShouldReturnDefensiveCopy</b><br>Test class: storm.starter.tools.RankingsTest<br>Parameters: 1, [[ZERO_COUNT|0]], [[B|2]]</td>
<td></td>
<td>0</td>
<td>storm.starter.tools.RankingsTest@d992b2</td></tr>
<tr>
<td title='storm.starter.tools.RankingsTest.copyConstructorShouldReturnDefensiveCopy()'><b>copyConstructorShouldReturnDefensiveCopy</b><br>Test class: storm.starter.tools.RankingsTest<br>Parameters: 1, [[ZERO_COUNT|0]], []</td>
<td></td>
<td>0</td>
<td>storm.starter.tools.RankingsTest@d992b2</td></tr>
<tr>
<td title='storm.starter.tools.RankableObjectWithFieldsTest.copyShouldReturnCopy()'><b>copyShouldReturnCopy</b><br>Test class: storm.starter.tools.RankableObjectWithFieldsTest<br>Parameters: [foo|0]</td>
<td></td>
<td>0</td>
<td>storm.starter.tools.RankableObjectWithFieldsTest@10399e</td></tr>
<tr>
<td title='storm.starter.tools.RankableObjectWithFieldsTest.copyShouldReturnCopy()'><b>copyShouldReturnCopy</b><br>Test class: storm.starter.tools.RankableObjectWithFieldsTest<br>Parameters: [foo|3|someOtherField]</td>
<td></td>
<td>0</td>
<td>storm.starter.tools.RankableObjectWithFieldsTest@10399e</td></tr>
<tr>
<td title='storm.starter.tools.RankableObjectWithFieldsTest.copyShouldReturnCopy()'><b>copyShouldReturnCopy</b><br>Test class: storm.starter.tools.RankableObjectWithFieldsTest<br>Parameters: [foo|0|someField]</td>
<td></td>
<td>0</td>
<td>storm.starter.tools.RankableObjectWithFieldsTest@10399e</td></tr>
<tr>
<td title='storm.starter.tools.RankingsTest.copyShouldReturnCopy()'><b>copyShouldReturnCopy</b><br>Test class: storm.starter.tools.RankingsTest<br>Parameters: 5, [[A|1], [B|2], [C|3]]</td>
<td></td>
<td>0</td>
<td>storm.starter.tools.RankingsTest@d992b2</td></tr>
<tr>
<td title='storm.starter.tools.RankingsTest.copyShouldReturnCopy()'><b>copyShouldReturnCopy</b><br>Test class: storm.starter.tools.RankingsTest<br>Parameters: 2, [[A|1], [B|2], [C|3], [D|4]]</td>
<td></td>
<td>0</td>
<td>storm.starter.tools.RankingsTest@d992b2</td></tr>
<tr>
<td title='storm.starter.tools.RankingsTest.copyShouldReturnCopy()'><b>copyShouldReturnCopy</b><br>Test class: storm.starter.tools.RankingsTest<br>Parameters: 1, []</td>
<td></td>
<td>0</td>
<td>storm.starter.tools.RankingsTest@d992b2</td></tr>
<tr>
<td title='storm.starter.tools.RankingsTest.copyShouldReturnCopy()'><b>copyShouldReturnCopy</b><br>Test class: storm.starter.tools.RankingsTest<br>Parameters: 1, [[A|1]]</td>
<td></td>
<td>0</td>
<td>storm.starter.tools.RankingsTest@d992b2</td></tr>
<tr>
<td title='storm.starter.tools.RankingsTest.copyShouldReturnCopy()'><b>copyShouldReturnCopy</b><br>Test class: storm.starter.tools.RankingsTest<br>Parameters: 1, [[A|1], [B|2]]</td>
<td></td>
<td>0</td>
<td>storm.starter.tools.RankingsTest@d992b2</td></tr>
<tr>
<td title='storm.starter.tools.RankingsTest.copyShouldReturnDefensiveCopy()'><b>copyShouldReturnDefensiveCopy</b><br>Test class: storm.starter.tools.RankingsTest<br>Parameters: 5, [[A|1], [B|2], [C|3]], [[D|4]]</td>
<td></td>
<td>0</td>
<td>storm.starter.tools.RankingsTest@d992b2</td></tr>
<tr>
<td title='storm.starter.tools.RankingsTest.copyShouldReturnDefensiveCopy()'><b>copyShouldReturnDefensiveCopy</b><br>Test class: storm.starter.tools.RankingsTest<br>Parameters: 2, [[A|1], [B|2], [C|3], [D|4]], [[E|5], [F|6]]</td>
<td></td>
<td>0</td>
<td>storm.starter.tools.RankingsTest@d992b2</td></tr>
<tr>
<td title='storm.starter.tools.RankingsTest.copyShouldReturnDefensiveCopy()'><b>copyShouldReturnDefensiveCopy</b><br>Test class: storm.starter.tools.RankingsTest<br>Parameters: 1, [], [[A|1]]</td>
<td></td>
<td>0</td>
<td>storm.starter.tools.RankingsTest@d992b2</td></tr>
<tr>
<td title='storm.starter.tools.RankingsTest.copyShouldReturnDefensiveCopy()'><b>copyShouldReturnDefensiveCopy</b><br>Test class: storm.starter.tools.RankingsTest<br>Parameters: 1, [[A|1]], [[B|2]]</td>
<td></td>
<td>0</td>
<td>storm.starter.tools.RankingsTest@d992b2</td></tr>
<tr>
<td title='storm.starter.tools.RankingsTest.copyShouldReturnDefensiveCopy()'><b>copyShouldReturnDefensiveCopy</b><br>Test class: storm.starter.tools.RankingsTest<br>Parameters: 1, [[ZERO_COUNT|0]], [[B|2]]</td>
<td></td>
<td>0</td>
<td>storm.starter.tools.RankingsTest@d992b2</td></tr>
<tr>
<td title='storm.starter.tools.RankingsTest.copyShouldReturnDefensiveCopy()'><b>copyShouldReturnDefensiveCopy</b><br>Test class: storm.starter.tools.RankingsTest<br>Parameters: 1, [[ZERO_COUNT|0]], []</td>
<td></td>
<td>0</td>
<td>storm.starter.tools.RankingsTest@d992b2</td></tr>
<tr>
<td title='storm.starter.tools.RankingsTest.defaultConstructorShouldSetPositiveTopN()'><b>defaultConstructorShouldSetPositiveTopN</b><br>Test class: storm.starter.tools.RankingsTest</td>
<td></td>
<td>0</td>
<td>storm.starter.tools.RankingsTest@d992b2</td></tr>
<tr>
<td title='storm.starter.tools.RankableObjectWithFieldsTest.fieldsShouldBeImmutable()'><b>fieldsShouldBeImmutable</b><br>Test class: storm.starter.tools.RankableObjectWithFieldsTest</td>
<td><div><pre>java.lang.UnsupportedOperationException
	at com.google.common.collect.ImmutableList.remove(ImmutableList.java:479)
	at storm.starter.tools.RankableObjectWithFieldsTest.fieldsShouldBeImmutable(RankableObjectWithFieldsTest.java:191)
... Removed 34 stack frames</pre></div><a href='#' onClick='toggleBox("stack-trace11005130", this, "Click to show all stack frames", "Click to hide stack frames")'>Click to show all stack frames</a>
<div class='stack-trace' id='stack-trace11005130'><pre>java.lang.UnsupportedOperationException
	at com.google.common.collect.ImmutableList.remove(ImmutableList.java:479)
	at storm.starter.tools.RankableObjectWithFieldsTest.fieldsShouldBeImmutable(RankableObjectWithFieldsTest.java:191)
	at sun.reflect.NativeMethodAccessorImpl.invoke0(Native Method)
	at sun.reflect.NativeMethodAccessorImpl.invoke(NativeMethodAccessorImpl.java:62)
	at sun.reflect.DelegatingMethodAccessorImpl.invoke(DelegatingMethodAccessorImpl.java:43)
	at java.lang.reflect.Method.invoke(Method.java:498)
	at org.testng.internal.MethodInvocationHelper.invokeMethod(MethodInvocationHelper.java:84)
	at org.testng.internal.Invoker.invokeMethod(Invoker.java:714)
	at org.testng.internal.Invoker.invokeTestMethod(Invoker.java:901)
	at org.testng.internal.Invoker.invokeTestMethods(Invoker.java:1231)
	at org.testng.internal.TestMethodWorker.invokeTestMethods(TestMethodWorker.java:127)
	at org.testng.internal.TestMethodWorker.run(TestMethodWorker.java:111)
	at org.testng.TestRunner.privateRun(TestRunner.java:767)
	at org.testng.TestRunner.run(TestRunner.java:617)
	at org.testng.SuiteRunner.runTest(SuiteRunner.java:334)
	at org.testng.SuiteRunner.runSequentially(SuiteRunner.java:329)
	at org.testng.SuiteRunner.privateRun(SuiteRunner.java:291)
	at org.testng.SuiteRunner.run(SuiteRunner.java:240)
	at org.testng.SuiteRunnerWorker.runSuite(SuiteRunnerWorker.java:52)
	at org.testng.SuiteRunnerWorker.run(SuiteRunnerWorker.java:86)
	at org.testng.TestNG.runSuitesSequentially(TestNG.java:1224)
	at org.testng.TestNG.runSuitesLocally(TestNG.java:1149)
	at org.testng.TestNG.run(TestNG.java:1057)
	at org.apache.maven.surefire.testng.TestNGExecutor.run(TestNGExecutor.java:77)
	at org.apache.maven.surefire.testng.TestNGDirectoryTestSuite.executeMulti(TestNGDirectoryTestSuite.java:159)
	at org.apache.maven.surefire.testng.TestNGDirectoryTestSuite.execute(TestNGDirectoryTestSuite.java:99)
	at org.apache.maven.surefire.testng.TestNGProvider.invoke(TestNGProvider.java:106)
	at sun.reflect.NativeMethodAccessorImpl.invoke0(Native Method)
	at sun.reflect.NativeMethodAccessorImpl.invoke(NativeMethodAccessorImpl.java:62)
	at sun.reflect.DelegatingMethodAccessorImpl.invoke(DelegatingMethodAccessorImpl.java:43)
	at java.lang.reflect.Method.invoke(Method.java:498)
	at org.apache.maven.surefire.util.ReflectionUtils.invokeMethodWithArray(ReflectionUtils.java:189)
	at org.apache.maven.surefire.booter.ProviderFactory$ProviderProxy.invoke(ProviderFactory.java:165)
	at org.apache.maven.surefire.booter.ProviderFactory.invokeProvider(ProviderFactory.java:85)
	at org.apache.maven.surefire.booter.ForkedBooter.runSuitesInProcess(ForkedBooter.java:115)
	at org.apache.maven.surefire.booter.ForkedBooter.main(ForkedBooter.java:75)
</pre></div></td>
<td>0</td>
<td>storm.starter.tools.RankableObjectWithFieldsTest@10399e</td></tr>
<tr>
<td title='storm.starter.tools.SlidingWindowCounterTest.lessThanTwoSlotsShouldThrowIAE()'><b>lessThanTwoSlotsShouldThrowIAE</b><br>Test class: storm.starter.tools.SlidingWindowCounterTest<br>Parameters: -10</td>
<td><div><pre>java.lang.IllegalArgumentException: Window length in slots must be at least two (you requested -10)
	at storm.starter.tools.SlidingWindowCounter.&lt;init&gt;(SlidingWindowCounter.java:62)
	at storm.starter.tools.SlidingWindowCounterTest.lessThanTwoSlotsShouldThrowIAE(SlidingWindowCounterTest.java:22)
... Removed 34 stack frames</pre></div><a href='#' onClick='toggleBox("stack-trace13887330", this, "Click to show all stack frames", "Click to hide stack frames")'>Click to show all stack frames</a>
<div class='stack-trace' id='stack-trace13887330'><pre>java.lang.IllegalArgumentException: Window length in slots must be at least two (you requested -10)
	at storm.starter.tools.SlidingWindowCounter.&lt;init&gt;(SlidingWindowCounter.java:62)
	at storm.starter.tools.SlidingWindowCounterTest.lessThanTwoSlotsShouldThrowIAE(SlidingWindowCounterTest.java:22)
	at sun.reflect.NativeMethodAccessorImpl.invoke0(Native Method)
	at sun.reflect.NativeMethodAccessorImpl.invoke(NativeMethodAccessorImpl.java:62)
	at sun.reflect.DelegatingMethodAccessorImpl.invoke(DelegatingMethodAccessorImpl.java:43)
	at java.lang.reflect.Method.invoke(Method.java:498)
	at org.testng.internal.MethodInvocationHelper.invokeMethod(MethodInvocationHelper.java:84)
	at org.testng.internal.Invoker.invokeMethod(Invoker.java:714)
	at org.testng.internal.Invoker.invokeTestMethod(Invoker.java:901)
	at org.testng.internal.Invoker.invokeTestMethods(Invoker.java:1231)
	at org.testng.internal.TestMethodWorker.invokeTestMethods(TestMethodWorker.java:127)
	at org.testng.internal.TestMethodWorker.run(TestMethodWorker.java:111)
	at org.testng.TestRunner.privateRun(TestRunner.java:767)
	at org.testng.TestRunner.run(TestRunner.java:617)
	at org.testng.SuiteRunner.runTest(SuiteRunner.java:334)
	at org.testng.SuiteRunner.runSequentially(SuiteRunner.java:329)
	at org.testng.SuiteRunner.privateRun(SuiteRunner.java:291)
	at org.testng.SuiteRunner.run(SuiteRunner.java:240)
	at org.testng.SuiteRunnerWorker.runSuite(SuiteRunnerWorker.java:52)
	at org.testng.SuiteRunnerWorker.run(SuiteRunnerWorker.java:86)
	at org.testng.TestNG.runSuitesSequentially(TestNG.java:1224)
	at org.testng.TestNG.runSuitesLocally(TestNG.java:1149)
	at org.testng.TestNG.run(TestNG.java:1057)
	at org.apache.maven.surefire.testng.TestNGExecutor.run(TestNGExecutor.java:77)
	at org.apache.maven.surefire.testng.TestNGDirectoryTestSuite.executeMulti(TestNGDirectoryTestSuite.java:159)
	at org.apache.maven.surefire.testng.TestNGDirectoryTestSuite.execute(TestNGDirectoryTestSuite.java:99)
	at org.apache.maven.surefire.testng.TestNGProvider.invoke(TestNGProvider.java:106)
	at sun.reflect.NativeMethodAccessorImpl.invoke0(Native Method)
	at sun.reflect.NativeMethodAccessorImpl.invoke(NativeMethodAccessorImpl.java:62)
	at sun.reflect.DelegatingMethodAccessorImpl.invoke(DelegatingMethodAccessorImpl.java:43)
	at java.lang.reflect.Method.invoke(Method.java:498)
	at org.apache.maven.surefire.util.ReflectionUtils.invokeMethodWithArray(ReflectionUtils.java:189)
	at org.apache.maven.surefire.booter.ProviderFactory$ProviderProxy.invoke(ProviderFactory.java:165)
	at org.apache.maven.surefire.booter.ProviderFactory.invokeProvider(ProviderFactory.java:85)
	at org.apache.maven.surefire.booter.ForkedBooter.runSuitesInProcess(ForkedBooter.java:115)
	at org.apache.maven.surefire.booter.ForkedBooter.main(ForkedBooter.java:75)
</pre></div></td>
<td>0</td>
<td>storm.starter.tools.SlidingWindowCounterTest@c7a4e4</td></tr>
<tr>
<td title='storm.starter.tools.SlidingWindowCounterTest.lessThanTwoSlotsShouldThrowIAE()'><b>lessThanTwoSlotsShouldThrowIAE</b><br>Test class: storm.starter.tools.SlidingWindowCounterTest<br>Parameters: -3</td>
<td><div><pre>java.lang.IllegalArgumentException: Window length in slots must be at least two (you requested -3)
	at storm.starter.tools.SlidingWindowCounter.&lt;init&gt;(SlidingWindowCounter.java:62)
	at storm.starter.tools.SlidingWindowCounterTest.lessThanTwoSlotsShouldThrowIAE(SlidingWindowCounterTest.java:22)
... Removed 34 stack frames</pre></div><a href='#' onClick='toggleBox("stack-trace27337186", this, "Click to show all stack frames", "Click to hide stack frames")'>Click to show all stack frames</a>
<div class='stack-trace' id='stack-trace27337186'><pre>java.lang.IllegalArgumentException: Window length in slots must be at least two (you requested -3)
	at storm.starter.tools.SlidingWindowCounter.&lt;init&gt;(SlidingWindowCounter.java:62)
	at storm.starter.tools.SlidingWindowCounterTest.lessThanTwoSlotsShouldThrowIAE(SlidingWindowCounterTest.java:22)
	at sun.reflect.NativeMethodAccessorImpl.invoke0(Native Method)
	at sun.reflect.NativeMethodAccessorImpl.invoke(NativeMethodAccessorImpl.java:62)
	at sun.reflect.DelegatingMethodAccessorImpl.invoke(DelegatingMethodAccessorImpl.java:43)
	at java.lang.reflect.Method.invoke(Method.java:498)
	at org.testng.internal.MethodInvocationHelper.invokeMethod(MethodInvocationHelper.java:84)
	at org.testng.internal.Invoker.invokeMethod(Invoker.java:714)
	at org.testng.internal.Invoker.invokeTestMethod(Invoker.java:901)
	at org.testng.internal.Invoker.invokeTestMethods(Invoker.java:1231)
	at org.testng.internal.TestMethodWorker.invokeTestMethods(TestMethodWorker.java:127)
	at org.testng.internal.TestMethodWorker.run(TestMethodWorker.java:111)
	at org.testng.TestRunner.privateRun(TestRunner.java:767)
	at org.testng.TestRunner.run(TestRunner.java:617)
	at org.testng.SuiteRunner.runTest(SuiteRunner.java:334)
	at org.testng.SuiteRunner.runSequentially(SuiteRunner.java:329)
	at org.testng.SuiteRunner.privateRun(SuiteRunner.java:291)
	at org.testng.SuiteRunner.run(SuiteRunner.java:240)
	at org.testng.SuiteRunnerWorker.runSuite(SuiteRunnerWorker.java:52)
	at org.testng.SuiteRunnerWorker.run(SuiteRunnerWorker.java:86)
	at org.testng.TestNG.runSuitesSequentially(TestNG.java:1224)
	at org.testng.TestNG.runSuitesLocally(TestNG.java:1149)
	at org.testng.TestNG.run(TestNG.java:1057)
	at org.apache.maven.surefire.testng.TestNGExecutor.run(TestNGExecutor.java:77)
	at org.apache.maven.surefire.testng.TestNGDirectoryTestSuite.executeMulti(TestNGDirectoryTestSuite.java:159)
	at org.apache.maven.surefire.testng.TestNGDirectoryTestSuite.execute(TestNGDirectoryTestSuite.java:99)
	at org.apache.maven.surefire.testng.TestNGProvider.invoke(TestNGProvider.java:106)
	at sun.reflect.NativeMethodAccessorImpl.invoke0(Native Method)
	at sun.reflect.NativeMethodAccessorImpl.invoke(NativeMethodAccessorImpl.java:62)
	at sun.reflect.DelegatingMethodAccessorImpl.invoke(DelegatingMethodAccessorImpl.java:43)
	at java.lang.reflect.Method.invoke(Method.java:498)
	at org.apache.maven.surefire.util.ReflectionUtils.invokeMethodWithArray(ReflectionUtils.java:189)
	at org.apache.maven.surefire.booter.ProviderFactory$ProviderProxy.invoke(ProviderFactory.java:165)
	at org.apache.maven.surefire.booter.ProviderFactory.invokeProvider(ProviderFactory.java:85)
	at org.apache.maven.surefire.booter.ForkedBooter.runSuitesInProcess(ForkedBooter.java:115)
	at org.apache.maven.surefire.booter.ForkedBooter.main(ForkedBooter.java:75)
</pre></div></td>
<td>0</td>
<td>storm.starter.tools.SlidingWindowCounterTest@c7a4e4</td></tr>
<tr>
<td title='storm.starter.tools.SlidingWindowCounterTest.lessThanTwoSlotsShouldThrowIAE()'><b>lessThanTwoSlotsShouldThrowIAE</b><br>Test class: storm.starter.tools.SlidingWindowCounterTest<br>Parameters: -2</td>
<td><div><pre>java.lang.IllegalArgumentException: Window length in slots must be at least two (you requested -2)
	at storm.starter.tools.SlidingWindowCounter.&lt;init&gt;(SlidingWindowCounter.java:62)
	at storm.starter.tools.SlidingWindowCounterTest.lessThanTwoSlotsShouldThrowIAE(SlidingWindowCounterTest.java:22)
... Removed 34 stack frames</pre></div><a href='#' onClick='toggleBox("stack-trace11309064", this, "Click to show all stack frames", "Click to hide stack frames")'>Click to show all stack frames</a>
<div class='stack-trace' id='stack-trace11309064'><pre>java.lang.IllegalArgumentException: Window length in slots must be at least two (you requested -2)
	at storm.starter.tools.SlidingWindowCounter.&lt;init&gt;(SlidingWindowCounter.java:62)
	at storm.starter.tools.SlidingWindowCounterTest.lessThanTwoSlotsShouldThrowIAE(SlidingWindowCounterTest.java:22)
	at sun.reflect.NativeMethodAccessorImpl.invoke0(Native Method)
	at sun.reflect.NativeMethodAccessorImpl.invoke(NativeMethodAccessorImpl.java:62)
	at sun.reflect.DelegatingMethodAccessorImpl.invoke(DelegatingMethodAccessorImpl.java:43)
	at java.lang.reflect.Method.invoke(Method.java:498)
	at org.testng.internal.MethodInvocationHelper.invokeMethod(MethodInvocationHelper.java:84)
	at org.testng.internal.Invoker.invokeMethod(Invoker.java:714)
	at org.testng.internal.Invoker.invokeTestMethod(Invoker.java:901)
	at org.testng.internal.Invoker.invokeTestMethods(Invoker.java:1231)
	at org.testng.internal.TestMethodWorker.invokeTestMethods(TestMethodWorker.java:127)
	at org.testng.internal.TestMethodWorker.run(TestMethodWorker.java:111)
	at org.testng.TestRunner.privateRun(TestRunner.java:767)
	at org.testng.TestRunner.run(TestRunner.java:617)
	at org.testng.SuiteRunner.runTest(SuiteRunner.java:334)
	at org.testng.SuiteRunner.runSequentially(SuiteRunner.java:329)
	at org.testng.SuiteRunner.privateRun(SuiteRunner.java:291)
	at org.testng.SuiteRunner.run(SuiteRunner.java:240)
	at org.testng.SuiteRunnerWorker.runSuite(SuiteRunnerWorker.java:52)
	at org.testng.SuiteRunnerWorker.run(SuiteRunnerWorker.java:86)
	at org.testng.TestNG.runSuitesSequentially(TestNG.java:1224)
	at org.testng.TestNG.runSuitesLocally(TestNG.java:1149)
	at org.testng.TestNG.run(TestNG.java:1057)
	at org.apache.maven.surefire.testng.TestNGExecutor.run(TestNGExecutor.java:77)
	at org.apache.maven.surefire.testng.TestNGDirectoryTestSuite.executeMulti(TestNGDirectoryTestSuite.java:159)
	at org.apache.maven.surefire.testng.TestNGDirectoryTestSuite.execute(TestNGDirectoryTestSuite.java:99)
	at org.apache.maven.surefire.testng.TestNGProvider.invoke(TestNGProvider.java:106)
	at sun.reflect.NativeMethodAccessorImpl.invoke0(Native Method)
	at sun.reflect.NativeMethodAccessorImpl.invoke(NativeMethodAccessorImpl.java:62)
	at sun.reflect.DelegatingMethodAccessorImpl.invoke(DelegatingMethodAccessorImpl.java:43)
	at java.lang.reflect.Method.invoke(Method.java:498)
	at org.apache.maven.surefire.util.ReflectionUtils.invokeMethodWithArray(ReflectionUtils.java:189)
	at org.apache.maven.surefire.booter.ProviderFactory$ProviderProxy.invoke(ProviderFactory.java:165)
	at org.apache.maven.surefire.booter.ProviderFactory.invokeProvider(ProviderFactory.java:85)
	at org.apache.maven.surefire.booter.ForkedBooter.runSuitesInProcess(ForkedBooter.java:115)
	at org.apache.maven.surefire.booter.ForkedBooter.main(ForkedBooter.java:75)
</pre></div></td>
<td>0</td>
<td>storm.starter.tools.SlidingWindowCounterTest@c7a4e4</td></tr>
<tr>
<td title='storm.starter.tools.SlidingWindowCounterTest.lessThanTwoSlotsShouldThrowIAE()'><b>lessThanTwoSlotsShouldThrowIAE</b><br>Test class: storm.starter.tools.SlidingWindowCounterTest<br>Parameters: -1</td>
<td><div><pre>java.lang.IllegalArgumentException: Window length in slots must be at least two (you requested -1)
	at storm.starter.tools.SlidingWindowCounter.&lt;init&gt;(SlidingWindowCounter.java:62)
	at storm.starter.tools.SlidingWindowCounterTest.lessThanTwoSlotsShouldThrowIAE(SlidingWindowCounterTest.java:22)
... Removed 34 stack frames</pre></div><a href='#' onClick='toggleBox("stack-trace18262729", this, "Click to show all stack frames", "Click to hide stack frames")'>Click to show all stack frames</a>
<div class='stack-trace' id='stack-trace18262729'><pre>java.lang.IllegalArgumentException: Window length in slots must be at least two (you requested -1)
	at storm.starter.tools.SlidingWindowCounter.&lt;init&gt;(SlidingWindowCounter.java:62)
	at storm.starter.tools.SlidingWindowCounterTest.lessThanTwoSlotsShouldThrowIAE(SlidingWindowCounterTest.java:22)
	at sun.reflect.NativeMethodAccessorImpl.invoke0(Native Method)
	at sun.reflect.NativeMethodAccessorImpl.invoke(NativeMethodAccessorImpl.java:62)
	at sun.reflect.DelegatingMethodAccessorImpl.invoke(DelegatingMethodAccessorImpl.java:43)
	at java.lang.reflect.Method.invoke(Method.java:498)
	at org.testng.internal.MethodInvocationHelper.invokeMethod(MethodInvocationHelper.java:84)
	at org.testng.internal.Invoker.invokeMethod(Invoker.java:714)
	at org.testng.internal.Invoker.invokeTestMethod(Invoker.java:901)
	at org.testng.internal.Invoker.invokeTestMethods(Invoker.java:1231)
	at org.testng.internal.TestMethodWorker.invokeTestMethods(TestMethodWorker.java:127)
	at org.testng.internal.TestMethodWorker.run(TestMethodWorker.java:111)
	at org.testng.TestRunner.privateRun(TestRunner.java:767)
	at org.testng.TestRunner.run(TestRunner.java:617)
	at org.testng.SuiteRunner.runTest(SuiteRunner.java:334)
	at org.testng.SuiteRunner.runSequentially(SuiteRunner.java:329)
	at org.testng.SuiteRunner.privateRun(SuiteRunner.java:291)
	at org.testng.SuiteRunner.run(SuiteRunner.java:240)
	at org.testng.SuiteRunnerWorker.runSuite(SuiteRunnerWorker.java:52)
	at org.testng.SuiteRunnerWorker.run(SuiteRunnerWorker.java:86)
	at org.testng.TestNG.runSuitesSequentially(TestNG.java:1224)
	at org.testng.TestNG.runSuitesLocally(TestNG.java:1149)
	at org.testng.TestNG.run(TestNG.java:1057)
	at org.apache.maven.surefire.testng.TestNGExecutor.run(TestNGExecutor.java:77)
	at org.apache.maven.surefire.testng.TestNGDirectoryTestSuite.executeMulti(TestNGDirectoryTestSuite.java:159)
	at org.apache.maven.surefire.testng.TestNGDirectoryTestSuite.execute(TestNGDirectoryTestSuite.java:99)
	at org.apache.maven.surefire.testng.TestNGProvider.invoke(TestNGProvider.java:106)
	at sun.reflect.NativeMethodAccessorImpl.invoke0(Native Method)
	at sun.reflect.NativeMethodAccessorImpl.invoke(NativeMethodAccessorImpl.java:62)
	at sun.reflect.DelegatingMethodAccessorImpl.invoke(DelegatingMethodAccessorImpl.java:43)
	at java.lang.reflect.Method.invoke(Method.java:498)
	at org.apache.maven.surefire.util.ReflectionUtils.invokeMethodWithArray(ReflectionUtils.java:189)
	at org.apache.maven.surefire.booter.ProviderFactory$ProviderProxy.invoke(ProviderFactory.java:165)
	at org.apache.maven.surefire.booter.ProviderFactory.invokeProvider(ProviderFactory.java:85)
	at org.apache.maven.surefire.booter.ForkedBooter.runSuitesInProcess(ForkedBooter.java:115)
	at org.apache.maven.surefire.booter.ForkedBooter.main(ForkedBooter.java:75)
</pre></div></td>
<td>0</td>
<td>storm.starter.tools.SlidingWindowCounterTest@c7a4e4</td></tr>
<tr>
<td title='storm.starter.tools.SlidingWindowCounterTest.lessThanTwoSlotsShouldThrowIAE()'><b>lessThanTwoSlotsShouldThrowIAE</b><br>Test class: storm.starter.tools.SlidingWindowCounterTest<br>Parameters: 0</td>
<td><div><pre>java.lang.IllegalArgumentException: Window length in slots must be at least two (you requested 0)
	at storm.starter.tools.SlidingWindowCounter.&lt;init&gt;(SlidingWindowCounter.java:62)
	at storm.starter.tools.SlidingWindowCounterTest.lessThanTwoSlotsShouldThrowIAE(SlidingWindowCounterTest.java:22)
... Removed 34 stack frames</pre></div><a href='#' onClick='toggleBox("stack-trace14531966", this, "Click to show all stack frames", "Click to hide stack frames")'>Click to show all stack frames</a>
<div class='stack-trace' id='stack-trace14531966'><pre>java.lang.IllegalArgumentException: Window length in slots must be at least two (you requested 0)
	at storm.starter.tools.SlidingWindowCounter.&lt;init&gt;(SlidingWindowCounter.java:62)
	at storm.starter.tools.SlidingWindowCounterTest.lessThanTwoSlotsShouldThrowIAE(SlidingWindowCounterTest.java:22)
	at sun.reflect.NativeMethodAccessorImpl.invoke0(Native Method)
	at sun.reflect.NativeMethodAccessorImpl.invoke(NativeMethodAccessorImpl.java:62)
	at sun.reflect.DelegatingMethodAccessorImpl.invoke(DelegatingMethodAccessorImpl.java:43)
	at java.lang.reflect.Method.invoke(Method.java:498)
	at org.testng.internal.MethodInvocationHelper.invokeMethod(MethodInvocationHelper.java:84)
	at org.testng.internal.Invoker.invokeMethod(Invoker.java:714)
	at org.testng.internal.Invoker.invokeTestMethod(Invoker.java:901)
	at org.testng.internal.Invoker.invokeTestMethods(Invoker.java:1231)
	at org.testng.internal.TestMethodWorker.invokeTestMethods(TestMethodWorker.java:127)
	at org.testng.internal.TestMethodWorker.run(TestMethodWorker.java:111)
	at org.testng.TestRunner.privateRun(TestRunner.java:767)
	at org.testng.TestRunner.run(TestRunner.java:617)
	at org.testng.SuiteRunner.runTest(SuiteRunner.java:334)
	at org.testng.SuiteRunner.runSequentially(SuiteRunner.java:329)
	at org.testng.SuiteRunner.privateRun(SuiteRunner.java:291)
	at org.testng.SuiteRunner.run(SuiteRunner.java:240)
	at org.testng.SuiteRunnerWorker.runSuite(SuiteRunnerWorker.java:52)
	at org.testng.SuiteRunnerWorker.run(SuiteRunnerWorker.java:86)
	at org.testng.TestNG.runSuitesSequentially(TestNG.java:1224)
	at org.testng.TestNG.runSuitesLocally(TestNG.java:1149)
	at org.testng.TestNG.run(TestNG.java:1057)
	at org.apache.maven.surefire.testng.TestNGExecutor.run(TestNGExecutor.java:77)
	at org.apache.maven.surefire.testng.TestNGDirectoryTestSuite.executeMulti(TestNGDirectoryTestSuite.java:159)
	at org.apache.maven.surefire.testng.TestNGDirectoryTestSuite.execute(TestNGDirectoryTestSuite.java:99)
	at org.apache.maven.surefire.testng.TestNGProvider.invoke(TestNGProvider.java:106)
	at sun.reflect.NativeMethodAccessorImpl.invoke0(Native Method)
	at sun.reflect.NativeMethodAccessorImpl.invoke(NativeMethodAccessorImpl.java:62)
	at sun.reflect.DelegatingMethodAccessorImpl.invoke(DelegatingMethodAccessorImpl.java:43)
	at java.lang.reflect.Method.invoke(Method.java:498)
	at org.apache.maven.surefire.util.ReflectionUtils.invokeMethodWithArray(ReflectionUtils.java:189)
	at org.apache.maven.surefire.booter.ProviderFactory$ProviderProxy.invoke(ProviderFactory.java:165)
	at org.apache.maven.surefire.booter.ProviderFactory.invokeProvider(ProviderFactory.java:85)
	at org.apache.maven.surefire.booter.ForkedBooter.runSuitesInProcess(ForkedBooter.java:115)
	at org.apache.maven.surefire.booter.ForkedBooter.main(ForkedBooter.java:75)
</pre></div></td>
<td>0</td>
<td>storm.starter.tools.SlidingWindowCounterTest@c7a4e4</td></tr>
<tr>
<td title='storm.starter.tools.SlidingWindowCounterTest.lessThanTwoSlotsShouldThrowIAE()'><b>lessThanTwoSlotsShouldThrowIAE</b><br>Test class: storm.starter.tools.SlidingWindowCounterTest<br>Parameters: 1</td>
<td><div><pre>java.lang.IllegalArgumentException: Window length in slots must be at least two (you requested 1)
	at storm.starter.tools.SlidingWindowCounter.&lt;init&gt;(SlidingWindowCounter.java:62)
	at storm.starter.tools.SlidingWindowCounterTest.lessThanTwoSlotsShouldThrowIAE(SlidingWindowCounterTest.java:22)
... Removed 34 stack frames</pre></div><a href='#' onClick='toggleBox("stack-trace15019766", this, "Click to show all stack frames", "Click to hide stack frames")'>Click to show all stack frames</a>
<div class='stack-trace' id='stack-trace15019766'><pre>java.lang.IllegalArgumentException: Window length in slots must be at least two (you requested 1)
	at storm.starter.tools.SlidingWindowCounter.&lt;init&gt;(SlidingWindowCounter.java:62)
	at storm.starter.tools.SlidingWindowCounterTest.lessThanTwoSlotsShouldThrowIAE(SlidingWindowCounterTest.java:22)
	at sun.reflect.NativeMethodAccessorImpl.invoke0(Native Method)
	at sun.reflect.NativeMethodAccessorImpl.invoke(NativeMethodAccessorImpl.java:62)
	at sun.reflect.DelegatingMethodAccessorImpl.invoke(DelegatingMethodAccessorImpl.java:43)
	at java.lang.reflect.Method.invoke(Method.java:498)
	at org.testng.internal.MethodInvocationHelper.invokeMethod(MethodInvocationHelper.java:84)
	at org.testng.internal.Invoker.invokeMethod(Invoker.java:714)
	at org.testng.internal.Invoker.invokeTestMethod(Invoker.java:901)
	at org.testng.internal.Invoker.invokeTestMethods(Invoker.java:1231)
	at org.testng.internal.TestMethodWorker.invokeTestMethods(TestMethodWorker.java:127)
	at org.testng.internal.TestMethodWorker.run(TestMethodWorker.java:111)
	at org.testng.TestRunner.privateRun(TestRunner.java:767)
	at org.testng.TestRunner.run(TestRunner.java:617)
	at org.testng.SuiteRunner.runTest(SuiteRunner.java:334)
	at org.testng.SuiteRunner.runSequentially(SuiteRunner.java:329)
	at org.testng.SuiteRunner.privateRun(SuiteRunner.java:291)
	at org.testng.SuiteRunner.run(SuiteRunner.java:240)
	at org.testng.SuiteRunnerWorker.runSuite(SuiteRunnerWorker.java:52)
	at org.testng.SuiteRunnerWorker.run(SuiteRunnerWorker.java:86)
	at org.testng.TestNG.runSuitesSequentially(TestNG.java:1224)
	at org.testng.TestNG.runSuitesLocally(TestNG.java:1149)
	at org.testng.TestNG.run(TestNG.java:1057)
	at org.apache.maven.surefire.testng.TestNGExecutor.run(TestNGExecutor.java:77)
	at org.apache.maven.surefire.testng.TestNGDirectoryTestSuite.executeMulti(TestNGDirectoryTestSuite.java:159)
	at org.apache.maven.surefire.testng.TestNGDirectoryTestSuite.execute(TestNGDirectoryTestSuite.java:99)
	at org.apache.maven.surefire.testng.TestNGProvider.invoke(TestNGProvider.java:106)
	at sun.reflect.NativeMethodAccessorImpl.invoke0(Native Method)
	at sun.reflect.NativeMethodAccessorImpl.invoke(NativeMethodAccessorImpl.java:62)
	at sun.reflect.DelegatingMethodAccessorImpl.invoke(DelegatingMethodAccessorImpl.java:43)
	at java.lang.reflect.Method.invoke(Method.java:498)
	at org.apache.maven.surefire.util.ReflectionUtils.invokeMethodWithArray(ReflectionUtils.java:189)
	at org.apache.maven.surefire.booter.ProviderFactory$ProviderProxy.invoke(ProviderFactory.java:165)
	at org.apache.maven.surefire.booter.ProviderFactory.invokeProvider(ProviderFactory.java:85)
	at org.apache.maven.surefire.booter.ForkedBooter.runSuitesInProcess(ForkedBooter.java:115)
	at org.apache.maven.surefire.booter.ForkedBooter.main(ForkedBooter.java:75)
</pre></div></td>
<td>0</td>
<td>storm.starter.tools.SlidingWindowCounterTest@c7a4e4</td></tr>
<tr>
<td title='storm.starter.bolt.IntermediateRankingsBoltTest.negativeOrZeroEmitFrequencyShouldThrowIAE()'><b>negativeOrZeroEmitFrequencyShouldThrowIAE</b><br>Test class: storm.starter.bolt.IntermediateRankingsBoltTest<br>Parameters: -10</td>
<td><div><pre>java.lang.IllegalArgumentException: The emit frequency must be &gt;= 1 seconds (you requested -10 seconds)
	at storm.starter.bolt.AbstractRankerBolt.&lt;init&gt;(AbstractRankerBolt.java:47)
	at storm.starter.bolt.IntermediateRankingsBolt.&lt;init&gt;(IntermediateRankingsBolt.java:28)
	at storm.starter.bolt.IntermediateRankingsBoltTest.negativeOrZeroEmitFrequencyShouldThrowIAE(IntermediateRankingsBoltTest.java:51)
... Removed 34 stack frames</pre></div><a href='#' onClick='toggleBox("stack-trace9148172", this, "Click to show all stack frames", "Click to hide stack frames")'>Click to show all stack frames</a>
<div class='stack-trace' id='stack-trace9148172'><pre>java.lang.IllegalArgumentException: The emit frequency must be &gt;= 1 seconds (you requested -10 seconds)
	at storm.starter.bolt.AbstractRankerBolt.&lt;init&gt;(AbstractRankerBolt.java:47)
	at storm.starter.bolt.IntermediateRankingsBolt.&lt;init&gt;(IntermediateRankingsBolt.java:28)
	at storm.starter.bolt.IntermediateRankingsBoltTest.negativeOrZeroEmitFrequencyShouldThrowIAE(IntermediateRankingsBoltTest.java:51)
	at sun.reflect.NativeMethodAccessorImpl.invoke0(Native Method)
	at sun.reflect.NativeMethodAccessorImpl.invoke(NativeMethodAccessorImpl.java:62)
	at sun.reflect.DelegatingMethodAccessorImpl.invoke(DelegatingMethodAccessorImpl.java:43)
	at java.lang.reflect.Method.invoke(Method.java:498)
	at org.testng.internal.MethodInvocationHelper.invokeMethod(MethodInvocationHelper.java:84)
	at org.testng.internal.Invoker.invokeMethod(Invoker.java:714)
	at org.testng.internal.Invoker.invokeTestMethod(Invoker.java:901)
	at org.testng.internal.Invoker.invokeTestMethods(Invoker.java:1231)
	at org.testng.internal.TestMethodWorker.invokeTestMethods(TestMethodWorker.java:127)
	at org.testng.internal.TestMethodWorker.run(TestMethodWorker.java:111)
	at org.testng.TestRunner.privateRun(TestRunner.java:767)
	at org.testng.TestRunner.run(TestRunner.java:617)
	at org.testng.SuiteRunner.runTest(SuiteRunner.java:334)
	at org.testng.SuiteRunner.runSequentially(SuiteRunner.java:329)
	at org.testng.SuiteRunner.privateRun(SuiteRunner.java:291)
	at org.testng.SuiteRunner.run(SuiteRunner.java:240)
	at org.testng.SuiteRunnerWorker.runSuite(SuiteRunnerWorker.java:52)
	at org.testng.SuiteRunnerWorker.run(SuiteRunnerWorker.java:86)
	at org.testng.TestNG.runSuitesSequentially(TestNG.java:1224)
	at org.testng.TestNG.runSuitesLocally(TestNG.java:1149)
	at org.testng.TestNG.run(TestNG.java:1057)
	at org.apache.maven.surefire.testng.TestNGExecutor.run(TestNGExecutor.java:77)
	at org.apache.maven.surefire.testng.TestNGDirectoryTestSuite.executeMulti(TestNGDirectoryTestSuite.java:159)
	at org.apache.maven.surefire.testng.TestNGDirectoryTestSuite.execute(TestNGDirectoryTestSuite.java:99)
	at org.apache.maven.surefire.testng.TestNGProvider.invoke(TestNGProvider.java:106)
	at sun.reflect.NativeMethodAccessorImpl.invoke0(Native Method)
	at sun.reflect.NativeMethodAccessorImpl.invoke(NativeMethodAccessorImpl.java:62)
	at sun.reflect.DelegatingMethodAccessorImpl.invoke(DelegatingMethodAccessorImpl.java:43)
	at java.lang.reflect.Method.invoke(Method.java:498)
	at org.apache.maven.surefire.util.ReflectionUtils.invokeMethodWithArray(ReflectionUtils.java:189)
	at org.apache.maven.surefire.booter.ProviderFactory$ProviderProxy.invoke(ProviderFactory.java:165)
	at org.apache.maven.surefire.booter.ProviderFactory.invokeProvider(ProviderFactory.java:85)
	at org.apache.maven.surefire.booter.ForkedBooter.runSuitesInProcess(ForkedBooter.java:115)
	at org.apache.maven.surefire.booter.ForkedBooter.main(ForkedBooter.java:75)
</pre></div></td>
<td>0</td>
<td>storm.starter.bolt.IntermediateRankingsBoltTest@178f375</td></tr>
<tr>
<td title='storm.starter.bolt.IntermediateRankingsBoltTest.negativeOrZeroEmitFrequencyShouldThrowIAE()'><b>negativeOrZeroEmitFrequencyShouldThrowIAE</b><br>Test class: storm.starter.bolt.IntermediateRankingsBoltTest<br>Parameters: -3</td>
<td><div><pre>java.lang.IllegalArgumentException: The emit frequency must be &gt;= 1 seconds (you requested -3 seconds)
	at storm.starter.bolt.AbstractRankerBolt.&lt;init&gt;(AbstractRankerBolt.java:47)
	at storm.starter.bolt.IntermediateRankingsBolt.&lt;init&gt;(IntermediateRankingsBolt.java:28)
	at storm.starter.bolt.IntermediateRankingsBoltTest.negativeOrZeroEmitFrequencyShouldThrowIAE(IntermediateRankingsBoltTest.java:51)
... Removed 34 stack frames</pre></div><a href='#' onClick='toggleBox("stack-trace4211148", this, "Click to show all stack frames", "Click to hide stack frames")'>Click to show all stack frames</a>
<div class='stack-trace' id='stack-trace4211148'><pre>java.lang.IllegalArgumentException: The emit frequency must be &gt;= 1 seconds (you requested -3 seconds)
	at storm.starter.bolt.AbstractRankerBolt.&lt;init&gt;(AbstractRankerBolt.java:47)
	at storm.starter.bolt.IntermediateRankingsBolt.&lt;init&gt;(IntermediateRankingsBolt.java:28)
	at storm.starter.bolt.IntermediateRankingsBoltTest.negativeOrZeroEmitFrequencyShouldThrowIAE(IntermediateRankingsBoltTest.java:51)
	at sun.reflect.NativeMethodAccessorImpl.invoke0(Native Method)
	at sun.reflect.NativeMethodAccessorImpl.invoke(NativeMethodAccessorImpl.java:62)
	at sun.reflect.DelegatingMethodAccessorImpl.invoke(DelegatingMethodAccessorImpl.java:43)
	at java.lang.reflect.Method.invoke(Method.java:498)
	at org.testng.internal.MethodInvocationHelper.invokeMethod(MethodInvocationHelper.java:84)
	at org.testng.internal.Invoker.invokeMethod(Invoker.java:714)
	at org.testng.internal.Invoker.invokeTestMethod(Invoker.java:901)
	at org.testng.internal.Invoker.invokeTestMethods(Invoker.java:1231)
	at org.testng.internal.TestMethodWorker.invokeTestMethods(TestMethodWorker.java:127)
	at org.testng.internal.TestMethodWorker.run(TestMethodWorker.java:111)
	at org.testng.TestRunner.privateRun(TestRunner.java:767)
	at org.testng.TestRunner.run(TestRunner.java:617)
	at org.testng.SuiteRunner.runTest(SuiteRunner.java:334)
	at org.testng.SuiteRunner.runSequentially(SuiteRunner.java:329)
	at org.testng.SuiteRunner.privateRun(SuiteRunner.java:291)
	at org.testng.SuiteRunner.run(SuiteRunner.java:240)
	at org.testng.SuiteRunnerWorker.runSuite(SuiteRunnerWorker.java:52)
	at org.testng.SuiteRunnerWorker.run(SuiteRunnerWorker.java:86)
	at org.testng.TestNG.runSuitesSequentially(TestNG.java:1224)
	at org.testng.TestNG.runSuitesLocally(TestNG.java:1149)
	at org.testng.TestNG.run(TestNG.java:1057)
	at org.apache.maven.surefire.testng.TestNGExecutor.run(TestNGExecutor.java:77)
	at org.apache.maven.surefire.testng.TestNGDirectoryTestSuite.executeMulti(TestNGDirectoryTestSuite.java:159)
	at org.apache.maven.surefire.testng.TestNGDirectoryTestSuite.execute(TestNGDirectoryTestSuite.java:99)
	at org.apache.maven.surefire.testng.TestNGProvider.invoke(TestNGProvider.java:106)
	at sun.reflect.NativeMethodAccessorImpl.invoke0(Native Method)
	at sun.reflect.NativeMethodAccessorImpl.invoke(NativeMethodAccessorImpl.java:62)
	at sun.reflect.DelegatingMethodAccessorImpl.invoke(DelegatingMethodAccessorImpl.java:43)
	at java.lang.reflect.Method.invoke(Method.java:498)
	at org.apache.maven.surefire.util.ReflectionUtils.invokeMethodWithArray(ReflectionUtils.java:189)
	at org.apache.maven.surefire.booter.ProviderFactory$ProviderProxy.invoke(ProviderFactory.java:165)
	at org.apache.maven.surefire.booter.ProviderFactory.invokeProvider(ProviderFactory.java:85)
	at org.apache.maven.surefire.booter.ForkedBooter.runSuitesInProcess(ForkedBooter.java:115)
	at org.apache.maven.surefire.booter.ForkedBooter.main(ForkedBooter.java:75)
</pre></div></td>
<td>0</td>
<td>storm.starter.bolt.IntermediateRankingsBoltTest@178f375</td></tr>
<tr>
<td title='storm.starter.bolt.IntermediateRankingsBoltTest.negativeOrZeroEmitFrequencyShouldThrowIAE()'><b>negativeOrZeroEmitFrequencyShouldThrowIAE</b><br>Test class: storm.starter.bolt.IntermediateRankingsBoltTest<br>Parameters: -2</td>
<td><div><pre>java.lang.IllegalArgumentException: The emit frequency must be &gt;= 1 seconds (you requested -2 seconds)
	at storm.starter.bolt.AbstractRankerBolt.&lt;init&gt;(AbstractRankerBolt.java:47)
	at storm.starter.bolt.IntermediateRankingsBolt.&lt;init&gt;(IntermediateRankingsBolt.java:28)
	at storm.starter.bolt.IntermediateRankingsBoltTest.negativeOrZeroEmitFrequencyShouldThrowIAE(IntermediateRankingsBoltTest.java:51)
... Removed 34 stack frames</pre></div><a href='#' onClick='toggleBox("stack-trace22756955", this, "Click to show all stack frames", "Click to hide stack frames")'>Click to show all stack frames</a>
<div class='stack-trace' id='stack-trace22756955'><pre>java.lang.IllegalArgumentException: The emit frequency must be &gt;= 1 seconds (you requested -2 seconds)
	at storm.starter.bolt.AbstractRankerBolt.&lt;init&gt;(AbstractRankerBolt.java:47)
	at storm.starter.bolt.IntermediateRankingsBolt.&lt;init&gt;(IntermediateRankingsBolt.java:28)
	at storm.starter.bolt.IntermediateRankingsBoltTest.negativeOrZeroEmitFrequencyShouldThrowIAE(IntermediateRankingsBoltTest.java:51)
	at sun.reflect.NativeMethodAccessorImpl.invoke0(Native Method)
	at sun.reflect.NativeMethodAccessorImpl.invoke(NativeMethodAccessorImpl.java:62)
	at sun.reflect.DelegatingMethodAccessorImpl.invoke(DelegatingMethodAccessorImpl.java:43)
	at java.lang.reflect.Method.invoke(Method.java:498)
	at org.testng.internal.MethodInvocationHelper.invokeMethod(MethodInvocationHelper.java:84)
	at org.testng.internal.Invoker.invokeMethod(Invoker.java:714)
	at org.testng.internal.Invoker.invokeTestMethod(Invoker.java:901)
	at org.testng.internal.Invoker.invokeTestMethods(Invoker.java:1231)
	at org.testng.internal.TestMethodWorker.invokeTestMethods(TestMethodWorker.java:127)
	at org.testng.internal.TestMethodWorker.run(TestMethodWorker.java:111)
	at org.testng.TestRunner.privateRun(TestRunner.java:767)
	at org.testng.TestRunner.run(TestRunner.java:617)
	at org.testng.SuiteRunner.runTest(SuiteRunner.java:334)
	at org.testng.SuiteRunner.runSequentially(SuiteRunner.java:329)
	at org.testng.SuiteRunner.privateRun(SuiteRunner.java:291)
	at org.testng.SuiteRunner.run(SuiteRunner.java:240)
	at org.testng.SuiteRunnerWorker.runSuite(SuiteRunnerWorker.java:52)
	at org.testng.SuiteRunnerWorker.run(SuiteRunnerWorker.java:86)
	at org.testng.TestNG.runSuitesSequentially(TestNG.java:1224)
	at org.testng.TestNG.runSuitesLocally(TestNG.java:1149)
	at org.testng.TestNG.run(TestNG.java:1057)
	at org.apache.maven.surefire.testng.TestNGExecutor.run(TestNGExecutor.java:77)
	at org.apache.maven.surefire.testng.TestNGDirectoryTestSuite.executeMulti(TestNGDirectoryTestSuite.java:159)
	at org.apache.maven.surefire.testng.TestNGDirectoryTestSuite.execute(TestNGDirectoryTestSuite.java:99)
	at org.apache.maven.surefire.testng.TestNGProvider.invoke(TestNGProvider.java:106)
	at sun.reflect.NativeMethodAccessorImpl.invoke0(Native Method)
	at sun.reflect.NativeMethodAccessorImpl.invoke(NativeMethodAccessorImpl.java:62)
	at sun.reflect.DelegatingMethodAccessorImpl.invoke(DelegatingMethodAccessorImpl.java:43)
	at java.lang.reflect.Method.invoke(Method.java:498)
	at org.apache.maven.surefire.util.ReflectionUtils.invokeMethodWithArray(ReflectionUtils.java:189)
	at org.apache.maven.surefire.booter.ProviderFactory$ProviderProxy.invoke(ProviderFactory.java:165)
	at org.apache.maven.surefire.booter.ProviderFactory.invokeProvider(ProviderFactory.java:85)
	at org.apache.maven.surefire.booter.ForkedBooter.runSuitesInProcess(ForkedBooter.java:115)
	at org.apache.maven.surefire.booter.ForkedBooter.main(ForkedBooter.java:75)
</pre></div></td>
<td>0</td>
<td>storm.starter.bolt.IntermediateRankingsBoltTest@178f375</td></tr>
<tr>
<td title='storm.starter.bolt.IntermediateRankingsBoltTest.negativeOrZeroEmitFrequencyShouldThrowIAE()'><b>negativeOrZeroEmitFrequencyShouldThrowIAE</b><br>Test class: storm.starter.bolt.IntermediateRankingsBoltTest<br>Parameters: -1</td>
<td><div><pre>java.lang.IllegalArgumentException: The emit frequency must be &gt;= 1 seconds (you requested -1 seconds)
	at storm.starter.bolt.AbstractRankerBolt.&lt;init&gt;(AbstractRankerBolt.java:47)
	at storm.starter.bolt.IntermediateRankingsBolt.&lt;init&gt;(IntermediateRankingsBolt.java:28)
	at storm.starter.bolt.IntermediateRankingsBoltTest.negativeOrZeroEmitFrequencyShouldThrowIAE(IntermediateRankingsBoltTest.java:51)
... Removed 34 stack frames</pre></div><a href='#' onClick='toggleBox("stack-trace30027258", this, "Click to show all stack frames", "Click to hide stack frames")'>Click to show all stack frames</a>
<div class='stack-trace' id='stack-trace30027258'><pre>java.lang.IllegalArgumentException: The emit frequency must be &gt;= 1 seconds (you requested -1 seconds)
	at storm.starter.bolt.AbstractRankerBolt.&lt;init&gt;(AbstractRankerBolt.java:47)
	at storm.starter.bolt.IntermediateRankingsBolt.&lt;init&gt;(IntermediateRankingsBolt.java:28)
	at storm.starter.bolt.IntermediateRankingsBoltTest.negativeOrZeroEmitFrequencyShouldThrowIAE(IntermediateRankingsBoltTest.java:51)
	at sun.reflect.NativeMethodAccessorImpl.invoke0(Native Method)
	at sun.reflect.NativeMethodAccessorImpl.invoke(NativeMethodAccessorImpl.java:62)
	at sun.reflect.DelegatingMethodAccessorImpl.invoke(DelegatingMethodAccessorImpl.java:43)
	at java.lang.reflect.Method.invoke(Method.java:498)
	at org.testng.internal.MethodInvocationHelper.invokeMethod(MethodInvocationHelper.java:84)
	at org.testng.internal.Invoker.invokeMethod(Invoker.java:714)
	at org.testng.internal.Invoker.invokeTestMethod(Invoker.java:901)
	at org.testng.internal.Invoker.invokeTestMethods(Invoker.java:1231)
	at org.testng.internal.TestMethodWorker.invokeTestMethods(TestMethodWorker.java:127)
	at org.testng.internal.TestMethodWorker.run(TestMethodWorker.java:111)
	at org.testng.TestRunner.privateRun(TestRunner.java:767)
	at org.testng.TestRunner.run(TestRunner.java:617)
	at org.testng.SuiteRunner.runTest(SuiteRunner.java:334)
	at org.testng.SuiteRunner.runSequentially(SuiteRunner.java:329)
	at org.testng.SuiteRunner.privateRun(SuiteRunner.java:291)
	at org.testng.SuiteRunner.run(SuiteRunner.java:240)
	at org.testng.SuiteRunnerWorker.runSuite(SuiteRunnerWorker.java:52)
	at org.testng.SuiteRunnerWorker.run(SuiteRunnerWorker.java:86)
	at org.testng.TestNG.runSuitesSequentially(TestNG.java:1224)
	at org.testng.TestNG.runSuitesLocally(TestNG.java:1149)
	at org.testng.TestNG.run(TestNG.java:1057)
	at org.apache.maven.surefire.testng.TestNGExecutor.run(TestNGExecutor.java:77)
	at org.apache.maven.surefire.testng.TestNGDirectoryTestSuite.executeMulti(TestNGDirectoryTestSuite.java:159)
	at org.apache.maven.surefire.testng.TestNGDirectoryTestSuite.execute(TestNGDirectoryTestSuite.java:99)
	at org.apache.maven.surefire.testng.TestNGProvider.invoke(TestNGProvider.java:106)
	at sun.reflect.NativeMethodAccessorImpl.invoke0(Native Method)
	at sun.reflect.NativeMethodAccessorImpl.invoke(NativeMethodAccessorImpl.java:62)
	at sun.reflect.DelegatingMethodAccessorImpl.invoke(DelegatingMethodAccessorImpl.java:43)
	at java.lang.reflect.Method.invoke(Method.java:498)
	at org.apache.maven.surefire.util.ReflectionUtils.invokeMethodWithArray(ReflectionUtils.java:189)
	at org.apache.maven.surefire.booter.ProviderFactory$ProviderProxy.invoke(ProviderFactory.java:165)
	at org.apache.maven.surefire.booter.ProviderFactory.invokeProvider(ProviderFactory.java:85)
	at org.apache.maven.surefire.booter.ForkedBooter.runSuitesInProcess(ForkedBooter.java:115)
	at org.apache.maven.surefire.booter.ForkedBooter.main(ForkedBooter.java:75)
</pre></div></td>
<td>0</td>
<td>storm.starter.bolt.IntermediateRankingsBoltTest@178f375</td></tr>
<tr>
<td title='storm.starter.bolt.IntermediateRankingsBoltTest.negativeOrZeroEmitFrequencyShouldThrowIAE()'><b>negativeOrZeroEmitFrequencyShouldThrowIAE</b><br>Test class: storm.starter.bolt.IntermediateRankingsBoltTest<br>Parameters: 0</td>
<td><div><pre>java.lang.IllegalArgumentException: The emit frequency must be &gt;= 1 seconds (you requested 0 seconds)
	at storm.starter.bolt.AbstractRankerBolt.&lt;init&gt;(AbstractRankerBolt.java:47)
	at storm.starter.bolt.IntermediateRankingsBolt.&lt;init&gt;(IntermediateRankingsBolt.java:28)
	at storm.starter.bolt.IntermediateRankingsBoltTest.negativeOrZeroEmitFrequencyShouldThrowIAE(IntermediateRankingsBoltTest.java:51)
... Removed 34 stack frames</pre></div><a href='#' onClick='toggleBox("stack-trace22279480", this, "Click to show all stack frames", "Click to hide stack frames")'>Click to show all stack frames</a>
<div class='stack-trace' id='stack-trace22279480'><pre>java.lang.IllegalArgumentException: The emit frequency must be &gt;= 1 seconds (you requested 0 seconds)
	at storm.starter.bolt.AbstractRankerBolt.&lt;init&gt;(AbstractRankerBolt.java:47)
	at storm.starter.bolt.IntermediateRankingsBolt.&lt;init&gt;(IntermediateRankingsBolt.java:28)
	at storm.starter.bolt.IntermediateRankingsBoltTest.negativeOrZeroEmitFrequencyShouldThrowIAE(IntermediateRankingsBoltTest.java:51)
	at sun.reflect.NativeMethodAccessorImpl.invoke0(Native Method)
	at sun.reflect.NativeMethodAccessorImpl.invoke(NativeMethodAccessorImpl.java:62)
	at sun.reflect.DelegatingMethodAccessorImpl.invoke(DelegatingMethodAccessorImpl.java:43)
	at java.lang.reflect.Method.invoke(Method.java:498)
	at org.testng.internal.MethodInvocationHelper.invokeMethod(MethodInvocationHelper.java:84)
	at org.testng.internal.Invoker.invokeMethod(Invoker.java:714)
	at org.testng.internal.Invoker.invokeTestMethod(Invoker.java:901)
	at org.testng.internal.Invoker.invokeTestMethods(Invoker.java:1231)
	at org.testng.internal.TestMethodWorker.invokeTestMethods(TestMethodWorker.java:127)
	at org.testng.internal.TestMethodWorker.run(TestMethodWorker.java:111)
	at org.testng.TestRunner.privateRun(TestRunner.java:767)
	at org.testng.TestRunner.run(TestRunner.java:617)
	at org.testng.SuiteRunner.runTest(SuiteRunner.java:334)
	at org.testng.SuiteRunner.runSequentially(SuiteRunner.java:329)
	at org.testng.SuiteRunner.privateRun(SuiteRunner.java:291)
	at org.testng.SuiteRunner.run(SuiteRunner.java:240)
	at org.testng.SuiteRunnerWorker.runSuite(SuiteRunnerWorker.java:52)
	at org.testng.SuiteRunnerWorker.run(SuiteRunnerWorker.java:86)
	at org.testng.TestNG.runSuitesSequentially(TestNG.java:1224)
	at org.testng.TestNG.runSuitesLocally(TestNG.java:1149)
	at org.testng.TestNG.run(TestNG.java:1057)
	at org.apache.maven.surefire.testng.TestNGExecutor.run(TestNGExecutor.java:77)
	at org.apache.maven.surefire.testng.TestNGDirectoryTestSuite.executeMulti(TestNGDirectoryTestSuite.java:159)
	at org.apache.maven.surefire.testng.TestNGDirectoryTestSuite.execute(TestNGDirectoryTestSuite.java:99)
	at org.apache.maven.surefire.testng.TestNGProvider.invoke(TestNGProvider.java:106)
	at sun.reflect.NativeMethodAccessorImpl.invoke0(Native Method)
	at sun.reflect.NativeMethodAccessorImpl.invoke(NativeMethodAccessorImpl.java:62)
	at sun.reflect.DelegatingMethodAccessorImpl.invoke(DelegatingMethodAccessorImpl.java:43)
	at java.lang.reflect.Method.invoke(Method.java:498)
	at org.apache.maven.surefire.util.ReflectionUtils.invokeMethodWithArray(ReflectionUtils.java:189)
	at org.apache.maven.surefire.booter.ProviderFactory$ProviderProxy.invoke(ProviderFactory.java:165)
	at org.apache.maven.surefire.booter.ProviderFactory.invokeProvider(ProviderFactory.java:85)
	at org.apache.maven.surefire.booter.ForkedBooter.runSuitesInProcess(ForkedBooter.java:115)
	at org.apache.maven.surefire.booter.ForkedBooter.main(ForkedBooter.java:75)
</pre></div></td>
<td>0</td>
<td>storm.starter.bolt.IntermediateRankingsBoltTest@178f375</td></tr>
<tr>
<td title='storm.starter.bolt.TotalRankingsBoltTest.negativeOrZeroEmitFrequencyShouldThrowIAE()'><b>negativeOrZeroEmitFrequencyShouldThrowIAE</b><br>Test class: storm.starter.bolt.TotalRankingsBoltTest<br>Parameters: -10</td>
<td><div><pre>java.lang.IllegalArgumentException: The emit frequency must be &gt;= 1 seconds (you requested -10 seconds)
	at storm.starter.bolt.AbstractRankerBolt.&lt;init&gt;(AbstractRankerBolt.java:47)
	at storm.starter.bolt.TotalRankingsBolt.&lt;init&gt;(TotalRankingsBolt.java:27)
	at storm.starter.bolt.TotalRankingsBoltTest.negativeOrZeroEmitFrequencyShouldThrowIAE(TotalRankingsBoltTest.java:52)
... Removed 34 stack frames</pre></div><a href='#' onClick='toggleBox("stack-trace14827665", this, "Click to show all stack frames", "Click to hide stack frames")'>Click to show all stack frames</a>
<div class='stack-trace' id='stack-trace14827665'><pre>java.lang.IllegalArgumentException: The emit frequency must be &gt;= 1 seconds (you requested -10 seconds)
	at storm.starter.bolt.AbstractRankerBolt.&lt;init&gt;(AbstractRankerBolt.java:47)
	at storm.starter.bolt.TotalRankingsBolt.&lt;init&gt;(TotalRankingsBolt.java:27)
	at storm.starter.bolt.TotalRankingsBoltTest.negativeOrZeroEmitFrequencyShouldThrowIAE(TotalRankingsBoltTest.java:52)
	at sun.reflect.NativeMethodAccessorImpl.invoke0(Native Method)
	at sun.reflect.NativeMethodAccessorImpl.invoke(NativeMethodAccessorImpl.java:62)
	at sun.reflect.DelegatingMethodAccessorImpl.invoke(DelegatingMethodAccessorImpl.java:43)
	at java.lang.reflect.Method.invoke(Method.java:498)
	at org.testng.internal.MethodInvocationHelper.invokeMethod(MethodInvocationHelper.java:84)
	at org.testng.internal.Invoker.invokeMethod(Invoker.java:714)
	at org.testng.internal.Invoker.invokeTestMethod(Invoker.java:901)
	at org.testng.internal.Invoker.invokeTestMethods(Invoker.java:1231)
	at org.testng.internal.TestMethodWorker.invokeTestMethods(TestMethodWorker.java:127)
	at org.testng.internal.TestMethodWorker.run(TestMethodWorker.java:111)
	at org.testng.TestRunner.privateRun(TestRunner.java:767)
	at org.testng.TestRunner.run(TestRunner.java:617)
	at org.testng.SuiteRunner.runTest(SuiteRunner.java:334)
	at org.testng.SuiteRunner.runSequentially(SuiteRunner.java:329)
	at org.testng.SuiteRunner.privateRun(SuiteRunner.java:291)
	at org.testng.SuiteRunner.run(SuiteRunner.java:240)
	at org.testng.SuiteRunnerWorker.runSuite(SuiteRunnerWorker.java:52)
	at org.testng.SuiteRunnerWorker.run(SuiteRunnerWorker.java:86)
	at org.testng.TestNG.runSuitesSequentially(TestNG.java:1224)
	at org.testng.TestNG.runSuitesLocally(TestNG.java:1149)
	at org.testng.TestNG.run(TestNG.java:1057)
	at org.apache.maven.surefire.testng.TestNGExecutor.run(TestNGExecutor.java:77)
	at org.apache.maven.surefire.testng.TestNGDirectoryTestSuite.executeMulti(TestNGDirectoryTestSuite.java:159)
	at org.apache.maven.surefire.testng.TestNGDirectoryTestSuite.execute(TestNGDirectoryTestSuite.java:99)
	at org.apache.maven.surefire.testng.TestNGProvider.invoke(TestNGProvider.java:106)
	at sun.reflect.NativeMethodAccessorImpl.invoke0(Native Method)
	at sun.reflect.NativeMethodAccessorImpl.invoke(NativeMethodAccessorImpl.java:62)
	at sun.reflect.DelegatingMethodAccessorImpl.invoke(DelegatingMethodAccessorImpl.java:43)
	at java.lang.reflect.Method.invoke(Method.java:498)
	at org.apache.maven.surefire.util.ReflectionUtils.invokeMethodWithArray(ReflectionUtils.java:189)
	at org.apache.maven.surefire.booter.ProviderFactory$ProviderProxy.invoke(ProviderFactory.java:165)
	at org.apache.maven.surefire.booter.ProviderFactory.invokeProvider(ProviderFactory.java:85)
	at org.apache.maven.surefire.booter.ForkedBooter.runSuitesInProcess(ForkedBooter.java:115)
	at org.apache.maven.surefire.booter.ForkedBooter.main(ForkedBooter.java:75)
</pre></div></td>
<td>0</td>
<td>storm.starter.bolt.TotalRankingsBoltTest@c87b21</td></tr>
<tr>
<td title='storm.starter.bolt.TotalRankingsBoltTest.negativeOrZeroEmitFrequencyShouldThrowIAE()'><b>negativeOrZeroEmitFrequencyShouldThrowIAE</b><br>Test class: storm.starter.bolt.TotalRankingsBoltTest<br>Parameters: -3</td>
<td><div><pre>java.lang.IllegalArgumentException: The emit frequency must be &gt;= 1 seconds (you requested -3 seconds)
	at storm.starter.bolt.AbstractRankerBolt.&lt;init&gt;(AbstractRankerBolt.java:47)
	at storm.starter.bolt.TotalRankingsBolt.&lt;init&gt;(TotalRankingsBolt.java:27)
	at storm.starter.bolt.TotalRankingsBoltTest.negativeOrZeroEmitFrequencyShouldThrowIAE(TotalRankingsBoltTest.java:52)
... Removed 34 stack frames</pre></div><a href='#' onClick='toggleBox("stack-trace31094415", this, "Click to show all stack frames", "Click to hide stack frames")'>Click to show all stack frames</a>
<div class='stack-trace' id='stack-trace31094415'><pre>java.lang.IllegalArgumentException: The emit frequency must be &gt;= 1 seconds (you requested -3 seconds)
	at storm.starter.bolt.AbstractRankerBolt.&lt;init&gt;(AbstractRankerBolt.java:47)
	at storm.starter.bolt.TotalRankingsBolt.&lt;init&gt;(TotalRankingsBolt.java:27)
	at storm.starter.bolt.TotalRankingsBoltTest.negativeOrZeroEmitFrequencyShouldThrowIAE(TotalRankingsBoltTest.java:52)
	at sun.reflect.NativeMethodAccessorImpl.invoke0(Native Method)
	at sun.reflect.NativeMethodAccessorImpl.invoke(NativeMethodAccessorImpl.java:62)
	at sun.reflect.DelegatingMethodAccessorImpl.invoke(DelegatingMethodAccessorImpl.java:43)
	at java.lang.reflect.Method.invoke(Method.java:498)
	at org.testng.internal.MethodInvocationHelper.invokeMethod(MethodInvocationHelper.java:84)
	at org.testng.internal.Invoker.invokeMethod(Invoker.java:714)
	at org.testng.internal.Invoker.invokeTestMethod(Invoker.java:901)
	at org.testng.internal.Invoker.invokeTestMethods(Invoker.java:1231)
	at org.testng.internal.TestMethodWorker.invokeTestMethods(TestMethodWorker.java:127)
	at org.testng.internal.TestMethodWorker.run(TestMethodWorker.java:111)
	at org.testng.TestRunner.privateRun(TestRunner.java:767)
	at org.testng.TestRunner.run(TestRunner.java:617)
	at org.testng.SuiteRunner.runTest(SuiteRunner.java:334)
	at org.testng.SuiteRunner.runSequentially(SuiteRunner.java:329)
	at org.testng.SuiteRunner.privateRun(SuiteRunner.java:291)
	at org.testng.SuiteRunner.run(SuiteRunner.java:240)
	at org.testng.SuiteRunnerWorker.runSuite(SuiteRunnerWorker.java:52)
	at org.testng.SuiteRunnerWorker.run(SuiteRunnerWorker.java:86)
	at org.testng.TestNG.runSuitesSequentially(TestNG.java:1224)
	at org.testng.TestNG.runSuitesLocally(TestNG.java:1149)
	at org.testng.TestNG.run(TestNG.java:1057)
	at org.apache.maven.surefire.testng.TestNGExecutor.run(TestNGExecutor.java:77)
	at org.apache.maven.surefire.testng.TestNGDirectoryTestSuite.executeMulti(TestNGDirectoryTestSuite.java:159)
	at org.apache.maven.surefire.testng.TestNGDirectoryTestSuite.execute(TestNGDirectoryTestSuite.java:99)
	at org.apache.maven.surefire.testng.TestNGProvider.invoke(TestNGProvider.java:106)
	at sun.reflect.NativeMethodAccessorImpl.invoke0(Native Method)
	at sun.reflect.NativeMethodAccessorImpl.invoke(NativeMethodAccessorImpl.java:62)
	at sun.reflect.DelegatingMethodAccessorImpl.invoke(DelegatingMethodAccessorImpl.java:43)
	at java.lang.reflect.Method.invoke(Method.java:498)
	at org.apache.maven.surefire.util.ReflectionUtils.invokeMethodWithArray(ReflectionUtils.java:189)
	at org.apache.maven.surefire.booter.ProviderFactory$ProviderProxy.invoke(ProviderFactory.java:165)
	at org.apache.maven.surefire.booter.ProviderFactory.invokeProvider(ProviderFactory.java:85)
	at org.apache.maven.surefire.booter.ForkedBooter.runSuitesInProcess(ForkedBooter.java:115)
	at org.apache.maven.surefire.booter.ForkedBooter.main(ForkedBooter.java:75)
</pre></div></td>
<td>0</td>
<td>storm.starter.bolt.TotalRankingsBoltTest@c87b21</td></tr>
<tr>
<td title='storm.starter.bolt.TotalRankingsBoltTest.negativeOrZeroEmitFrequencyShouldThrowIAE()'><b>negativeOrZeroEmitFrequencyShouldThrowIAE</b><br>Test class: storm.starter.bolt.TotalRankingsBoltTest<br>Parameters: -2</td>
<td><div><pre>java.lang.IllegalArgumentException: The emit frequency must be &gt;= 1 seconds (you requested -2 seconds)
	at storm.starter.bolt.AbstractRankerBolt.&lt;init&gt;(AbstractRankerBolt.java:47)
	at storm.starter.bolt.TotalRankingsBolt.&lt;init&gt;(TotalRankingsBolt.java:27)
	at storm.starter.bolt.TotalRankingsBoltTest.negativeOrZeroEmitFrequencyShouldThrowIAE(TotalRankingsBoltTest.java:52)
... Removed 34 stack frames</pre></div><a href='#' onClick='toggleBox("stack-trace9211343", this, "Click to show all stack frames", "Click to hide stack frames")'>Click to show all stack frames</a>
<div class='stack-trace' id='stack-trace9211343'><pre>java.lang.IllegalArgumentException: The emit frequency must be &gt;= 1 seconds (you requested -2 seconds)
	at storm.starter.bolt.AbstractRankerBolt.&lt;init&gt;(AbstractRankerBolt.java:47)
	at storm.starter.bolt.TotalRankingsBolt.&lt;init&gt;(TotalRankingsBolt.java:27)
	at storm.starter.bolt.TotalRankingsBoltTest.negativeOrZeroEmitFrequencyShouldThrowIAE(TotalRankingsBoltTest.java:52)
	at sun.reflect.NativeMethodAccessorImpl.invoke0(Native Method)
	at sun.reflect.NativeMethodAccessorImpl.invoke(NativeMethodAccessorImpl.java:62)
	at sun.reflect.DelegatingMethodAccessorImpl.invoke(DelegatingMethodAccessorImpl.java:43)
	at java.lang.reflect.Method.invoke(Method.java:498)
	at org.testng.internal.MethodInvocationHelper.invokeMethod(MethodInvocationHelper.java:84)
	at org.testng.internal.Invoker.invokeMethod(Invoker.java:714)
	at org.testng.internal.Invoker.invokeTestMethod(Invoker.java:901)
	at org.testng.internal.Invoker.invokeTestMethods(Invoker.java:1231)
	at org.testng.internal.TestMethodWorker.invokeTestMethods(TestMethodWorker.java:127)
	at org.testng.internal.TestMethodWorker.run(TestMethodWorker.java:111)
	at org.testng.TestRunner.privateRun(TestRunner.java:767)
	at org.testng.TestRunner.run(TestRunner.java:617)
	at org.testng.SuiteRunner.runTest(SuiteRunner.java:334)
	at org.testng.SuiteRunner.runSequentially(SuiteRunner.java:329)
	at org.testng.SuiteRunner.privateRun(SuiteRunner.java:291)
	at org.testng.SuiteRunner.run(SuiteRunner.java:240)
	at org.testng.SuiteRunnerWorker.runSuite(SuiteRunnerWorker.java:52)
	at org.testng.SuiteRunnerWorker.run(SuiteRunnerWorker.java:86)
	at org.testng.TestNG.runSuitesSequentially(TestNG.java:1224)
	at org.testng.TestNG.runSuitesLocally(TestNG.java:1149)
	at org.testng.TestNG.run(TestNG.java:1057)
	at org.apache.maven.surefire.testng.TestNGExecutor.run(TestNGExecutor.java:77)
	at org.apache.maven.surefire.testng.TestNGDirectoryTestSuite.executeMulti(TestNGDirectoryTestSuite.java:159)
	at org.apache.maven.surefire.testng.TestNGDirectoryTestSuite.execute(TestNGDirectoryTestSuite.java:99)
	at org.apache.maven.surefire.testng.TestNGProvider.invoke(TestNGProvider.java:106)
	at sun.reflect.NativeMethodAccessorImpl.invoke0(Native Method)
	at sun.reflect.NativeMethodAccessorImpl.invoke(NativeMethodAccessorImpl.java:62)
	at sun.reflect.DelegatingMethodAccessorImpl.invoke(DelegatingMethodAccessorImpl.java:43)
	at java.lang.reflect.Method.invoke(Method.java:498)
	at org.apache.maven.surefire.util.ReflectionUtils.invokeMethodWithArray(ReflectionUtils.java:189)
	at org.apache.maven.surefire.booter.ProviderFactory$ProviderProxy.invoke(ProviderFactory.java:165)
	at org.apache.maven.surefire.booter.ProviderFactory.invokeProvider(ProviderFactory.java:85)
	at org.apache.maven.surefire.booter.ForkedBooter.runSuitesInProcess(ForkedBooter.java:115)
	at org.apache.maven.surefire.booter.ForkedBooter.main(ForkedBooter.java:75)
</pre></div></td>
<td>0</td>
<td>storm.starter.bolt.TotalRankingsBoltTest@c87b21</td></tr>
<tr>
<td title='storm.starter.bolt.TotalRankingsBoltTest.negativeOrZeroEmitFrequencyShouldThrowIAE()'><b>negativeOrZeroEmitFrequencyShouldThrowIAE</b><br>Test class: storm.starter.bolt.TotalRankingsBoltTest<br>Parameters: -1</td>
<td><div><pre>java.lang.IllegalArgumentException: The emit frequency must be &gt;= 1 seconds (you requested -1 seconds)
	at storm.starter.bolt.AbstractRankerBolt.&lt;init&gt;(AbstractRankerBolt.java:47)
	at storm.starter.bolt.TotalRankingsBolt.&lt;init&gt;(TotalRankingsBolt.java:27)
	at storm.starter.bolt.TotalRankingsBoltTest.negativeOrZeroEmitFrequencyShouldThrowIAE(TotalRankingsBoltTest.java:52)
... Removed 34 stack frames</pre></div><a href='#' onClick='toggleBox("stack-trace2529033", this, "Click to show all stack frames", "Click to hide stack frames")'>Click to show all stack frames</a>
<div class='stack-trace' id='stack-trace2529033'><pre>java.lang.IllegalArgumentException: The emit frequency must be &gt;= 1 seconds (you requested -1 seconds)
	at storm.starter.bolt.AbstractRankerBolt.&lt;init&gt;(AbstractRankerBolt.java:47)
	at storm.starter.bolt.TotalRankingsBolt.&lt;init&gt;(TotalRankingsBolt.java:27)
	at storm.starter.bolt.TotalRankingsBoltTest.negativeOrZeroEmitFrequencyShouldThrowIAE(TotalRankingsBoltTest.java:52)
	at sun.reflect.NativeMethodAccessorImpl.invoke0(Native Method)
	at sun.reflect.NativeMethodAccessorImpl.invoke(NativeMethodAccessorImpl.java:62)
	at sun.reflect.DelegatingMethodAccessorImpl.invoke(DelegatingMethodAccessorImpl.java:43)
	at java.lang.reflect.Method.invoke(Method.java:498)
	at org.testng.internal.MethodInvocationHelper.invokeMethod(MethodInvocationHelper.java:84)
	at org.testng.internal.Invoker.invokeMethod(Invoker.java:714)
	at org.testng.internal.Invoker.invokeTestMethod(Invoker.java:901)
	at org.testng.internal.Invoker.invokeTestMethods(Invoker.java:1231)
	at org.testng.internal.TestMethodWorker.invokeTestMethods(TestMethodWorker.java:127)
	at org.testng.internal.TestMethodWorker.run(TestMethodWorker.java:111)
	at org.testng.TestRunner.privateRun(TestRunner.java:767)
	at org.testng.TestRunner.run(TestRunner.java:617)
	at org.testng.SuiteRunner.runTest(SuiteRunner.java:334)
	at org.testng.SuiteRunner.runSequentially(SuiteRunner.java:329)
	at org.testng.SuiteRunner.privateRun(SuiteRunner.java:291)
	at org.testng.SuiteRunner.run(SuiteRunner.java:240)
	at org.testng.SuiteRunnerWorker.runSuite(SuiteRunnerWorker.java:52)
	at org.testng.SuiteRunnerWorker.run(SuiteRunnerWorker.java:86)
	at org.testng.TestNG.runSuitesSequentially(TestNG.java:1224)
	at org.testng.TestNG.runSuitesLocally(TestNG.java:1149)
	at org.testng.TestNG.run(TestNG.java:1057)
	at org.apache.maven.surefire.testng.TestNGExecutor.run(TestNGExecutor.java:77)
	at org.apache.maven.surefire.testng.TestNGDirectoryTestSuite.executeMulti(TestNGDirectoryTestSuite.java:159)
	at org.apache.maven.surefire.testng.TestNGDirectoryTestSuite.execute(TestNGDirectoryTestSuite.java:99)
	at org.apache.maven.surefire.testng.TestNGProvider.invoke(TestNGProvider.java:106)
	at sun.reflect.NativeMethodAccessorImpl.invoke0(Native Method)
	at sun.reflect.NativeMethodAccessorImpl.invoke(NativeMethodAccessorImpl.java:62)
	at sun.reflect.DelegatingMethodAccessorImpl.invoke(DelegatingMethodAccessorImpl.java:43)
	at java.lang.reflect.Method.invoke(Method.java:498)
	at org.apache.maven.surefire.util.ReflectionUtils.invokeMethodWithArray(ReflectionUtils.java:189)
	at org.apache.maven.surefire.booter.ProviderFactory$ProviderProxy.invoke(ProviderFactory.java:165)
	at org.apache.maven.surefire.booter.ProviderFactory.invokeProvider(ProviderFactory.java:85)
	at org.apache.maven.surefire.booter.ForkedBooter.runSuitesInProcess(ForkedBooter.java:115)
	at org.apache.maven.surefire.booter.ForkedBooter.main(ForkedBooter.java:75)
</pre></div></td>
<td>0</td>
<td>storm.starter.bolt.TotalRankingsBoltTest@c87b21</td></tr>
<tr>
<td title='storm.starter.bolt.TotalRankingsBoltTest.negativeOrZeroEmitFrequencyShouldThrowIAE()'><b>negativeOrZeroEmitFrequencyShouldThrowIAE</b><br>Test class: storm.starter.bolt.TotalRankingsBoltTest<br>Parameters: 0</td>
<td><div><pre>java.lang.IllegalArgumentException: The emit frequency must be &gt;= 1 seconds (you requested 0 seconds)
	at storm.starter.bolt.AbstractRankerBolt.&lt;init&gt;(AbstractRankerBolt.java:47)
	at storm.starter.bolt.TotalRankingsBolt.&lt;init&gt;(TotalRankingsBolt.java:27)
	at storm.starter.bolt.TotalRankingsBoltTest.negativeOrZeroEmitFrequencyShouldThrowIAE(TotalRankingsBoltTest.java:52)
... Removed 34 stack frames</pre></div><a href='#' onClick='toggleBox("stack-trace13544916", this, "Click to show all stack frames", "Click to hide stack frames")'>Click to show all stack frames</a>
<div class='stack-trace' id='stack-trace13544916'><pre>java.lang.IllegalArgumentException: The emit frequency must be &gt;= 1 seconds (you requested 0 seconds)
	at storm.starter.bolt.AbstractRankerBolt.&lt;init&gt;(AbstractRankerBolt.java:47)
	at storm.starter.bolt.TotalRankingsBolt.&lt;init&gt;(TotalRankingsBolt.java:27)
	at storm.starter.bolt.TotalRankingsBoltTest.negativeOrZeroEmitFrequencyShouldThrowIAE(TotalRankingsBoltTest.java:52)
	at sun.reflect.NativeMethodAccessorImpl.invoke0(Native Method)
	at sun.reflect.NativeMethodAccessorImpl.invoke(NativeMethodAccessorImpl.java:62)
	at sun.reflect.DelegatingMethodAccessorImpl.invoke(DelegatingMethodAccessorImpl.java:43)
	at java.lang.reflect.Method.invoke(Method.java:498)
	at org.testng.internal.MethodInvocationHelper.invokeMethod(MethodInvocationHelper.java:84)
	at org.testng.internal.Invoker.invokeMethod(Invoker.java:714)
	at org.testng.internal.Invoker.invokeTestMethod(Invoker.java:901)
	at org.testng.internal.Invoker.invokeTestMethods(Invoker.java:1231)
	at org.testng.internal.TestMethodWorker.invokeTestMethods(TestMethodWorker.java:127)
	at org.testng.internal.TestMethodWorker.run(TestMethodWorker.java:111)
	at org.testng.TestRunner.privateRun(TestRunner.java:767)
	at org.testng.TestRunner.run(TestRunner.java:617)
	at org.testng.SuiteRunner.runTest(SuiteRunner.java:334)
	at org.testng.SuiteRunner.runSequentially(SuiteRunner.java:329)
	at org.testng.SuiteRunner.privateRun(SuiteRunner.java:291)
	at org.testng.SuiteRunner.run(SuiteRunner.java:240)
	at org.testng.SuiteRunnerWorker.runSuite(SuiteRunnerWorker.java:52)
	at org.testng.SuiteRunnerWorker.run(SuiteRunnerWorker.java:86)
	at org.testng.TestNG.runSuitesSequentially(TestNG.java:1224)
	at org.testng.TestNG.runSuitesLocally(TestNG.java:1149)
	at org.testng.TestNG.run(TestNG.java:1057)
	at org.apache.maven.surefire.testng.TestNGExecutor.run(TestNGExecutor.java:77)
	at org.apache.maven.surefire.testng.TestNGDirectoryTestSuite.executeMulti(TestNGDirectoryTestSuite.java:159)
	at org.apache.maven.surefire.testng.TestNGDirectoryTestSuite.execute(TestNGDirectoryTestSuite.java:99)
	at org.apache.maven.surefire.testng.TestNGProvider.invoke(TestNGProvider.java:106)
	at sun.reflect.NativeMethodAccessorImpl.invoke0(Native Method)
	at sun.reflect.NativeMethodAccessorImpl.invoke(NativeMethodAccessorImpl.java:62)
	at sun.reflect.DelegatingMethodAccessorImpl.invoke(DelegatingMethodAccessorImpl.java:43)
	at java.lang.reflect.Method.invoke(Method.java:498)
	at org.apache.maven.surefire.util.ReflectionUtils.invokeMethodWithArray(ReflectionUtils.java:189)
	at org.apache.maven.surefire.booter.ProviderFactory$ProviderProxy.invoke(ProviderFactory.java:165)
	at org.apache.maven.surefire.booter.ProviderFactory.invokeProvider(ProviderFactory.java:85)
	at org.apache.maven.surefire.booter.ForkedBooter.runSuitesInProcess(ForkedBooter.java:115)
	at org.apache.maven.surefire.booter.ForkedBooter.main(ForkedBooter.java:75)
</pre></div></td>
<td>0</td>
<td>storm.starter.bolt.TotalRankingsBoltTest@c87b21</td></tr>
<tr>
<td title='storm.starter.tools.SlotBasedCounterTest.negativeOrZeroNumSlotsShouldThrowIAE()'><b>negativeOrZeroNumSlotsShouldThrowIAE</b><br>Test class: storm.starter.tools.SlotBasedCounterTest<br>Parameters: -10</td>
<td><div><pre>java.lang.IllegalArgumentException: Number of slots must be greater than zero (you requested -10)
	at storm.starter.tools.SlotBasedCounter.&lt;init&gt;(SlotBasedCounter.java:25)
	at storm.starter.tools.SlotBasedCounterTest.negativeOrZeroNumSlotsShouldThrowIAE(SlotBasedCounterTest.java:23)
... Removed 34 stack frames</pre></div><a href='#' onClick='toggleBox("stack-trace17272983", this, "Click to show all stack frames", "Click to hide stack frames")'>Click to show all stack frames</a>
<div class='stack-trace' id='stack-trace17272983'><pre>java.lang.IllegalArgumentException: Number of slots must be greater than zero (you requested -10)
	at storm.starter.tools.SlotBasedCounter.&lt;init&gt;(SlotBasedCounter.java:25)
	at storm.starter.tools.SlotBasedCounterTest.negativeOrZeroNumSlotsShouldThrowIAE(SlotBasedCounterTest.java:23)
	at sun.reflect.NativeMethodAccessorImpl.invoke0(Native Method)
	at sun.reflect.NativeMethodAccessorImpl.invoke(NativeMethodAccessorImpl.java:62)
	at sun.reflect.DelegatingMethodAccessorImpl.invoke(DelegatingMethodAccessorImpl.java:43)
	at java.lang.reflect.Method.invoke(Method.java:498)
	at org.testng.internal.MethodInvocationHelper.invokeMethod(MethodInvocationHelper.java:84)
	at org.testng.internal.Invoker.invokeMethod(Invoker.java:714)
	at org.testng.internal.Invoker.invokeTestMethod(Invoker.java:901)
	at org.testng.internal.Invoker.invokeTestMethods(Invoker.java:1231)
	at org.testng.internal.TestMethodWorker.invokeTestMethods(TestMethodWorker.java:127)
	at org.testng.internal.TestMethodWorker.run(TestMethodWorker.java:111)
	at org.testng.TestRunner.privateRun(TestRunner.java:767)
	at org.testng.TestRunner.run(TestRunner.java:617)
	at org.testng.SuiteRunner.runTest(SuiteRunner.java:334)
	at org.testng.SuiteRunner.runSequentially(SuiteRunner.java:329)
	at org.testng.SuiteRunner.privateRun(SuiteRunner.java:291)
	at org.testng.SuiteRunner.run(SuiteRunner.java:240)
	at org.testng.SuiteRunnerWorker.runSuite(SuiteRunnerWorker.java:52)
	at org.testng.SuiteRunnerWorker.run(SuiteRunnerWorker.java:86)
	at org.testng.TestNG.runSuitesSequentially(TestNG.java:1224)
	at org.testng.TestNG.runSuitesLocally(TestNG.java:1149)
	at org.testng.TestNG.run(TestNG.java:1057)
	at org.apache.maven.surefire.testng.TestNGExecutor.run(TestNGExecutor.java:77)
	at org.apache.maven.surefire.testng.TestNGDirectoryTestSuite.executeMulti(TestNGDirectoryTestSuite.java:159)
	at org.apache.maven.surefire.testng.TestNGDirectoryTestSuite.execute(TestNGDirectoryTestSuite.java:99)
	at org.apache.maven.surefire.testng.TestNGProvider.invoke(TestNGProvider.java:106)
	at sun.reflect.NativeMethodAccessorImpl.invoke0(Native Method)
	at sun.reflect.NativeMethodAccessorImpl.invoke(NativeMethodAccessorImpl.java:62)
	at sun.reflect.DelegatingMethodAccessorImpl.invoke(DelegatingMethodAccessorImpl.java:43)
	at java.lang.reflect.Method.invoke(Method.java:498)
	at org.apache.maven.surefire.util.ReflectionUtils.invokeMethodWithArray(ReflectionUtils.java:189)
	at org.apache.maven.surefire.booter.ProviderFactory$ProviderProxy.invoke(ProviderFactory.java:165)
	at org.apache.maven.surefire.booter.ProviderFactory.invokeProvider(ProviderFactory.java:85)
	at org.apache.maven.surefire.booter.ForkedBooter.runSuitesInProcess(ForkedBooter.java:115)
	at org.apache.maven.surefire.booter.ForkedBooter.main(ForkedBooter.java:75)
</pre></div></td>
<td>0</td>
<td>storm.starter.tools.SlotBasedCounterTest@15be6bb</td></tr>
<tr>
<td title='storm.starter.tools.SlotBasedCounterTest.negativeOrZeroNumSlotsShouldThrowIAE()'><b>negativeOrZeroNumSlotsShouldThrowIAE</b><br>Test class: storm.starter.tools.SlotBasedCounterTest<br>Parameters: -3</td>
<td><div><pre>java.lang.IllegalArgumentException: Number of slots must be greater than zero (you requested -3)
	at storm.starter.tools.SlotBasedCounter.&lt;init&gt;(SlotBasedCounter.java:25)
	at storm.starter.tools.SlotBasedCounterTest.negativeOrZeroNumSlotsShouldThrowIAE(SlotBasedCounterTest.java:23)
... Removed 34 stack frames</pre></div><a href='#' onClick='toggleBox("stack-trace18612432", this, "Click to show all stack frames", "Click to hide stack frames")'>Click to show all stack frames</a>
<div class='stack-trace' id='stack-trace18612432'><pre>java.lang.IllegalArgumentException: Number of slots must be greater than zero (you requested -3)
	at storm.starter.tools.SlotBasedCounter.&lt;init&gt;(SlotBasedCounter.java:25)
	at storm.starter.tools.SlotBasedCounterTest.negativeOrZeroNumSlotsShouldThrowIAE(SlotBasedCounterTest.java:23)
	at sun.reflect.NativeMethodAccessorImpl.invoke0(Native Method)
	at sun.reflect.NativeMethodAccessorImpl.invoke(NativeMethodAccessorImpl.java:62)
	at sun.reflect.DelegatingMethodAccessorImpl.invoke(DelegatingMethodAccessorImpl.java:43)
	at java.lang.reflect.Method.invoke(Method.java:498)
	at org.testng.internal.MethodInvocationHelper.invokeMethod(MethodInvocationHelper.java:84)
	at org.testng.internal.Invoker.invokeMethod(Invoker.java:714)
	at org.testng.internal.Invoker.invokeTestMethod(Invoker.java:901)
	at org.testng.internal.Invoker.invokeTestMethods(Invoker.java:1231)
	at org.testng.internal.TestMethodWorker.invokeTestMethods(TestMethodWorker.java:127)
	at org.testng.internal.TestMethodWorker.run(TestMethodWorker.java:111)
	at org.testng.TestRunner.privateRun(TestRunner.java:767)
	at org.testng.TestRunner.run(TestRunner.java:617)
	at org.testng.SuiteRunner.runTest(SuiteRunner.java:334)
	at org.testng.SuiteRunner.runSequentially(SuiteRunner.java:329)
	at org.testng.SuiteRunner.privateRun(SuiteRunner.java:291)
	at org.testng.SuiteRunner.run(SuiteRunner.java:240)
	at org.testng.SuiteRunnerWorker.runSuite(SuiteRunnerWorker.java:52)
	at org.testng.SuiteRunnerWorker.run(SuiteRunnerWorker.java:86)
	at org.testng.TestNG.runSuitesSequentially(TestNG.java:1224)
	at org.testng.TestNG.runSuitesLocally(TestNG.java:1149)
	at org.testng.TestNG.run(TestNG.java:1057)
	at org.apache.maven.surefire.testng.TestNGExecutor.run(TestNGExecutor.java:77)
	at org.apache.maven.surefire.testng.TestNGDirectoryTestSuite.executeMulti(TestNGDirectoryTestSuite.java:159)
	at org.apache.maven.surefire.testng.TestNGDirectoryTestSuite.execute(TestNGDirectoryTestSuite.java:99)
	at org.apache.maven.surefire.testng.TestNGProvider.invoke(TestNGProvider.java:106)
	at sun.reflect.NativeMethodAccessorImpl.invoke0(Native Method)
	at sun.reflect.NativeMethodAccessorImpl.invoke(NativeMethodAccessorImpl.java:62)
	at sun.reflect.DelegatingMethodAccessorImpl.invoke(DelegatingMethodAccessorImpl.java:43)
	at java.lang.reflect.Method.invoke(Method.java:498)
	at org.apache.maven.surefire.util.ReflectionUtils.invokeMethodWithArray(ReflectionUtils.java:189)
	at org.apache.maven.surefire.booter.ProviderFactory$ProviderProxy.invoke(ProviderFactory.java:165)
	at org.apache.maven.surefire.booter.ProviderFactory.invokeProvider(ProviderFactory.java:85)
	at org.apache.maven.surefire.booter.ForkedBooter.runSuitesInProcess(ForkedBooter.java:115)
	at org.apache.maven.surefire.booter.ForkedBooter.main(ForkedBooter.java:75)
</pre></div></td>
<td>0</td>
<td>storm.starter.tools.SlotBasedCounterTest@15be6bb</td></tr>
<tr>
<td title='storm.starter.tools.SlotBasedCounterTest.negativeOrZeroNumSlotsShouldThrowIAE()'><b>negativeOrZeroNumSlotsShouldThrowIAE</b><br>Test class: storm.starter.tools.SlotBasedCounterTest<br>Parameters: -2</td>
<td><div><pre>java.lang.IllegalArgumentException: Number of slots must be greater than zero (you requested -2)
	at storm.starter.tools.SlotBasedCounter.&lt;init&gt;(SlotBasedCounter.java:25)
	at storm.starter.tools.SlotBasedCounterTest.negativeOrZeroNumSlotsShouldThrowIAE(SlotBasedCounterTest.java:23)
... Removed 34 stack frames</pre></div><a href='#' onClick='toggleBox("stack-trace19639359", this, "Click to show all stack frames", "Click to hide stack frames")'>Click to show all stack frames</a>
<div class='stack-trace' id='stack-trace19639359'><pre>java.lang.IllegalArgumentException: Number of slots must be greater than zero (you requested -2)
	at storm.starter.tools.SlotBasedCounter.&lt;init&gt;(SlotBasedCounter.java:25)
	at storm.starter.tools.SlotBasedCounterTest.negativeOrZeroNumSlotsShouldThrowIAE(SlotBasedCounterTest.java:23)
	at sun.reflect.NativeMethodAccessorImpl.invoke0(Native Method)
	at sun.reflect.NativeMethodAccessorImpl.invoke(NativeMethodAccessorImpl.java:62)
	at sun.reflect.DelegatingMethodAccessorImpl.invoke(DelegatingMethodAccessorImpl.java:43)
	at java.lang.reflect.Method.invoke(Method.java:498)
	at org.testng.internal.MethodInvocationHelper.invokeMethod(MethodInvocationHelper.java:84)
	at org.testng.internal.Invoker.invokeMethod(Invoker.java:714)
	at org.testng.internal.Invoker.invokeTestMethod(Invoker.java:901)
	at org.testng.internal.Invoker.invokeTestMethods(Invoker.java:1231)
	at org.testng.internal.TestMethodWorker.invokeTestMethods(TestMethodWorker.java:127)
	at org.testng.internal.TestMethodWorker.run(TestMethodWorker.java:111)
	at org.testng.TestRunner.privateRun(TestRunner.java:767)
	at org.testng.TestRunner.run(TestRunner.java:617)
	at org.testng.SuiteRunner.runTest(SuiteRunner.java:334)
	at org.testng.SuiteRunner.runSequentially(SuiteRunner.java:329)
	at org.testng.SuiteRunner.privateRun(SuiteRunner.java:291)
	at org.testng.SuiteRunner.run(SuiteRunner.java:240)
	at org.testng.SuiteRunnerWorker.runSuite(SuiteRunnerWorker.java:52)
	at org.testng.SuiteRunnerWorker.run(SuiteRunnerWorker.java:86)
	at org.testng.TestNG.runSuitesSequentially(TestNG.java:1224)
	at org.testng.TestNG.runSuitesLocally(TestNG.java:1149)
	at org.testng.TestNG.run(TestNG.java:1057)
	at org.apache.maven.surefire.testng.TestNGExecutor.run(TestNGExecutor.java:77)
	at org.apache.maven.surefire.testng.TestNGDirectoryTestSuite.executeMulti(TestNGDirectoryTestSuite.java:159)
	at org.apache.maven.surefire.testng.TestNGDirectoryTestSuite.execute(TestNGDirectoryTestSuite.java:99)
	at org.apache.maven.surefire.testng.TestNGProvider.invoke(TestNGProvider.java:106)
	at sun.reflect.NativeMethodAccessorImpl.invoke0(Native Method)
	at sun.reflect.NativeMethodAccessorImpl.invoke(NativeMethodAccessorImpl.java:62)
	at sun.reflect.DelegatingMethodAccessorImpl.invoke(DelegatingMethodAccessorImpl.java:43)
	at java.lang.reflect.Method.invoke(Method.java:498)
	at org.apache.maven.surefire.util.ReflectionUtils.invokeMethodWithArray(ReflectionUtils.java:189)
	at org.apache.maven.surefire.booter.ProviderFactory$ProviderProxy.invoke(ProviderFactory.java:165)
	at org.apache.maven.surefire.booter.ProviderFactory.invokeProvider(ProviderFactory.java:85)
	at org.apache.maven.surefire.booter.ForkedBooter.runSuitesInProcess(ForkedBooter.java:115)
	at org.apache.maven.surefire.booter.ForkedBooter.main(ForkedBooter.java:75)
</pre></div></td>
<td>0</td>
<td>storm.starter.tools.SlotBasedCounterTest@15be6bb</td></tr>
<tr>
<td title='storm.starter.tools.SlotBasedCounterTest.negativeOrZeroNumSlotsShouldThrowIAE()'><b>negativeOrZeroNumSlotsShouldThrowIAE</b><br>Test class: storm.starter.tools.SlotBasedCounterTest<br>Parameters: -1</td>
<td><div><pre>java.lang.IllegalArgumentException: Number of slots must be greater than zero (you requested -1)
	at storm.starter.tools.SlotBasedCounter.&lt;init&gt;(SlotBasedCounter.java:25)
	at storm.starter.tools.SlotBasedCounterTest.negativeOrZeroNumSlotsShouldThrowIAE(SlotBasedCounterTest.java:23)
... Removed 34 stack frames</pre></div><a href='#' onClick='toggleBox("stack-trace553247", this, "Click to show all stack frames", "Click to hide stack frames")'>Click to show all stack frames</a>
<div class='stack-trace' id='stack-trace553247'><pre>java.lang.IllegalArgumentException: Number of slots must be greater than zero (you requested -1)
	at storm.starter.tools.SlotBasedCounter.&lt;init&gt;(SlotBasedCounter.java:25)
	at storm.starter.tools.SlotBasedCounterTest.negativeOrZeroNumSlotsShouldThrowIAE(SlotBasedCounterTest.java:23)
	at sun.reflect.NativeMethodAccessorImpl.invoke0(Native Method)
	at sun.reflect.NativeMethodAccessorImpl.invoke(NativeMethodAccessorImpl.java:62)
	at sun.reflect.DelegatingMethodAccessorImpl.invoke(DelegatingMethodAccessorImpl.java:43)
	at java.lang.reflect.Method.invoke(Method.java:498)
	at org.testng.internal.MethodInvocationHelper.invokeMethod(MethodInvocationHelper.java:84)
	at org.testng.internal.Invoker.invokeMethod(Invoker.java:714)
	at org.testng.internal.Invoker.invokeTestMethod(Invoker.java:901)
	at org.testng.internal.Invoker.invokeTestMethods(Invoker.java:1231)
	at org.testng.internal.TestMethodWorker.invokeTestMethods(TestMethodWorker.java:127)
	at org.testng.internal.TestMethodWorker.run(TestMethodWorker.java:111)
	at org.testng.TestRunner.privateRun(TestRunner.java:767)
	at org.testng.TestRunner.run(TestRunner.java:617)
	at org.testng.SuiteRunner.runTest(SuiteRunner.java:334)
	at org.testng.SuiteRunner.runSequentially(SuiteRunner.java:329)
	at org.testng.SuiteRunner.privateRun(SuiteRunner.java:291)
	at org.testng.SuiteRunner.run(SuiteRunner.java:240)
	at org.testng.SuiteRunnerWorker.runSuite(SuiteRunnerWorker.java:52)
	at org.testng.SuiteRunnerWorker.run(SuiteRunnerWorker.java:86)
	at org.testng.TestNG.runSuitesSequentially(TestNG.java:1224)
	at org.testng.TestNG.runSuitesLocally(TestNG.java:1149)
	at org.testng.TestNG.run(TestNG.java:1057)
	at org.apache.maven.surefire.testng.TestNGExecutor.run(TestNGExecutor.java:77)
	at org.apache.maven.surefire.testng.TestNGDirectoryTestSuite.executeMulti(TestNGDirectoryTestSuite.java:159)
	at org.apache.maven.surefire.testng.TestNGDirectoryTestSuite.execute(TestNGDirectoryTestSuite.java:99)
	at org.apache.maven.surefire.testng.TestNGProvider.invoke(TestNGProvider.java:106)
	at sun.reflect.NativeMethodAccessorImpl.invoke0(Native Method)
	at sun.reflect.NativeMethodAccessorImpl.invoke(NativeMethodAccessorImpl.java:62)
	at sun.reflect.DelegatingMethodAccessorImpl.invoke(DelegatingMethodAccessorImpl.java:43)
	at java.lang.reflect.Method.invoke(Method.java:498)
	at org.apache.maven.surefire.util.ReflectionUtils.invokeMethodWithArray(ReflectionUtils.java:189)
	at org.apache.maven.surefire.booter.ProviderFactory$ProviderProxy.invoke(ProviderFactory.java:165)
	at org.apache.maven.surefire.booter.ProviderFactory.invokeProvider(ProviderFactory.java:85)
	at org.apache.maven.surefire.booter.ForkedBooter.runSuitesInProcess(ForkedBooter.java:115)
	at org.apache.maven.surefire.booter.ForkedBooter.main(ForkedBooter.java:75)
</pre></div></td>
<td>0</td>
<td>storm.starter.tools.SlotBasedCounterTest@15be6bb</td></tr>
<tr>
<td title='storm.starter.tools.SlotBasedCounterTest.negativeOrZeroNumSlotsShouldThrowIAE()'><b>negativeOrZeroNumSlotsShouldThrowIAE</b><br>Test class: storm.starter.tools.SlotBasedCounterTest<br>Parameters: 0</td>
<td><div><pre>java.lang.IllegalArgumentException: Number of slots must be greater than zero (you requested 0)
	at storm.starter.tools.SlotBasedCounter.&lt;init&gt;(SlotBasedCounter.java:25)
	at storm.starter.tools.SlotBasedCounterTest.negativeOrZeroNumSlotsShouldThrowIAE(SlotBasedCounterTest.java:23)
... Removed 34 stack frames</pre></div><a href='#' onClick='toggleBox("stack-trace30327649", this, "Click to show all stack frames", "Click to hide stack frames")'>Click to show all stack frames</a>
<div class='stack-trace' id='stack-trace30327649'><pre>java.lang.IllegalArgumentException: Number of slots must be greater than zero (you requested 0)
	at storm.starter.tools.SlotBasedCounter.&lt;init&gt;(SlotBasedCounter.java:25)
	at storm.starter.tools.SlotBasedCounterTest.negativeOrZeroNumSlotsShouldThrowIAE(SlotBasedCounterTest.java:23)
	at sun.reflect.NativeMethodAccessorImpl.invoke0(Native Method)
	at sun.reflect.NativeMethodAccessorImpl.invoke(NativeMethodAccessorImpl.java:62)
	at sun.reflect.DelegatingMethodAccessorImpl.invoke(DelegatingMethodAccessorImpl.java:43)
	at java.lang.reflect.Method.invoke(Method.java:498)
	at org.testng.internal.MethodInvocationHelper.invokeMethod(MethodInvocationHelper.java:84)
	at org.testng.internal.Invoker.invokeMethod(Invoker.java:714)
	at org.testng.internal.Invoker.invokeTestMethod(Invoker.java:901)
	at org.testng.internal.Invoker.invokeTestMethods(Invoker.java:1231)
	at org.testng.internal.TestMethodWorker.invokeTestMethods(TestMethodWorker.java:127)
	at org.testng.internal.TestMethodWorker.run(TestMethodWorker.java:111)
	at org.testng.TestRunner.privateRun(TestRunner.java:767)
	at org.testng.TestRunner.run(TestRunner.java:617)
	at org.testng.SuiteRunner.runTest(SuiteRunner.java:334)
	at org.testng.SuiteRunner.runSequentially(SuiteRunner.java:329)
	at org.testng.SuiteRunner.privateRun(SuiteRunner.java:291)
	at org.testng.SuiteRunner.run(SuiteRunner.java:240)
	at org.testng.SuiteRunnerWorker.runSuite(SuiteRunnerWorker.java:52)
	at org.testng.SuiteRunnerWorker.run(SuiteRunnerWorker.java:86)
	at org.testng.TestNG.runSuitesSequentially(TestNG.java:1224)
	at org.testng.TestNG.runSuitesLocally(TestNG.java:1149)
	at org.testng.TestNG.run(TestNG.java:1057)
	at org.apache.maven.surefire.testng.TestNGExecutor.run(TestNGExecutor.java:77)
	at org.apache.maven.surefire.testng.TestNGDirectoryTestSuite.executeMulti(TestNGDirectoryTestSuite.java:159)
	at org.apache.maven.surefire.testng.TestNGDirectoryTestSuite.execute(TestNGDirectoryTestSuite.java:99)
	at org.apache.maven.surefire.testng.TestNGProvider.invoke(TestNGProvider.java:106)
	at sun.reflect.NativeMethodAccessorImpl.invoke0(Native Method)
	at sun.reflect.NativeMethodAccessorImpl.invoke(NativeMethodAccessorImpl.java:62)
	at sun.reflect.DelegatingMethodAccessorImpl.invoke(DelegatingMethodAccessorImpl.java:43)
	at java.lang.reflect.Method.invoke(Method.java:498)
	at org.apache.maven.surefire.util.ReflectionUtils.invokeMethodWithArray(ReflectionUtils.java:189)
	at org.apache.maven.surefire.booter.ProviderFactory$ProviderProxy.invoke(ProviderFactory.java:165)
	at org.apache.maven.surefire.booter.ProviderFactory.invokeProvider(ProviderFactory.java:85)
	at org.apache.maven.surefire.booter.ForkedBooter.runSuitesInProcess(ForkedBooter.java:115)
	at org.apache.maven.surefire.booter.ForkedBooter.main(ForkedBooter.java:75)
</pre></div></td>
<td>0</td>
<td>storm.starter.tools.SlotBasedCounterTest@15be6bb</td></tr>
<tr>
<td title='storm.starter.tools.NthLastModifiedTimeTrackerTest.negativeOrZeroNumTimesToTrackShouldThrowIAE()'><b>negativeOrZeroNumTimesToTrackShouldThrowIAE</b><br>Test class: storm.starter.tools.NthLastModifiedTimeTrackerTest<br>Parameters: -10</td>
<td><div><pre>java.lang.IllegalArgumentException: numTimesToTrack must be greater than zero (you requested -10)
	at storm.starter.tools.NthLastModifiedTimeTracker.&lt;init&gt;(NthLastModifiedTimeTracker.java:22)
	at storm.starter.tools.NthLastModifiedTimeTrackerTest.negativeOrZeroNumTimesToTrackShouldThrowIAE(NthLastModifiedTimeTrackerTest.java:21)
... Removed 34 stack frames</pre></div><a href='#' onClick='toggleBox("stack-trace1649918", this, "Click to show all stack frames", "Click to hide stack frames")'>Click to show all stack frames</a>
<div class='stack-trace' id='stack-trace1649918'><pre>java.lang.IllegalArgumentException: numTimesToTrack must be greater than zero (you requested -10)
	at storm.starter.tools.NthLastModifiedTimeTracker.&lt;init&gt;(NthLastModifiedTimeTracker.java:22)
	at storm.starter.tools.NthLastModifiedTimeTrackerTest.negativeOrZeroNumTimesToTrackShouldThrowIAE(NthLastModifiedTimeTrackerTest.java:21)
	at sun.reflect.NativeMethodAccessorImpl.invoke0(Native Method)
	at sun.reflect.NativeMethodAccessorImpl.invoke(NativeMethodAccessorImpl.java:62)
	at sun.reflect.DelegatingMethodAccessorImpl.invoke(DelegatingMethodAccessorImpl.java:43)
	at java.lang.reflect.Method.invoke(Method.java:498)
	at org.testng.internal.MethodInvocationHelper.invokeMethod(MethodInvocationHelper.java:84)
	at org.testng.internal.Invoker.invokeMethod(Invoker.java:714)
	at org.testng.internal.Invoker.invokeTestMethod(Invoker.java:901)
	at org.testng.internal.Invoker.invokeTestMethods(Invoker.java:1231)
	at org.testng.internal.TestMethodWorker.invokeTestMethods(TestMethodWorker.java:127)
	at org.testng.internal.TestMethodWorker.run(TestMethodWorker.java:111)
	at org.testng.TestRunner.privateRun(TestRunner.java:767)
	at org.testng.TestRunner.run(TestRunner.java:617)
	at org.testng.SuiteRunner.runTest(SuiteRunner.java:334)
	at org.testng.SuiteRunner.runSequentially(SuiteRunner.java:329)
	at org.testng.SuiteRunner.privateRun(SuiteRunner.java:291)
	at org.testng.SuiteRunner.run(SuiteRunner.java:240)
	at org.testng.SuiteRunnerWorker.runSuite(SuiteRunnerWorker.java:52)
	at org.testng.SuiteRunnerWorker.run(SuiteRunnerWorker.java:86)
	at org.testng.TestNG.runSuitesSequentially(TestNG.java:1224)
	at org.testng.TestNG.runSuitesLocally(TestNG.java:1149)
	at org.testng.TestNG.run(TestNG.java:1057)
	at org.apache.maven.surefire.testng.TestNGExecutor.run(TestNGExecutor.java:77)
	at org.apache.maven.surefire.testng.TestNGDirectoryTestSuite.executeMulti(TestNGDirectoryTestSuite.java:159)
	at org.apache.maven.surefire.testng.TestNGDirectoryTestSuite.execute(TestNGDirectoryTestSuite.java:99)
	at org.apache.maven.surefire.testng.TestNGProvider.invoke(TestNGProvider.java:106)
	at sun.reflect.NativeMethodAccessorImpl.invoke0(Native Method)
	at sun.reflect.NativeMethodAccessorImpl.invoke(NativeMethodAccessorImpl.java:62)
	at sun.reflect.DelegatingMethodAccessorImpl.invoke(DelegatingMethodAccessorImpl.java:43)
	at java.lang.reflect.Method.invoke(Method.java:498)
	at org.apache.maven.surefire.util.ReflectionUtils.invokeMethodWithArray(ReflectionUtils.java:189)
	at org.apache.maven.surefire.booter.ProviderFactory$ProviderProxy.invoke(ProviderFactory.java:165)
	at org.apache.maven.surefire.booter.ProviderFactory.invokeProvider(ProviderFactory.java:85)
	at org.apache.maven.surefire.booter.ForkedBooter.runSuitesInProcess(ForkedBooter.java:115)
	at org.apache.maven.surefire.booter.ForkedBooter.main(ForkedBooter.java:75)
</pre></div></td>
<td>0</td>
<td>storm.starter.tools.NthLastModifiedTimeTrackerTest@8b7f67</td></tr>
<tr>
<td title='storm.starter.tools.NthLastModifiedTimeTrackerTest.negativeOrZeroNumTimesToTrackShouldThrowIAE()'><b>negativeOrZeroNumTimesToTrackShouldThrowIAE</b><br>Test class: storm.starter.tools.NthLastModifiedTimeTrackerTest<br>Parameters: -3</td>
<td><div><pre>java.lang.IllegalArgumentException: numTimesToTrack must be greater than zero (you requested -3)
	at storm.starter.tools.NthLastModifiedTimeTracker.&lt;init&gt;(NthLastModifiedTimeTracker.java:22)
	at storm.starter.tools.NthLastModifiedTimeTrackerTest.negativeOrZeroNumTimesToTrackShouldThrowIAE(NthLastModifiedTimeTrackerTest.java:21)
... Removed 34 stack frames</pre></div><a href='#' onClick='toggleBox("stack-trace18479943", this, "Click to show all stack frames", "Click to hide stack frames")'>Click to show all stack frames</a>
<div class='stack-trace' id='stack-trace18479943'><pre>java.lang.IllegalArgumentException: numTimesToTrack must be greater than zero (you requested -3)
	at storm.starter.tools.NthLastModifiedTimeTracker.&lt;init&gt;(NthLastModifiedTimeTracker.java:22)
	at storm.starter.tools.NthLastModifiedTimeTrackerTest.negativeOrZeroNumTimesToTrackShouldThrowIAE(NthLastModifiedTimeTrackerTest.java:21)
	at sun.reflect.NativeMethodAccessorImpl.invoke0(Native Method)
	at sun.reflect.NativeMethodAccessorImpl.invoke(NativeMethodAccessorImpl.java:62)
	at sun.reflect.DelegatingMethodAccessorImpl.invoke(DelegatingMethodAccessorImpl.java:43)
	at java.lang.reflect.Method.invoke(Method.java:498)
	at org.testng.internal.MethodInvocationHelper.invokeMethod(MethodInvocationHelper.java:84)
	at org.testng.internal.Invoker.invokeMethod(Invoker.java:714)
	at org.testng.internal.Invoker.invokeTestMethod(Invoker.java:901)
	at org.testng.internal.Invoker.invokeTestMethods(Invoker.java:1231)
	at org.testng.internal.TestMethodWorker.invokeTestMethods(TestMethodWorker.java:127)
	at org.testng.internal.TestMethodWorker.run(TestMethodWorker.java:111)
	at org.testng.TestRunner.privateRun(TestRunner.java:767)
	at org.testng.TestRunner.run(TestRunner.java:617)
	at org.testng.SuiteRunner.runTest(SuiteRunner.java:334)
	at org.testng.SuiteRunner.runSequentially(SuiteRunner.java:329)
	at org.testng.SuiteRunner.privateRun(SuiteRunner.java:291)
	at org.testng.SuiteRunner.run(SuiteRunner.java:240)
	at org.testng.SuiteRunnerWorker.runSuite(SuiteRunnerWorker.java:52)
	at org.testng.SuiteRunnerWorker.run(SuiteRunnerWorker.java:86)
	at org.testng.TestNG.runSuitesSequentially(TestNG.java:1224)
	at org.testng.TestNG.runSuitesLocally(TestNG.java:1149)
	at org.testng.TestNG.run(TestNG.java:1057)
	at org.apache.maven.surefire.testng.TestNGExecutor.run(TestNGExecutor.java:77)
	at org.apache.maven.surefire.testng.TestNGDirectoryTestSuite.executeMulti(TestNGDirectoryTestSuite.java:159)
	at org.apache.maven.surefire.testng.TestNGDirectoryTestSuite.execute(TestNGDirectoryTestSuite.java:99)
	at org.apache.maven.surefire.testng.TestNGProvider.invoke(TestNGProvider.java:106)
	at sun.reflect.NativeMethodAccessorImpl.invoke0(Native Method)
	at sun.reflect.NativeMethodAccessorImpl.invoke(NativeMethodAccessorImpl.java:62)
	at sun.reflect.DelegatingMethodAccessorImpl.invoke(DelegatingMethodAccessorImpl.java:43)
	at java.lang.reflect.Method.invoke(Method.java:498)
	at org.apache.maven.surefire.util.ReflectionUtils.invokeMethodWithArray(ReflectionUtils.java:189)
	at org.apache.maven.surefire.booter.ProviderFactory$ProviderProxy.invoke(ProviderFactory.java:165)
	at org.apache.maven.surefire.booter.ProviderFactory.invokeProvider(ProviderFactory.java:85)
	at org.apache.maven.surefire.booter.ForkedBooter.runSuitesInProcess(ForkedBooter.java:115)
	at org.apache.maven.surefire.booter.ForkedBooter.main(ForkedBooter.java:75)
</pre></div></td>
<td>0</td>
<td>storm.starter.tools.NthLastModifiedTimeTrackerTest@8b7f67</td></tr>
<tr>
<td title='storm.starter.tools.NthLastModifiedTimeTrackerTest.negativeOrZeroNumTimesToTrackShouldThrowIAE()'><b>negativeOrZeroNumTimesToTrackShouldThrowIAE</b><br>Test class: storm.starter.tools.NthLastModifiedTimeTrackerTest<br>Parameters: -2</td>
<td><div><pre>java.lang.IllegalArgumentException: numTimesToTrack must be greater than zero (you requested -2)
	at storm.starter.tools.NthLastModifiedTimeTracker.&lt;init&gt;(NthLastModifiedTimeTracker.java:22)
	at storm.starter.tools.NthLastModifiedTimeTrackerTest.negativeOrZeroNumTimesToTrackShouldThrowIAE(NthLastModifiedTimeTrackerTest.java:21)
... Removed 34 stack frames</pre></div><a href='#' onClick='toggleBox("stack-trace26437228", this, "Click to show all stack frames", "Click to hide stack frames")'>Click to show all stack frames</a>
<div class='stack-trace' id='stack-trace26437228'><pre>java.lang.IllegalArgumentException: numTimesToTrack must be greater than zero (you requested -2)
	at storm.starter.tools.NthLastModifiedTimeTracker.&lt;init&gt;(NthLastModifiedTimeTracker.java:22)
	at storm.starter.tools.NthLastModifiedTimeTrackerTest.negativeOrZeroNumTimesToTrackShouldThrowIAE(NthLastModifiedTimeTrackerTest.java:21)
	at sun.reflect.NativeMethodAccessorImpl.invoke0(Native Method)
	at sun.reflect.NativeMethodAccessorImpl.invoke(NativeMethodAccessorImpl.java:62)
	at sun.reflect.DelegatingMethodAccessorImpl.invoke(DelegatingMethodAccessorImpl.java:43)
	at java.lang.reflect.Method.invoke(Method.java:498)
	at org.testng.internal.MethodInvocationHelper.invokeMethod(MethodInvocationHelper.java:84)
	at org.testng.internal.Invoker.invokeMethod(Invoker.java:714)
	at org.testng.internal.Invoker.invokeTestMethod(Invoker.java:901)
	at org.testng.internal.Invoker.invokeTestMethods(Invoker.java:1231)
	at org.testng.internal.TestMethodWorker.invokeTestMethods(TestMethodWorker.java:127)
	at org.testng.internal.TestMethodWorker.run(TestMethodWorker.java:111)
	at org.testng.TestRunner.privateRun(TestRunner.java:767)
	at org.testng.TestRunner.run(TestRunner.java:617)
	at org.testng.SuiteRunner.runTest(SuiteRunner.java:334)
	at org.testng.SuiteRunner.runSequentially(SuiteRunner.java:329)
	at org.testng.SuiteRunner.privateRun(SuiteRunner.java:291)
	at org.testng.SuiteRunner.run(SuiteRunner.java:240)
	at org.testng.SuiteRunnerWorker.runSuite(SuiteRunnerWorker.java:52)
	at org.testng.SuiteRunnerWorker.run(SuiteRunnerWorker.java:86)
	at org.testng.TestNG.runSuitesSequentially(TestNG.java:1224)
	at org.testng.TestNG.runSuitesLocally(TestNG.java:1149)
	at org.testng.TestNG.run(TestNG.java:1057)
	at org.apache.maven.surefire.testng.TestNGExecutor.run(TestNGExecutor.java:77)
	at org.apache.maven.surefire.testng.TestNGDirectoryTestSuite.executeMulti(TestNGDirectoryTestSuite.java:159)
	at org.apache.maven.surefire.testng.TestNGDirectoryTestSuite.execute(TestNGDirectoryTestSuite.java:99)
	at org.apache.maven.surefire.testng.TestNGProvider.invoke(TestNGProvider.java:106)
	at sun.reflect.NativeMethodAccessorImpl.invoke0(Native Method)
	at sun.reflect.NativeMethodAccessorImpl.invoke(NativeMethodAccessorImpl.java:62)
	at sun.reflect.DelegatingMethodAccessorImpl.invoke(DelegatingMethodAccessorImpl.java:43)
	at java.lang.reflect.Method.invoke(Method.java:498)
	at org.apache.maven.surefire.util.ReflectionUtils.invokeMethodWithArray(ReflectionUtils.java:189)
	at org.apache.maven.surefire.booter.ProviderFactory$ProviderProxy.invoke(ProviderFactory.java:165)
	at org.apache.maven.surefire.booter.ProviderFactory.invokeProvider(ProviderFactory.java:85)
	at org.apache.maven.surefire.booter.ForkedBooter.runSuitesInProcess(ForkedBooter.java:115)
	at org.apache.maven.surefire.booter.ForkedBooter.main(ForkedBooter.java:75)
</pre></div></td>
<td>0</td>
<td>storm.starter.tools.NthLastModifiedTimeTrackerTest@8b7f67</td></tr>
<tr>
<td title='storm.starter.tools.NthLastModifiedTimeTrackerTest.negativeOrZeroNumTimesToTrackShouldThrowIAE()'><b>negativeOrZeroNumTimesToTrackShouldThrowIAE</b><br>Test class: storm.starter.tools.NthLastModifiedTimeTrackerTest<br>Parameters: -1</td>
<td><div><pre>java.lang.IllegalArgumentException: numTimesToTrack must be greater than zero (you requested -1)
	at storm.starter.tools.NthLastModifiedTimeTracker.&lt;init&gt;(NthLastModifiedTimeTracker.java:22)
	at storm.starter.tools.NthLastModifiedTimeTrackerTest.negativeOrZeroNumTimesToTrackShouldThrowIAE(NthLastModifiedTimeTrackerTest.java:21)
... Removed 34 stack frames</pre></div><a href='#' onClick='toggleBox("stack-trace14609023", this, "Click to show all stack frames", "Click to hide stack frames")'>Click to show all stack frames</a>
<div class='stack-trace' id='stack-trace14609023'><pre>java.lang.IllegalArgumentException: numTimesToTrack must be greater than zero (you requested -1)
	at storm.starter.tools.NthLastModifiedTimeTracker.&lt;init&gt;(NthLastModifiedTimeTracker.java:22)
	at storm.starter.tools.NthLastModifiedTimeTrackerTest.negativeOrZeroNumTimesToTrackShouldThrowIAE(NthLastModifiedTimeTrackerTest.java:21)
	at sun.reflect.NativeMethodAccessorImpl.invoke0(Native Method)
	at sun.reflect.NativeMethodAccessorImpl.invoke(NativeMethodAccessorImpl.java:62)
	at sun.reflect.DelegatingMethodAccessorImpl.invoke(DelegatingMethodAccessorImpl.java:43)
	at java.lang.reflect.Method.invoke(Method.java:498)
	at org.testng.internal.MethodInvocationHelper.invokeMethod(MethodInvocationHelper.java:84)
	at org.testng.internal.Invoker.invokeMethod(Invoker.java:714)
	at org.testng.internal.Invoker.invokeTestMethod(Invoker.java:901)
	at org.testng.internal.Invoker.invokeTestMethods(Invoker.java:1231)
	at org.testng.internal.TestMethodWorker.invokeTestMethods(TestMethodWorker.java:127)
	at org.testng.internal.TestMethodWorker.run(TestMethodWorker.java:111)
	at org.testng.TestRunner.privateRun(TestRunner.java:767)
	at org.testng.TestRunner.run(TestRunner.java:617)
	at org.testng.SuiteRunner.runTest(SuiteRunner.java:334)
	at org.testng.SuiteRunner.runSequentially(SuiteRunner.java:329)
	at org.testng.SuiteRunner.privateRun(SuiteRunner.java:291)
	at org.testng.SuiteRunner.run(SuiteRunner.java:240)
	at org.testng.SuiteRunnerWorker.runSuite(SuiteRunnerWorker.java:52)
	at org.testng.SuiteRunnerWorker.run(SuiteRunnerWorker.java:86)
	at org.testng.TestNG.runSuitesSequentially(TestNG.java:1224)
	at org.testng.TestNG.runSuitesLocally(TestNG.java:1149)
	at org.testng.TestNG.run(TestNG.java:1057)
	at org.apache.maven.surefire.testng.TestNGExecutor.run(TestNGExecutor.java:77)
	at org.apache.maven.surefire.testng.TestNGDirectoryTestSuite.executeMulti(TestNGDirectoryTestSuite.java:159)
	at org.apache.maven.surefire.testng.TestNGDirectoryTestSuite.execute(TestNGDirectoryTestSuite.java:99)
	at org.apache.maven.surefire.testng.TestNGProvider.invoke(TestNGProvider.java:106)
	at sun.reflect.NativeMethodAccessorImpl.invoke0(Native Method)
	at sun.reflect.NativeMethodAccessorImpl.invoke(NativeMethodAccessorImpl.java:62)
	at sun.reflect.DelegatingMethodAccessorImpl.invoke(DelegatingMethodAccessorImpl.java:43)
	at java.lang.reflect.Method.invoke(Method.java:498)
	at org.apache.maven.surefire.util.ReflectionUtils.invokeMethodWithArray(ReflectionUtils.java:189)
	at org.apache.maven.surefire.booter.ProviderFactory$ProviderProxy.invoke(ProviderFactory.java:165)
	at org.apache.maven.surefire.booter.ProviderFactory.invokeProvider(ProviderFactory.java:85)
	at org.apache.maven.surefire.booter.ForkedBooter.runSuitesInProcess(ForkedBooter.java:115)
	at org.apache.maven.surefire.booter.ForkedBooter.main(ForkedBooter.java:75)
</pre></div></td>
<td>0</td>
<td>storm.starter.tools.NthLastModifiedTimeTrackerTest@8b7f67</td></tr>
<tr>
<td title='storm.starter.tools.NthLastModifiedTimeTrackerTest.negativeOrZeroNumTimesToTrackShouldThrowIAE()'><b>negativeOrZeroNumTimesToTrackShouldThrowIAE</b><br>Test class: storm.starter.tools.NthLastModifiedTimeTrackerTest<br>Parameters: 0</td>
<td><div><pre>java.lang.IllegalArgumentException: numTimesToTrack must be greater than zero (you requested 0)
	at storm.starter.tools.NthLastModifiedTimeTracker.&lt;init&gt;(NthLastModifiedTimeTracker.java:22)
	at storm.starter.tools.NthLastModifiedTimeTrackerTest.negativeOrZeroNumTimesToTrackShouldThrowIAE(NthLastModifiedTimeTrackerTest.java:21)
... Removed 34 stack frames</pre></div><a href='#' onClick='toggleBox("stack-trace25386054", this, "Click to show all stack frames", "Click to hide stack frames")'>Click to show all stack frames</a>
<div class='stack-trace' id='stack-trace25386054'><pre>java.lang.IllegalArgumentException: numTimesToTrack must be greater than zero (you requested 0)
	at storm.starter.tools.NthLastModifiedTimeTracker.&lt;init&gt;(NthLastModifiedTimeTracker.java:22)
	at storm.starter.tools.NthLastModifiedTimeTrackerTest.negativeOrZeroNumTimesToTrackShouldThrowIAE(NthLastModifiedTimeTrackerTest.java:21)
	at sun.reflect.NativeMethodAccessorImpl.invoke0(Native Method)
	at sun.reflect.NativeMethodAccessorImpl.invoke(NativeMethodAccessorImpl.java:62)
	at sun.reflect.DelegatingMethodAccessorImpl.invoke(DelegatingMethodAccessorImpl.java:43)
	at java.lang.reflect.Method.invoke(Method.java:498)
	at org.testng.internal.MethodInvocationHelper.invokeMethod(MethodInvocationHelper.java:84)
	at org.testng.internal.Invoker.invokeMethod(Invoker.java:714)
	at org.testng.internal.Invoker.invokeTestMethod(Invoker.java:901)
	at org.testng.internal.Invoker.invokeTestMethods(Invoker.java:1231)
	at org.testng.internal.TestMethodWorker.invokeTestMethods(TestMethodWorker.java:127)
	at org.testng.internal.TestMethodWorker.run(TestMethodWorker.java:111)
	at org.testng.TestRunner.privateRun(TestRunner.java:767)
	at org.testng.TestRunner.run(TestRunner.java:617)
	at org.testng.SuiteRunner.runTest(SuiteRunner.java:334)
	at org.testng.SuiteRunner.runSequentially(SuiteRunner.java:329)
	at org.testng.SuiteRunner.privateRun(SuiteRunner.java:291)
	at org.testng.SuiteRunner.run(SuiteRunner.java:240)
	at org.testng.SuiteRunnerWorker.runSuite(SuiteRunnerWorker.java:52)
	at org.testng.SuiteRunnerWorker.run(SuiteRunnerWorker.java:86)
	at org.testng.TestNG.runSuitesSequentially(TestNG.java:1224)
	at org.testng.TestNG.runSuitesLocally(TestNG.java:1149)
	at org.testng.TestNG.run(TestNG.java:1057)
	at org.apache.maven.surefire.testng.TestNGExecutor.run(TestNGExecutor.java:77)
	at org.apache.maven.surefire.testng.TestNGDirectoryTestSuite.executeMulti(TestNGDirectoryTestSuite.java:159)
	at org.apache.maven.surefire.testng.TestNGDirectoryTestSuite.execute(TestNGDirectoryTestSuite.java:99)
	at org.apache.maven.surefire.testng.TestNGProvider.invoke(TestNGProvider.java:106)
	at sun.reflect.NativeMethodAccessorImpl.invoke0(Native Method)
	at sun.reflect.NativeMethodAccessorImpl.invoke(NativeMethodAccessorImpl.java:62)
	at sun.reflect.DelegatingMethodAccessorImpl.invoke(DelegatingMethodAccessorImpl.java:43)
	at java.lang.reflect.Method.invoke(Method.java:498)
	at org.apache.maven.surefire.util.ReflectionUtils.invokeMethodWithArray(ReflectionUtils.java:189)
	at org.apache.maven.surefire.booter.ProviderFactory$ProviderProxy.invoke(ProviderFactory.java:165)
	at org.apache.maven.surefire.booter.ProviderFactory.invokeProvider(ProviderFactory.java:85)
	at org.apache.maven.surefire.booter.ForkedBooter.runSuitesInProcess(ForkedBooter.java:115)
	at org.apache.maven.surefire.booter.ForkedBooter.main(ForkedBooter.java:75)
</pre></div></td>
<td>0</td>
<td>storm.starter.tools.NthLastModifiedTimeTrackerTest@8b7f67</td></tr>
<tr>
<td title='storm.starter.bolt.IntermediateRankingsBoltTest.negativeOrZeroTopNShouldThrowIAE()'><b>negativeOrZeroTopNShouldThrowIAE</b><br>Test class: storm.starter.bolt.IntermediateRankingsBoltTest<br>Parameters: -10</td>
<td><div><pre>java.lang.IllegalArgumentException: topN must be &gt;= 1 (you requested -10)
	at storm.starter.bolt.AbstractRankerBolt.&lt;init&gt;(AbstractRankerBolt.java:44)
	at storm.starter.bolt.AbstractRankerBolt.&lt;init&gt;(AbstractRankerBolt.java:39)
	at storm.starter.bolt.IntermediateRankingsBolt.&lt;init&gt;(IntermediateRankingsBolt.java:24)
	at storm.starter.bolt.IntermediateRankingsBoltTest.negativeOrZeroTopNShouldThrowIAE(IntermediateRankingsBoltTest.java:41)
... Removed 34 stack frames</pre></div><a href='#' onClick='toggleBox("stack-trace21337023", this, "Click to show all stack frames", "Click to hide stack frames")'>Click to show all stack frames</a>
<div class='stack-trace' id='stack-trace21337023'><pre>java.lang.IllegalArgumentException: topN must be &gt;= 1 (you requested -10)
	at storm.starter.bolt.AbstractRankerBolt.&lt;init&gt;(AbstractRankerBolt.java:44)
	at storm.starter.bolt.AbstractRankerBolt.&lt;init&gt;(AbstractRankerBolt.java:39)
	at storm.starter.bolt.IntermediateRankingsBolt.&lt;init&gt;(IntermediateRankingsBolt.java:24)
	at storm.starter.bolt.IntermediateRankingsBoltTest.negativeOrZeroTopNShouldThrowIAE(IntermediateRankingsBoltTest.java:41)
	at sun.reflect.NativeMethodAccessorImpl.invoke0(Native Method)
	at sun.reflect.NativeMethodAccessorImpl.invoke(NativeMethodAccessorImpl.java:62)
	at sun.reflect.DelegatingMethodAccessorImpl.invoke(DelegatingMethodAccessorImpl.java:43)
	at java.lang.reflect.Method.invoke(Method.java:498)
	at org.testng.internal.MethodInvocationHelper.invokeMethod(MethodInvocationHelper.java:84)
	at org.testng.internal.Invoker.invokeMethod(Invoker.java:714)
	at org.testng.internal.Invoker.invokeTestMethod(Invoker.java:901)
	at org.testng.internal.Invoker.invokeTestMethods(Invoker.java:1231)
	at org.testng.internal.TestMethodWorker.invokeTestMethods(TestMethodWorker.java:127)
	at org.testng.internal.TestMethodWorker.run(TestMethodWorker.java:111)
	at org.testng.TestRunner.privateRun(TestRunner.java:767)
	at org.testng.TestRunner.run(TestRunner.java:617)
	at org.testng.SuiteRunner.runTest(SuiteRunner.java:334)
	at org.testng.SuiteRunner.runSequentially(SuiteRunner.java:329)
	at org.testng.SuiteRunner.privateRun(SuiteRunner.java:291)
	at org.testng.SuiteRunner.run(SuiteRunner.java:240)
	at org.testng.SuiteRunnerWorker.runSuite(SuiteRunnerWorker.java:52)
	at org.testng.SuiteRunnerWorker.run(SuiteRunnerWorker.java:86)
	at org.testng.TestNG.runSuitesSequentially(TestNG.java:1224)
	at org.testng.TestNG.runSuitesLocally(TestNG.java:1149)
	at org.testng.TestNG.run(TestNG.java:1057)
	at org.apache.maven.surefire.testng.TestNGExecutor.run(TestNGExecutor.java:77)
	at org.apache.maven.surefire.testng.TestNGDirectoryTestSuite.executeMulti(TestNGDirectoryTestSuite.java:159)
	at org.apache.maven.surefire.testng.TestNGDirectoryTestSuite.execute(TestNGDirectoryTestSuite.java:99)
	at org.apache.maven.surefire.testng.TestNGProvider.invoke(TestNGProvider.java:106)
	at sun.reflect.NativeMethodAccessorImpl.invoke0(Native Method)
	at sun.reflect.NativeMethodAccessorImpl.invoke(NativeMethodAccessorImpl.java:62)
	at sun.reflect.DelegatingMethodAccessorImpl.invoke(DelegatingMethodAccessorImpl.java:43)
	at java.lang.reflect.Method.invoke(Method.java:498)
	at org.apache.maven.surefire.util.ReflectionUtils.invokeMethodWithArray(ReflectionUtils.java:189)
	at org.apache.maven.surefire.booter.ProviderFactory$ProviderProxy.invoke(ProviderFactory.java:165)
	at org.apache.maven.surefire.booter.ProviderFactory.invokeProvider(ProviderFactory.java:85)
	at org.apache.maven.surefire.booter.ForkedBooter.runSuitesInProcess(ForkedBooter.java:115)
	at org.apache.maven.surefire.booter.ForkedBooter.main(ForkedBooter.java:75)
</pre></div></td>
<td>0</td>
<td>storm.starter.bolt.IntermediateRankingsBoltTest@178f375</td></tr>
<tr>
<td title='storm.starter.bolt.IntermediateRankingsBoltTest.negativeOrZeroTopNShouldThrowIAE()'><b>negativeOrZeroTopNShouldThrowIAE</b><br>Test class: storm.starter.bolt.IntermediateRankingsBoltTest<br>Parameters: -3</td>
<td><div><pre>java.lang.IllegalArgumentException: topN must be &gt;= 1 (you requested -3)
	at storm.starter.bolt.AbstractRankerBolt.&lt;init&gt;(AbstractRankerBolt.java:44)
	at storm.starter.bolt.AbstractRankerBolt.&lt;init&gt;(AbstractRankerBolt.java:39)
	at storm.starter.bolt.IntermediateRankingsBolt.&lt;init&gt;(IntermediateRankingsBolt.java:24)
	at storm.starter.bolt.IntermediateRankingsBoltTest.negativeOrZeroTopNShouldThrowIAE(IntermediateRankingsBoltTest.java:41)
... Removed 34 stack frames</pre></div><a href='#' onClick='toggleBox("stack-trace28630634", this, "Click to show all stack frames", "Click to hide stack frames")'>Click to show all stack frames</a>
<div class='stack-trace' id='stack-trace28630634'><pre>java.lang.IllegalArgumentException: topN must be &gt;= 1 (you requested -3)
	at storm.starter.bolt.AbstractRankerBolt.&lt;init&gt;(AbstractRankerBolt.java:44)
	at storm.starter.bolt.AbstractRankerBolt.&lt;init&gt;(AbstractRankerBolt.java:39)
	at storm.starter.bolt.IntermediateRankingsBolt.&lt;init&gt;(IntermediateRankingsBolt.java:24)
	at storm.starter.bolt.IntermediateRankingsBoltTest.negativeOrZeroTopNShouldThrowIAE(IntermediateRankingsBoltTest.java:41)
	at sun.reflect.NativeMethodAccessorImpl.invoke0(Native Method)
	at sun.reflect.NativeMethodAccessorImpl.invoke(NativeMethodAccessorImpl.java:62)
	at sun.reflect.DelegatingMethodAccessorImpl.invoke(DelegatingMethodAccessorImpl.java:43)
	at java.lang.reflect.Method.invoke(Method.java:498)
	at org.testng.internal.MethodInvocationHelper.invokeMethod(MethodInvocationHelper.java:84)
	at org.testng.internal.Invoker.invokeMethod(Invoker.java:714)
	at org.testng.internal.Invoker.invokeTestMethod(Invoker.java:901)
	at org.testng.internal.Invoker.invokeTestMethods(Invoker.java:1231)
	at org.testng.internal.TestMethodWorker.invokeTestMethods(TestMethodWorker.java:127)
	at org.testng.internal.TestMethodWorker.run(TestMethodWorker.java:111)
	at org.testng.TestRunner.privateRun(TestRunner.java:767)
	at org.testng.TestRunner.run(TestRunner.java:617)
	at org.testng.SuiteRunner.runTest(SuiteRunner.java:334)
	at org.testng.SuiteRunner.runSequentially(SuiteRunner.java:329)
	at org.testng.SuiteRunner.privateRun(SuiteRunner.java:291)
	at org.testng.SuiteRunner.run(SuiteRunner.java:240)
	at org.testng.SuiteRunnerWorker.runSuite(SuiteRunnerWorker.java:52)
	at org.testng.SuiteRunnerWorker.run(SuiteRunnerWorker.java:86)
	at org.testng.TestNG.runSuitesSequentially(TestNG.java:1224)
	at org.testng.TestNG.runSuitesLocally(TestNG.java:1149)
	at org.testng.TestNG.run(TestNG.java:1057)
	at org.apache.maven.surefire.testng.TestNGExecutor.run(TestNGExecutor.java:77)
	at org.apache.maven.surefire.testng.TestNGDirectoryTestSuite.executeMulti(TestNGDirectoryTestSuite.java:159)
	at org.apache.maven.surefire.testng.TestNGDirectoryTestSuite.execute(TestNGDirectoryTestSuite.java:99)
	at org.apache.maven.surefire.testng.TestNGProvider.invoke(TestNGProvider.java:106)
	at sun.reflect.NativeMethodAccessorImpl.invoke0(Native Method)
	at sun.reflect.NativeMethodAccessorImpl.invoke(NativeMethodAccessorImpl.java:62)
	at sun.reflect.DelegatingMethodAccessorImpl.invoke(DelegatingMethodAccessorImpl.java:43)
	at java.lang.reflect.Method.invoke(Method.java:498)
	at org.apache.maven.surefire.util.ReflectionUtils.invokeMethodWithArray(ReflectionUtils.java:189)
	at org.apache.maven.surefire.booter.ProviderFactory$ProviderProxy.invoke(ProviderFactory.java:165)
	at org.apache.maven.surefire.booter.ProviderFactory.invokeProvider(ProviderFactory.java:85)
	at org.apache.maven.surefire.booter.ForkedBooter.runSuitesInProcess(ForkedBooter.java:115)
	at org.apache.maven.surefire.booter.ForkedBooter.main(ForkedBooter.java:75)
</pre></div></td>
<td>0</td>
<td>storm.starter.bolt.IntermediateRankingsBoltTest@178f375</td></tr>
<tr>
<td title='storm.starter.bolt.IntermediateRankingsBoltTest.negativeOrZeroTopNShouldThrowIAE()'><b>negativeOrZeroTopNShouldThrowIAE</b><br>Test class: storm.starter.bolt.IntermediateRankingsBoltTest<br>Parameters: -2</td>
<td><div><pre>java.lang.IllegalArgumentException: topN must be &gt;= 1 (you requested -2)
	at storm.starter.bolt.AbstractRankerBolt.&lt;init&gt;(AbstractRankerBolt.java:44)
	at storm.starter.bolt.AbstractRankerBolt.&lt;init&gt;(AbstractRankerBolt.java:39)
	at storm.starter.bolt.IntermediateRankingsBolt.&lt;init&gt;(IntermediateRankingsBolt.java:24)
	at storm.starter.bolt.IntermediateRankingsBoltTest.negativeOrZeroTopNShouldThrowIAE(IntermediateRankingsBoltTest.java:41)
... Removed 34 stack frames</pre></div><a href='#' onClick='toggleBox("stack-trace27365147", this, "Click to show all stack frames", "Click to hide stack frames")'>Click to show all stack frames</a>
<div class='stack-trace' id='stack-trace27365147'><pre>java.lang.IllegalArgumentException: topN must be &gt;= 1 (you requested -2)
	at storm.starter.bolt.AbstractRankerBolt.&lt;init&gt;(AbstractRankerBolt.java:44)
	at storm.starter.bolt.AbstractRankerBolt.&lt;init&gt;(AbstractRankerBolt.java:39)
	at storm.starter.bolt.IntermediateRankingsBolt.&lt;init&gt;(IntermediateRankingsBolt.java:24)
	at storm.starter.bolt.IntermediateRankingsBoltTest.negativeOrZeroTopNShouldThrowIAE(IntermediateRankingsBoltTest.java:41)
	at sun.reflect.NativeMethodAccessorImpl.invoke0(Native Method)
	at sun.reflect.NativeMethodAccessorImpl.invoke(NativeMethodAccessorImpl.java:62)
	at sun.reflect.DelegatingMethodAccessorImpl.invoke(DelegatingMethodAccessorImpl.java:43)
	at java.lang.reflect.Method.invoke(Method.java:498)
	at org.testng.internal.MethodInvocationHelper.invokeMethod(MethodInvocationHelper.java:84)
	at org.testng.internal.Invoker.invokeMethod(Invoker.java:714)
	at org.testng.internal.Invoker.invokeTestMethod(Invoker.java:901)
	at org.testng.internal.Invoker.invokeTestMethods(Invoker.java:1231)
	at org.testng.internal.TestMethodWorker.invokeTestMethods(TestMethodWorker.java:127)
	at org.testng.internal.TestMethodWorker.run(TestMethodWorker.java:111)
	at org.testng.TestRunner.privateRun(TestRunner.java:767)
	at org.testng.TestRunner.run(TestRunner.java:617)
	at org.testng.SuiteRunner.runTest(SuiteRunner.java:334)
	at org.testng.SuiteRunner.runSequentially(SuiteRunner.java:329)
	at org.testng.SuiteRunner.privateRun(SuiteRunner.java:291)
	at org.testng.SuiteRunner.run(SuiteRunner.java:240)
	at org.testng.SuiteRunnerWorker.runSuite(SuiteRunnerWorker.java:52)
	at org.testng.SuiteRunnerWorker.run(SuiteRunnerWorker.java:86)
	at org.testng.TestNG.runSuitesSequentially(TestNG.java:1224)
	at org.testng.TestNG.runSuitesLocally(TestNG.java:1149)
	at org.testng.TestNG.run(TestNG.java:1057)
	at org.apache.maven.surefire.testng.TestNGExecutor.run(TestNGExecutor.java:77)
	at org.apache.maven.surefire.testng.TestNGDirectoryTestSuite.executeMulti(TestNGDirectoryTestSuite.java:159)
	at org.apache.maven.surefire.testng.TestNGDirectoryTestSuite.execute(TestNGDirectoryTestSuite.java:99)
	at org.apache.maven.surefire.testng.TestNGProvider.invoke(TestNGProvider.java:106)
	at sun.reflect.NativeMethodAccessorImpl.invoke0(Native Method)
	at sun.reflect.NativeMethodAccessorImpl.invoke(NativeMethodAccessorImpl.java:62)
	at sun.reflect.DelegatingMethodAccessorImpl.invoke(DelegatingMethodAccessorImpl.java:43)
	at java.lang.reflect.Method.invoke(Method.java:498)
	at org.apache.maven.surefire.util.ReflectionUtils.invokeMethodWithArray(ReflectionUtils.java:189)
	at org.apache.maven.surefire.booter.ProviderFactory$ProviderProxy.invoke(ProviderFactory.java:165)
	at org.apache.maven.surefire.booter.ProviderFactory.invokeProvider(ProviderFactory.java:85)
	at org.apache.maven.surefire.booter.ForkedBooter.runSuitesInProcess(ForkedBooter.java:115)
	at org.apache.maven.surefire.booter.ForkedBooter.main(ForkedBooter.java:75)
</pre></div></td>
<td>0</td>
<td>storm.starter.bolt.IntermediateRankingsBoltTest@178f375</td></tr>
<tr>
<td title='storm.starter.bolt.IntermediateRankingsBoltTest.negativeOrZeroTopNShouldThrowIAE()'><b>negativeOrZeroTopNShouldThrowIAE</b><br>Test class: storm.starter.bolt.IntermediateRankingsBoltTest<br>Parameters: -1</td>
<td><div><pre>java.lang.IllegalArgumentException: topN must be &gt;= 1 (you requested -1)
	at storm.starter.bolt.AbstractRankerBolt.&lt;init&gt;(AbstractRankerBolt.java:44)
	at storm.starter.bolt.AbstractRankerBolt.&lt;init&gt;(AbstractRankerBolt.java:39)
	at storm.starter.bolt.IntermediateRankingsBolt.&lt;init&gt;(IntermediateRankingsBolt.java:24)
	at storm.starter.bolt.IntermediateRankingsBoltTest.negativeOrZeroTopNShouldThrowIAE(IntermediateRankingsBoltTest.java:41)
... Removed 34 stack frames</pre></div><a href='#' onClick='toggleBox("stack-trace26173282", this, "Click to show all stack frames", "Click to hide stack frames")'>Click to show all stack frames</a>
<div class='stack-trace' id='stack-trace26173282'><pre>java.lang.IllegalArgumentException: topN must be &gt;= 1 (you requested -1)
	at storm.starter.bolt.AbstractRankerBolt.&lt;init&gt;(AbstractRankerBolt.java:44)
	at storm.starter.bolt.AbstractRankerBolt.&lt;init&gt;(AbstractRankerBolt.java:39)
	at storm.starter.bolt.IntermediateRankingsBolt.&lt;init&gt;(IntermediateRankingsBolt.java:24)
	at storm.starter.bolt.IntermediateRankingsBoltTest.negativeOrZeroTopNShouldThrowIAE(IntermediateRankingsBoltTest.java:41)
	at sun.reflect.NativeMethodAccessorImpl.invoke0(Native Method)
	at sun.reflect.NativeMethodAccessorImpl.invoke(NativeMethodAccessorImpl.java:62)
	at sun.reflect.DelegatingMethodAccessorImpl.invoke(DelegatingMethodAccessorImpl.java:43)
	at java.lang.reflect.Method.invoke(Method.java:498)
	at org.testng.internal.MethodInvocationHelper.invokeMethod(MethodInvocationHelper.java:84)
	at org.testng.internal.Invoker.invokeMethod(Invoker.java:714)
	at org.testng.internal.Invoker.invokeTestMethod(Invoker.java:901)
	at org.testng.internal.Invoker.invokeTestMethods(Invoker.java:1231)
	at org.testng.internal.TestMethodWorker.invokeTestMethods(TestMethodWorker.java:127)
	at org.testng.internal.TestMethodWorker.run(TestMethodWorker.java:111)
	at org.testng.TestRunner.privateRun(TestRunner.java:767)
	at org.testng.TestRunner.run(TestRunner.java:617)
	at org.testng.SuiteRunner.runTest(SuiteRunner.java:334)
	at org.testng.SuiteRunner.runSequentially(SuiteRunner.java:329)
	at org.testng.SuiteRunner.privateRun(SuiteRunner.java:291)
	at org.testng.SuiteRunner.run(SuiteRunner.java:240)
	at org.testng.SuiteRunnerWorker.runSuite(SuiteRunnerWorker.java:52)
	at org.testng.SuiteRunnerWorker.run(SuiteRunnerWorker.java:86)
	at org.testng.TestNG.runSuitesSequentially(TestNG.java:1224)
	at org.testng.TestNG.runSuitesLocally(TestNG.java:1149)
	at org.testng.TestNG.run(TestNG.java:1057)
	at org.apache.maven.surefire.testng.TestNGExecutor.run(TestNGExecutor.java:77)
	at org.apache.maven.surefire.testng.TestNGDirectoryTestSuite.executeMulti(TestNGDirectoryTestSuite.java:159)
	at org.apache.maven.surefire.testng.TestNGDirectoryTestSuite.execute(TestNGDirectoryTestSuite.java:99)
	at org.apache.maven.surefire.testng.TestNGProvider.invoke(TestNGProvider.java:106)
	at sun.reflect.NativeMethodAccessorImpl.invoke0(Native Method)
	at sun.reflect.NativeMethodAccessorImpl.invoke(NativeMethodAccessorImpl.java:62)
	at sun.reflect.DelegatingMethodAccessorImpl.invoke(DelegatingMethodAccessorImpl.java:43)
	at java.lang.reflect.Method.invoke(Method.java:498)
	at org.apache.maven.surefire.util.ReflectionUtils.invokeMethodWithArray(ReflectionUtils.java:189)
	at org.apache.maven.surefire.booter.ProviderFactory$ProviderProxy.invoke(ProviderFactory.java:165)
	at org.apache.maven.surefire.booter.ProviderFactory.invokeProvider(ProviderFactory.java:85)
	at org.apache.maven.surefire.booter.ForkedBooter.runSuitesInProcess(ForkedBooter.java:115)
	at org.apache.maven.surefire.booter.ForkedBooter.main(ForkedBooter.java:75)
</pre></div></td>
<td>0</td>
<td>storm.starter.bolt.IntermediateRankingsBoltTest@178f375</td></tr>
<tr>
<td title='storm.starter.bolt.IntermediateRankingsBoltTest.negativeOrZeroTopNShouldThrowIAE()'><b>negativeOrZeroTopNShouldThrowIAE</b><br>Test class: storm.starter.bolt.IntermediateRankingsBoltTest<br>Parameters: 0</td>
<td><div><pre>java.lang.IllegalArgumentException: topN must be &gt;= 1 (you requested 0)
	at storm.starter.bolt.AbstractRankerBolt.&lt;init&gt;(AbstractRankerBolt.java:44)
	at storm.starter.bolt.AbstractRankerBolt.&lt;init&gt;(AbstractRankerBolt.java:39)
	at storm.starter.bolt.IntermediateRankingsBolt.&lt;init&gt;(IntermediateRankingsBolt.java:24)
	at storm.starter.bolt.IntermediateRankingsBoltTest.negativeOrZeroTopNShouldThrowIAE(IntermediateRankingsBoltTest.java:41)
... Removed 34 stack frames</pre></div><a href='#' onClick='toggleBox("stack-trace6875463", this, "Click to show all stack frames", "Click to hide stack frames")'>Click to show all stack frames</a>
<div class='stack-trace' id='stack-trace6875463'><pre>java.lang.IllegalArgumentException: topN must be &gt;= 1 (you requested 0)
	at storm.starter.bolt.AbstractRankerBolt.&lt;init&gt;(AbstractRankerBolt.java:44)
	at storm.starter.bolt.AbstractRankerBolt.&lt;init&gt;(AbstractRankerBolt.java:39)
	at storm.starter.bolt.IntermediateRankingsBolt.&lt;init&gt;(IntermediateRankingsBolt.java:24)
	at storm.starter.bolt.IntermediateRankingsBoltTest.negativeOrZeroTopNShouldThrowIAE(IntermediateRankingsBoltTest.java:41)
	at sun.reflect.NativeMethodAccessorImpl.invoke0(Native Method)
	at sun.reflect.NativeMethodAccessorImpl.invoke(NativeMethodAccessorImpl.java:62)
	at sun.reflect.DelegatingMethodAccessorImpl.invoke(DelegatingMethodAccessorImpl.java:43)
	at java.lang.reflect.Method.invoke(Method.java:498)
	at org.testng.internal.MethodInvocationHelper.invokeMethod(MethodInvocationHelper.java:84)
	at org.testng.internal.Invoker.invokeMethod(Invoker.java:714)
	at org.testng.internal.Invoker.invokeTestMethod(Invoker.java:901)
	at org.testng.internal.Invoker.invokeTestMethods(Invoker.java:1231)
	at org.testng.internal.TestMethodWorker.invokeTestMethods(TestMethodWorker.java:127)
	at org.testng.internal.TestMethodWorker.run(TestMethodWorker.java:111)
	at org.testng.TestRunner.privateRun(TestRunner.java:767)
	at org.testng.TestRunner.run(TestRunner.java:617)
	at org.testng.SuiteRunner.runTest(SuiteRunner.java:334)
	at org.testng.SuiteRunner.runSequentially(SuiteRunner.java:329)
	at org.testng.SuiteRunner.privateRun(SuiteRunner.java:291)
	at org.testng.SuiteRunner.run(SuiteRunner.java:240)
	at org.testng.SuiteRunnerWorker.runSuite(SuiteRunnerWorker.java:52)
	at org.testng.SuiteRunnerWorker.run(SuiteRunnerWorker.java:86)
	at org.testng.TestNG.runSuitesSequentially(TestNG.java:1224)
	at org.testng.TestNG.runSuitesLocally(TestNG.java:1149)
	at org.testng.TestNG.run(TestNG.java:1057)
	at org.apache.maven.surefire.testng.TestNGExecutor.run(TestNGExecutor.java:77)
	at org.apache.maven.surefire.testng.TestNGDirectoryTestSuite.executeMulti(TestNGDirectoryTestSuite.java:159)
	at org.apache.maven.surefire.testng.TestNGDirectoryTestSuite.execute(TestNGDirectoryTestSuite.java:99)
	at org.apache.maven.surefire.testng.TestNGProvider.invoke(TestNGProvider.java:106)
	at sun.reflect.NativeMethodAccessorImpl.invoke0(Native Method)
	at sun.reflect.NativeMethodAccessorImpl.invoke(NativeMethodAccessorImpl.java:62)
	at sun.reflect.DelegatingMethodAccessorImpl.invoke(DelegatingMethodAccessorImpl.java:43)
	at java.lang.reflect.Method.invoke(Method.java:498)
	at org.apache.maven.surefire.util.ReflectionUtils.invokeMethodWithArray(ReflectionUtils.java:189)
	at org.apache.maven.surefire.booter.ProviderFactory$ProviderProxy.invoke(ProviderFactory.java:165)
	at org.apache.maven.surefire.booter.ProviderFactory.invokeProvider(ProviderFactory.java:85)
	at org.apache.maven.surefire.booter.ForkedBooter.runSuitesInProcess(ForkedBooter.java:115)
	at org.apache.maven.surefire.booter.ForkedBooter.main(ForkedBooter.java:75)
</pre></div></td>
<td>0</td>
<td>storm.starter.bolt.IntermediateRankingsBoltTest@178f375</td></tr>
<tr>
<td title='storm.starter.bolt.TotalRankingsBoltTest.negativeOrZeroTopNShouldThrowIAE()'><b>negativeOrZeroTopNShouldThrowIAE</b><br>Test class: storm.starter.bolt.TotalRankingsBoltTest<br>Parameters: -10</td>
<td><div><pre>java.lang.IllegalArgumentException: topN must be &gt;= 1 (you requested -10)
	at storm.starter.bolt.AbstractRankerBolt.&lt;init&gt;(AbstractRankerBolt.java:44)
	at storm.starter.bolt.AbstractRankerBolt.&lt;init&gt;(AbstractRankerBolt.java:39)
	at storm.starter.bolt.TotalRankingsBolt.&lt;init&gt;(TotalRankingsBolt.java:23)
	at storm.starter.bolt.TotalRankingsBoltTest.negativeOrZeroTopNShouldThrowIAE(TotalRankingsBoltTest.java:42)
... Removed 34 stack frames</pre></div><a href='#' onClick='toggleBox("stack-trace11458572", this, "Click to show all stack frames", "Click to hide stack frames")'>Click to show all stack frames</a>
<div class='stack-trace' id='stack-trace11458572'><pre>java.lang.IllegalArgumentException: topN must be &gt;= 1 (you requested -10)
	at storm.starter.bolt.AbstractRankerBolt.&lt;init&gt;(AbstractRankerBolt.java:44)
	at storm.starter.bolt.AbstractRankerBolt.&lt;init&gt;(AbstractRankerBolt.java:39)
	at storm.starter.bolt.TotalRankingsBolt.&lt;init&gt;(TotalRankingsBolt.java:23)
	at storm.starter.bolt.TotalRankingsBoltTest.negativeOrZeroTopNShouldThrowIAE(TotalRankingsBoltTest.java:42)
	at sun.reflect.NativeMethodAccessorImpl.invoke0(Native Method)
	at sun.reflect.NativeMethodAccessorImpl.invoke(NativeMethodAccessorImpl.java:62)
	at sun.reflect.DelegatingMethodAccessorImpl.invoke(DelegatingMethodAccessorImpl.java:43)
	at java.lang.reflect.Method.invoke(Method.java:498)
	at org.testng.internal.MethodInvocationHelper.invokeMethod(MethodInvocationHelper.java:84)
	at org.testng.internal.Invoker.invokeMethod(Invoker.java:714)
	at org.testng.internal.Invoker.invokeTestMethod(Invoker.java:901)
	at org.testng.internal.Invoker.invokeTestMethods(Invoker.java:1231)
	at org.testng.internal.TestMethodWorker.invokeTestMethods(TestMethodWorker.java:127)
	at org.testng.internal.TestMethodWorker.run(TestMethodWorker.java:111)
	at org.testng.TestRunner.privateRun(TestRunner.java:767)
	at org.testng.TestRunner.run(TestRunner.java:617)
	at org.testng.SuiteRunner.runTest(SuiteRunner.java:334)
	at org.testng.SuiteRunner.runSequentially(SuiteRunner.java:329)
	at org.testng.SuiteRunner.privateRun(SuiteRunner.java:291)
	at org.testng.SuiteRunner.run(SuiteRunner.java:240)
	at org.testng.SuiteRunnerWorker.runSuite(SuiteRunnerWorker.java:52)
	at org.testng.SuiteRunnerWorker.run(SuiteRunnerWorker.java:86)
	at org.testng.TestNG.runSuitesSequentially(TestNG.java:1224)
	at org.testng.TestNG.runSuitesLocally(TestNG.java:1149)
	at org.testng.TestNG.run(TestNG.java:1057)
	at org.apache.maven.surefire.testng.TestNGExecutor.run(TestNGExecutor.java:77)
	at org.apache.maven.surefire.testng.TestNGDirectoryTestSuite.executeMulti(TestNGDirectoryTestSuite.java:159)
	at org.apache.maven.surefire.testng.TestNGDirectoryTestSuite.execute(TestNGDirectoryTestSuite.java:99)
	at org.apache.maven.surefire.testng.TestNGProvider.invoke(TestNGProvider.java:106)
	at sun.reflect.NativeMethodAccessorImpl.invoke0(Native Method)
	at sun.reflect.NativeMethodAccessorImpl.invoke(NativeMethodAccessorImpl.java:62)
	at sun.reflect.DelegatingMethodAccessorImpl.invoke(DelegatingMethodAccessorImpl.java:43)
	at java.lang.reflect.Method.invoke(Method.java:498)
	at org.apache.maven.surefire.util.ReflectionUtils.invokeMethodWithArray(ReflectionUtils.java:189)
	at org.apache.maven.surefire.booter.ProviderFactory$ProviderProxy.invoke(ProviderFactory.java:165)
	at org.apache.maven.surefire.booter.ProviderFactory.invokeProvider(ProviderFactory.java:85)
	at org.apache.maven.surefire.booter.ForkedBooter.runSuitesInProcess(ForkedBooter.java:115)
	at org.apache.maven.surefire.booter.ForkedBooter.main(ForkedBooter.java:75)
</pre></div></td>
<td>0</td>
<td>storm.starter.bolt.TotalRankingsBoltTest@c87b21</td></tr>
<tr>
<td title='storm.starter.bolt.TotalRankingsBoltTest.negativeOrZeroTopNShouldThrowIAE()'><b>negativeOrZeroTopNShouldThrowIAE</b><br>Test class: storm.starter.bolt.TotalRankingsBoltTest<br>Parameters: -3</td>
<td><div><pre>java.lang.IllegalArgumentException: topN must be &gt;= 1 (you requested -3)
	at storm.starter.bolt.AbstractRankerBolt.&lt;init&gt;(AbstractRankerBolt.java:44)
	at storm.starter.bolt.AbstractRankerBolt.&lt;init&gt;(AbstractRankerBolt.java:39)
	at storm.starter.bolt.TotalRankingsBolt.&lt;init&gt;(TotalRankingsBolt.java:23)
	at storm.starter.bolt.TotalRankingsBoltTest.negativeOrZeroTopNShouldThrowIAE(TotalRankingsBoltTest.java:42)
... Removed 34 stack frames</pre></div><a href='#' onClick='toggleBox("stack-trace5430179", this, "Click to show all stack frames", "Click to hide stack frames")'>Click to show all stack frames</a>
<div class='stack-trace' id='stack-trace5430179'><pre>java.lang.IllegalArgumentException: topN must be &gt;= 1 (you requested -3)
	at storm.starter.bolt.AbstractRankerBolt.&lt;init&gt;(AbstractRankerBolt.java:44)
	at storm.starter.bolt.AbstractRankerBolt.&lt;init&gt;(AbstractRankerBolt.java:39)
	at storm.starter.bolt.TotalRankingsBolt.&lt;init&gt;(TotalRankingsBolt.java:23)
	at storm.starter.bolt.TotalRankingsBoltTest.negativeOrZeroTopNShouldThrowIAE(TotalRankingsBoltTest.java:42)
	at sun.reflect.NativeMethodAccessorImpl.invoke0(Native Method)
	at sun.reflect.NativeMethodAccessorImpl.invoke(NativeMethodAccessorImpl.java:62)
	at sun.reflect.DelegatingMethodAccessorImpl.invoke(DelegatingMethodAccessorImpl.java:43)
	at java.lang.reflect.Method.invoke(Method.java:498)
	at org.testng.internal.MethodInvocationHelper.invokeMethod(MethodInvocationHelper.java:84)
	at org.testng.internal.Invoker.invokeMethod(Invoker.java:714)
	at org.testng.internal.Invoker.invokeTestMethod(Invoker.java:901)
	at org.testng.internal.Invoker.invokeTestMethods(Invoker.java:1231)
	at org.testng.internal.TestMethodWorker.invokeTestMethods(TestMethodWorker.java:127)
	at org.testng.internal.TestMethodWorker.run(TestMethodWorker.java:111)
	at org.testng.TestRunner.privateRun(TestRunner.java:767)
	at org.testng.TestRunner.run(TestRunner.java:617)
	at org.testng.SuiteRunner.runTest(SuiteRunner.java:334)
	at org.testng.SuiteRunner.runSequentially(SuiteRunner.java:329)
	at org.testng.SuiteRunner.privateRun(SuiteRunner.java:291)
	at org.testng.SuiteRunner.run(SuiteRunner.java:240)
	at org.testng.SuiteRunnerWorker.runSuite(SuiteRunnerWorker.java:52)
	at org.testng.SuiteRunnerWorker.run(SuiteRunnerWorker.java:86)
	at org.testng.TestNG.runSuitesSequentially(TestNG.java:1224)
	at org.testng.TestNG.runSuitesLocally(TestNG.java:1149)
	at org.testng.TestNG.run(TestNG.java:1057)
	at org.apache.maven.surefire.testng.TestNGExecutor.run(TestNGExecutor.java:77)
	at org.apache.maven.surefire.testng.TestNGDirectoryTestSuite.executeMulti(TestNGDirectoryTestSuite.java:159)
	at org.apache.maven.surefire.testng.TestNGDirectoryTestSuite.execute(TestNGDirectoryTestSuite.java:99)
	at org.apache.maven.surefire.testng.TestNGProvider.invoke(TestNGProvider.java:106)
	at sun.reflect.NativeMethodAccessorImpl.invoke0(Native Method)
	at sun.reflect.NativeMethodAccessorImpl.invoke(NativeMethodAccessorImpl.java:62)
	at sun.reflect.DelegatingMethodAccessorImpl.invoke(DelegatingMethodAccessorImpl.java:43)
	at java.lang.reflect.Method.invoke(Method.java:498)
	at org.apache.maven.surefire.util.ReflectionUtils.invokeMethodWithArray(ReflectionUtils.java:189)
	at org.apache.maven.surefire.booter.ProviderFactory$ProviderProxy.invoke(ProviderFactory.java:165)
	at org.apache.maven.surefire.booter.ProviderFactory.invokeProvider(ProviderFactory.java:85)
	at org.apache.maven.surefire.booter.ForkedBooter.runSuitesInProcess(ForkedBooter.java:115)
	at org.apache.maven.surefire.booter.ForkedBooter.main(ForkedBooter.java:75)
</pre></div></td>
<td>0</td>
<td>storm.starter.bolt.TotalRankingsBoltTest@c87b21</td></tr>
<tr>
<td title='storm.starter.bolt.TotalRankingsBoltTest.negativeOrZeroTopNShouldThrowIAE()'><b>negativeOrZeroTopNShouldThrowIAE</b><br>Test class: storm.starter.bolt.TotalRankingsBoltTest<br>Parameters: -2</td>
<td><div><pre>java.lang.IllegalArgumentException: topN must be &gt;= 1 (you requested -2)
	at storm.starter.bolt.AbstractRankerBolt.&lt;init&gt;(AbstractRankerBolt.java:44)
	at storm.starter.bolt.AbstractRankerBolt.&lt;init&gt;(AbstractRankerBolt.java:39)
	at storm.starter.bolt.TotalRankingsBolt.&lt;init&gt;(TotalRankingsBolt.java:23)
	at storm.starter.bolt.TotalRankingsBoltTest.negativeOrZeroTopNShouldThrowIAE(TotalRankingsBoltTest.java:42)
... Removed 34 stack frames</pre></div><a href='#' onClick='toggleBox("stack-trace6065471", this, "Click to show all stack frames", "Click to hide stack frames")'>Click to show all stack frames</a>
<div class='stack-trace' id='stack-trace6065471'><pre>java.lang.IllegalArgumentException: topN must be &gt;= 1 (you requested -2)
	at storm.starter.bolt.AbstractRankerBolt.&lt;init&gt;(AbstractRankerBolt.java:44)
	at storm.starter.bolt.AbstractRankerBolt.&lt;init&gt;(AbstractRankerBolt.java:39)
	at storm.starter.bolt.TotalRankingsBolt.&lt;init&gt;(TotalRankingsBolt.java:23)
	at storm.starter.bolt.TotalRankingsBoltTest.negativeOrZeroTopNShouldThrowIAE(TotalRankingsBoltTest.java:42)
	at sun.reflect.NativeMethodAccessorImpl.invoke0(Native Method)
	at sun.reflect.NativeMethodAccessorImpl.invoke(NativeMethodAccessorImpl.java:62)
	at sun.reflect.DelegatingMethodAccessorImpl.invoke(DelegatingMethodAccessorImpl.java:43)
	at java.lang.reflect.Method.invoke(Method.java:498)
	at org.testng.internal.MethodInvocationHelper.invokeMethod(MethodInvocationHelper.java:84)
	at org.testng.internal.Invoker.invokeMethod(Invoker.java:714)
	at org.testng.internal.Invoker.invokeTestMethod(Invoker.java:901)
	at org.testng.internal.Invoker.invokeTestMethods(Invoker.java:1231)
	at org.testng.internal.TestMethodWorker.invokeTestMethods(TestMethodWorker.java:127)
	at org.testng.internal.TestMethodWorker.run(TestMethodWorker.java:111)
	at org.testng.TestRunner.privateRun(TestRunner.java:767)
	at org.testng.TestRunner.run(TestRunner.java:617)
	at org.testng.SuiteRunner.runTest(SuiteRunner.java:334)
	at org.testng.SuiteRunner.runSequentially(SuiteRunner.java:329)
	at org.testng.SuiteRunner.privateRun(SuiteRunner.java:291)
	at org.testng.SuiteRunner.run(SuiteRunner.java:240)
	at org.testng.SuiteRunnerWorker.runSuite(SuiteRunnerWorker.java:52)
	at org.testng.SuiteRunnerWorker.run(SuiteRunnerWorker.java:86)
	at org.testng.TestNG.runSuitesSequentially(TestNG.java:1224)
	at org.testng.TestNG.runSuitesLocally(TestNG.java:1149)
	at org.testng.TestNG.run(TestNG.java:1057)
	at org.apache.maven.surefire.testng.TestNGExecutor.run(TestNGExecutor.java:77)
	at org.apache.maven.surefire.testng.TestNGDirectoryTestSuite.executeMulti(TestNGDirectoryTestSuite.java:159)
	at org.apache.maven.surefire.testng.TestNGDirectoryTestSuite.execute(TestNGDirectoryTestSuite.java:99)
	at org.apache.maven.surefire.testng.TestNGProvider.invoke(TestNGProvider.java:106)
	at sun.reflect.NativeMethodAccessorImpl.invoke0(Native Method)
	at sun.reflect.NativeMethodAccessorImpl.invoke(NativeMethodAccessorImpl.java:62)
	at sun.reflect.DelegatingMethodAccessorImpl.invoke(DelegatingMethodAccessorImpl.java:43)
	at java.lang.reflect.Method.invoke(Method.java:498)
	at org.apache.maven.surefire.util.ReflectionUtils.invokeMethodWithArray(ReflectionUtils.java:189)
	at org.apache.maven.surefire.booter.ProviderFactory$ProviderProxy.invoke(ProviderFactory.java:165)
	at org.apache.maven.surefire.booter.ProviderFactory.invokeProvider(ProviderFactory.java:85)
	at org.apache.maven.surefire.booter.ForkedBooter.runSuitesInProcess(ForkedBooter.java:115)
	at org.apache.maven.surefire.booter.ForkedBooter.main(ForkedBooter.java:75)
</pre></div></td>
<td>0</td>
<td>storm.starter.bolt.TotalRankingsBoltTest@c87b21</td></tr>
<tr>
<td title='storm.starter.bolt.TotalRankingsBoltTest.negativeOrZeroTopNShouldThrowIAE()'><b>negativeOrZeroTopNShouldThrowIAE</b><br>Test class: storm.starter.bolt.TotalRankingsBoltTest<br>Parameters: -1</td>
<td><div><pre>java.lang.IllegalArgumentException: topN must be &gt;= 1 (you requested -1)
	at storm.starter.bolt.AbstractRankerBolt.&lt;init&gt;(AbstractRankerBolt.java:44)
	at storm.starter.bolt.AbstractRankerBolt.&lt;init&gt;(AbstractRankerBolt.java:39)
	at storm.starter.bolt.TotalRankingsBolt.&lt;init&gt;(TotalRankingsBolt.java:23)
	at storm.starter.bolt.TotalRankingsBoltTest.negativeOrZeroTopNShouldThrowIAE(TotalRankingsBoltTest.java:42)
... Removed 34 stack frames</pre></div><a href='#' onClick='toggleBox("stack-trace19080621", this, "Click to show all stack frames", "Click to hide stack frames")'>Click to show all stack frames</a>
<div class='stack-trace' id='stack-trace19080621'><pre>java.lang.IllegalArgumentException: topN must be &gt;= 1 (you requested -1)
	at storm.starter.bolt.AbstractRankerBolt.&lt;init&gt;(AbstractRankerBolt.java:44)
	at storm.starter.bolt.AbstractRankerBolt.&lt;init&gt;(AbstractRankerBolt.java:39)
	at storm.starter.bolt.TotalRankingsBolt.&lt;init&gt;(TotalRankingsBolt.java:23)
	at storm.starter.bolt.TotalRankingsBoltTest.negativeOrZeroTopNShouldThrowIAE(TotalRankingsBoltTest.java:42)
	at sun.reflect.NativeMethodAccessorImpl.invoke0(Native Method)
	at sun.reflect.NativeMethodAccessorImpl.invoke(NativeMethodAccessorImpl.java:62)
	at sun.reflect.DelegatingMethodAccessorImpl.invoke(DelegatingMethodAccessorImpl.java:43)
	at java.lang.reflect.Method.invoke(Method.java:498)
	at org.testng.internal.MethodInvocationHelper.invokeMethod(MethodInvocationHelper.java:84)
	at org.testng.internal.Invoker.invokeMethod(Invoker.java:714)
	at org.testng.internal.Invoker.invokeTestMethod(Invoker.java:901)
	at org.testng.internal.Invoker.invokeTestMethods(Invoker.java:1231)
	at org.testng.internal.TestMethodWorker.invokeTestMethods(TestMethodWorker.java:127)
	at org.testng.internal.TestMethodWorker.run(TestMethodWorker.java:111)
	at org.testng.TestRunner.privateRun(TestRunner.java:767)
	at org.testng.TestRunner.run(TestRunner.java:617)
	at org.testng.SuiteRunner.runTest(SuiteRunner.java:334)
	at org.testng.SuiteRunner.runSequentially(SuiteRunner.java:329)
	at org.testng.SuiteRunner.privateRun(SuiteRunner.java:291)
	at org.testng.SuiteRunner.run(SuiteRunner.java:240)
	at org.testng.SuiteRunnerWorker.runSuite(SuiteRunnerWorker.java:52)
	at org.testng.SuiteRunnerWorker.run(SuiteRunnerWorker.java:86)
	at org.testng.TestNG.runSuitesSequentially(TestNG.java:1224)
	at org.testng.TestNG.runSuitesLocally(TestNG.java:1149)
	at org.testng.TestNG.run(TestNG.java:1057)
	at org.apache.maven.surefire.testng.TestNGExecutor.run(TestNGExecutor.java:77)
	at org.apache.maven.surefire.testng.TestNGDirectoryTestSuite.executeMulti(TestNGDirectoryTestSuite.java:159)
	at org.apache.maven.surefire.testng.TestNGDirectoryTestSuite.execute(TestNGDirectoryTestSuite.java:99)
	at org.apache.maven.surefire.testng.TestNGProvider.invoke(TestNGProvider.java:106)
	at sun.reflect.NativeMethodAccessorImpl.invoke0(Native Method)
	at sun.reflect.NativeMethodAccessorImpl.invoke(NativeMethodAccessorImpl.java:62)
	at sun.reflect.DelegatingMethodAccessorImpl.invoke(DelegatingMethodAccessorImpl.java:43)
	at java.lang.reflect.Method.invoke(Method.java:498)
	at org.apache.maven.surefire.util.ReflectionUtils.invokeMethodWithArray(ReflectionUtils.java:189)
	at org.apache.maven.surefire.booter.ProviderFactory$ProviderProxy.invoke(ProviderFactory.java:165)
	at org.apache.maven.surefire.booter.ProviderFactory.invokeProvider(ProviderFactory.java:85)
	at org.apache.maven.surefire.booter.ForkedBooter.runSuitesInProcess(ForkedBooter.java:115)
	at org.apache.maven.surefire.booter.ForkedBooter.main(ForkedBooter.java:75)
</pre></div></td>
<td>0</td>
<td>storm.starter.bolt.TotalRankingsBoltTest@c87b21</td></tr>
<tr>
<td title='storm.starter.bolt.TotalRankingsBoltTest.negativeOrZeroTopNShouldThrowIAE()'><b>negativeOrZeroTopNShouldThrowIAE</b><br>Test class: storm.starter.bolt.TotalRankingsBoltTest<br>Parameters: 0</td>
<td><div><pre>java.lang.IllegalArgumentException: topN must be &gt;= 1 (you requested 0)
	at storm.starter.bolt.AbstractRankerBolt.&lt;init&gt;(AbstractRankerBolt.java:44)
	at storm.starter.bolt.AbstractRankerBolt.&lt;init&gt;(AbstractRankerBolt.java:39)
	at storm.starter.bolt.TotalRankingsBolt.&lt;init&gt;(TotalRankingsBolt.java:23)
	at storm.starter.bolt.TotalRankingsBoltTest.negativeOrZeroTopNShouldThrowIAE(TotalRankingsBoltTest.java:42)
... Removed 34 stack frames</pre></div><a href='#' onClick='toggleBox("stack-trace27258301", this, "Click to show all stack frames", "Click to hide stack frames")'>Click to show all stack frames</a>
<div class='stack-trace' id='stack-trace27258301'><pre>java.lang.IllegalArgumentException: topN must be &gt;= 1 (you requested 0)
	at storm.starter.bolt.AbstractRankerBolt.&lt;init&gt;(AbstractRankerBolt.java:44)
	at storm.starter.bolt.AbstractRankerBolt.&lt;init&gt;(AbstractRankerBolt.java:39)
	at storm.starter.bolt.TotalRankingsBolt.&lt;init&gt;(TotalRankingsBolt.java:23)
	at storm.starter.bolt.TotalRankingsBoltTest.negativeOrZeroTopNShouldThrowIAE(TotalRankingsBoltTest.java:42)
	at sun.reflect.NativeMethodAccessorImpl.invoke0(Native Method)
	at sun.reflect.NativeMethodAccessorImpl.invoke(NativeMethodAccessorImpl.java:62)
	at sun.reflect.DelegatingMethodAccessorImpl.invoke(DelegatingMethodAccessorImpl.java:43)
	at java.lang.reflect.Method.invoke(Method.java:498)
	at org.testng.internal.MethodInvocationHelper.invokeMethod(MethodInvocationHelper.java:84)
	at org.testng.internal.Invoker.invokeMethod(Invoker.java:714)
	at org.testng.internal.Invoker.invokeTestMethod(Invoker.java:901)
	at org.testng.internal.Invoker.invokeTestMethods(Invoker.java:1231)
	at org.testng.internal.TestMethodWorker.invokeTestMethods(TestMethodWorker.java:127)
	at org.testng.internal.TestMethodWorker.run(TestMethodWorker.java:111)
	at org.testng.TestRunner.privateRun(TestRunner.java:767)
	at org.testng.TestRunner.run(TestRunner.java:617)
	at org.testng.SuiteRunner.runTest(SuiteRunner.java:334)
	at org.testng.SuiteRunner.runSequentially(SuiteRunner.java:329)
	at org.testng.SuiteRunner.privateRun(SuiteRunner.java:291)
	at org.testng.SuiteRunner.run(SuiteRunner.java:240)
	at org.testng.SuiteRunnerWorker.runSuite(SuiteRunnerWorker.java:52)
	at org.testng.SuiteRunnerWorker.run(SuiteRunnerWorker.java:86)
	at org.testng.TestNG.runSuitesSequentially(TestNG.java:1224)
	at org.testng.TestNG.runSuitesLocally(TestNG.java:1149)
	at org.testng.TestNG.run(TestNG.java:1057)
	at org.apache.maven.surefire.testng.TestNGExecutor.run(TestNGExecutor.java:77)
	at org.apache.maven.surefire.testng.TestNGDirectoryTestSuite.executeMulti(TestNGDirectoryTestSuite.java:159)
	at org.apache.maven.surefire.testng.TestNGDirectoryTestSuite.execute(TestNGDirectoryTestSuite.java:99)
	at org.apache.maven.surefire.testng.TestNGProvider.invoke(TestNGProvider.java:106)
	at sun.reflect.NativeMethodAccessorImpl.invoke0(Native Method)
	at sun.reflect.NativeMethodAccessorImpl.invoke(NativeMethodAccessorImpl.java:62)
	at sun.reflect.DelegatingMethodAccessorImpl.invoke(DelegatingMethodAccessorImpl.java:43)
	at java.lang.reflect.Method.invoke(Method.java:498)
	at org.apache.maven.surefire.util.ReflectionUtils.invokeMethodWithArray(ReflectionUtils.java:189)
	at org.apache.maven.surefire.booter.ProviderFactory$ProviderProxy.invoke(ProviderFactory.java:165)
	at org.apache.maven.surefire.booter.ProviderFactory.invokeProvider(ProviderFactory.java:85)
	at org.apache.maven.surefire.booter.ForkedBooter.runSuitesInProcess(ForkedBooter.java:115)
	at org.apache.maven.surefire.booter.ForkedBooter.main(ForkedBooter.java:75)
</pre></div></td>
<td>0</td>
<td>storm.starter.bolt.TotalRankingsBoltTest@c87b21</td></tr>
<tr>
<td title='storm.starter.tools.SlidingWindowCounterTest.newInstanceShouldHaveEmptyCounts()'><b>newInstanceShouldHaveEmptyCounts</b><br>Test class: storm.starter.tools.SlidingWindowCounterTest</td>
<td></td>
<td>0</td>
<td>storm.starter.tools.SlidingWindowCounterTest@c7a4e4</td></tr>
<tr>
<td title='storm.starter.tools.SlotBasedCounterTest.newInstanceShouldHaveEmptyCounts()'><b>newInstanceShouldHaveEmptyCounts</b><br>Test class: storm.starter.tools.SlotBasedCounterTest</td>
<td></td>
<td>0</td>
<td>storm.starter.tools.SlotBasedCounterTest@15be6bb</td></tr>
<tr>
<td title='storm.starter.bolt.IntermediateRankingsBoltTest.positiveEmitFrequencyShouldBeOk()'><b>positiveEmitFrequencyShouldBeOk</b><br>Test class: storm.starter.bolt.IntermediateRankingsBoltTest<br>Parameters: 1</td>
<td></td>
<td>0</td>
<td>storm.starter.bolt.IntermediateRankingsBoltTest@178f375</td></tr>
<tr>
<td title='storm.starter.bolt.IntermediateRankingsBoltTest.positiveEmitFrequencyShouldBeOk()'><b>positiveEmitFrequencyShouldBeOk</b><br>Test class: storm.starter.bolt.IntermediateRankingsBoltTest<br>Parameters: 2</td>
<td></td>
<td>0</td>
<td>storm.starter.bolt.IntermediateRankingsBoltTest@178f375</td></tr>
<tr>
<td title='storm.starter.bolt.IntermediateRankingsBoltTest.positiveEmitFrequencyShouldBeOk()'><b>positiveEmitFrequencyShouldBeOk</b><br>Test class: storm.starter.bolt.IntermediateRankingsBoltTest<br>Parameters: 3</td>
<td></td>
<td>0</td>
<td>storm.starter.bolt.IntermediateRankingsBoltTest@178f375</td></tr>
<tr>
<td title='storm.starter.bolt.IntermediateRankingsBoltTest.positiveEmitFrequencyShouldBeOk()'><b>positiveEmitFrequencyShouldBeOk</b><br>Test class: storm.starter.bolt.IntermediateRankingsBoltTest<br>Parameters: 20</td>
<td></td>
<td>0</td>
<td>storm.starter.bolt.IntermediateRankingsBoltTest@178f375</td></tr>
<tr>
<td title='storm.starter.bolt.TotalRankingsBoltTest.positiveEmitFrequencyShouldBeOk()'><b>positiveEmitFrequencyShouldBeOk</b><br>Test class: storm.starter.bolt.TotalRankingsBoltTest<br>Parameters: 1</td>
<td></td>
<td>0</td>
<td>storm.starter.bolt.TotalRankingsBoltTest@c87b21</td></tr>
<tr>
<td title='storm.starter.bolt.TotalRankingsBoltTest.positiveEmitFrequencyShouldBeOk()'><b>positiveEmitFrequencyShouldBeOk</b><br>Test class: storm.starter.bolt.TotalRankingsBoltTest<br>Parameters: 2</td>
<td></td>
<td>0</td>
<td>storm.starter.bolt.TotalRankingsBoltTest@c87b21</td></tr>
<tr>
<td title='storm.starter.bolt.TotalRankingsBoltTest.positiveEmitFrequencyShouldBeOk()'><b>positiveEmitFrequencyShouldBeOk</b><br>Test class: storm.starter.bolt.TotalRankingsBoltTest<br>Parameters: 3</td>
<td></td>
<td>0</td>
<td>storm.starter.bolt.TotalRankingsBoltTest@c87b21</td></tr>
<tr>
<td title='storm.starter.bolt.TotalRankingsBoltTest.positiveEmitFrequencyShouldBeOk()'><b>positiveEmitFrequencyShouldBeOk</b><br>Test class: storm.starter.bolt.TotalRankingsBoltTest<br>Parameters: 20</td>
<td></td>
<td>0</td>
<td>storm.starter.bolt.TotalRankingsBoltTest@c87b21</td></tr>
<tr>
<td title='storm.starter.tools.SlotBasedCounterTest.positiveNumSlotsShouldBeOk()'><b>positiveNumSlotsShouldBeOk</b><br>Test class: storm.starter.tools.SlotBasedCounterTest<br>Parameters: 1</td>
<td></td>
<td>0</td>
<td>storm.starter.tools.SlotBasedCounterTest@15be6bb</td></tr>
<tr>
<td title='storm.starter.tools.SlotBasedCounterTest.positiveNumSlotsShouldBeOk()'><b>positiveNumSlotsShouldBeOk</b><br>Test class: storm.starter.tools.SlotBasedCounterTest<br>Parameters: 2</td>
<td></td>
<td>0</td>
<td>storm.starter.tools.SlotBasedCounterTest@15be6bb</td></tr>
<tr>
<td title='storm.starter.tools.SlotBasedCounterTest.positiveNumSlotsShouldBeOk()'><b>positiveNumSlotsShouldBeOk</b><br>Test class: storm.starter.tools.SlotBasedCounterTest<br>Parameters: 3</td>
<td></td>
<td>0</td>
<td>storm.starter.tools.SlotBasedCounterTest@15be6bb</td></tr>
<tr>
<td title='storm.starter.tools.SlotBasedCounterTest.positiveNumSlotsShouldBeOk()'><b>positiveNumSlotsShouldBeOk</b><br>Test class: storm.starter.tools.SlotBasedCounterTest<br>Parameters: 20</td>
<td></td>
<td>0</td>
<td>storm.starter.tools.SlotBasedCounterTest@15be6bb</td></tr>
<tr>
<td title='storm.starter.tools.NthLastModifiedTimeTrackerTest.positiveNumTimesToTrackShouldBeOk()'><b>positiveNumTimesToTrackShouldBeOk</b><br>Test class: storm.starter.tools.NthLastModifiedTimeTrackerTest<br>Parameters: 1</td>
<td></td>
<td>0</td>
<td>storm.starter.tools.NthLastModifiedTimeTrackerTest@8b7f67</td></tr>
<tr>
<td title='storm.starter.tools.NthLastModifiedTimeTrackerTest.positiveNumTimesToTrackShouldBeOk()'><b>positiveNumTimesToTrackShouldBeOk</b><br>Test class: storm.starter.tools.NthLastModifiedTimeTrackerTest<br>Parameters: 2</td>
<td></td>
<td>0</td>
<td>storm.starter.tools.NthLastModifiedTimeTrackerTest@8b7f67</td></tr>
<tr>
<td title='storm.starter.tools.NthLastModifiedTimeTrackerTest.positiveNumTimesToTrackShouldBeOk()'><b>positiveNumTimesToTrackShouldBeOk</b><br>Test class: storm.starter.tools.NthLastModifiedTimeTrackerTest<br>Parameters: 3</td>
<td></td>
<td>0</td>
<td>storm.starter.tools.NthLastModifiedTimeTrackerTest@8b7f67</td></tr>
<tr>
<td title='storm.starter.tools.NthLastModifiedTimeTrackerTest.positiveNumTimesToTrackShouldBeOk()'><b>positiveNumTimesToTrackShouldBeOk</b><br>Test class: storm.starter.tools.NthLastModifiedTimeTrackerTest<br>Parameters: 20</td>
<td></td>
<td>0</td>
<td>storm.starter.tools.NthLastModifiedTimeTrackerTest@8b7f67</td></tr>
<tr>
<td title='storm.starter.bolt.IntermediateRankingsBoltTest.positiveTopNShouldBeOk()'><b>positiveTopNShouldBeOk</b><br>Test class: storm.starter.bolt.IntermediateRankingsBoltTest<br>Parameters: 1</td>
<td></td>
<td>0</td>
<td>storm.starter.bolt.IntermediateRankingsBoltTest@178f375</td></tr>
<tr>
<td title='storm.starter.bolt.IntermediateRankingsBoltTest.positiveTopNShouldBeOk()'><b>positiveTopNShouldBeOk</b><br>Test class: storm.starter.bolt.IntermediateRankingsBoltTest<br>Parameters: 2</td>
<td></td>
<td>0</td>
<td>storm.starter.bolt.IntermediateRankingsBoltTest@178f375</td></tr>
<tr>
<td title='storm.starter.bolt.IntermediateRankingsBoltTest.positiveTopNShouldBeOk()'><b>positiveTopNShouldBeOk</b><br>Test class: storm.starter.bolt.IntermediateRankingsBoltTest<br>Parameters: 3</td>
<td></td>
<td>0</td>
<td>storm.starter.bolt.IntermediateRankingsBoltTest@178f375</td></tr>
<tr>
<td title='storm.starter.bolt.IntermediateRankingsBoltTest.positiveTopNShouldBeOk()'><b>positiveTopNShouldBeOk</b><br>Test class: storm.starter.bolt.IntermediateRankingsBoltTest<br>Parameters: 20</td>
<td></td>
<td>0</td>
<td>storm.starter.bolt.IntermediateRankingsBoltTest@178f375</td></tr>
<tr>
<td title='storm.starter.bolt.TotalRankingsBoltTest.positiveTopNShouldBeOk()'><b>positiveTopNShouldBeOk</b><br>Test class: storm.starter.bolt.TotalRankingsBoltTest<br>Parameters: 1</td>
<td></td>
<td>0</td>
<td>storm.starter.bolt.TotalRankingsBoltTest@c87b21</td></tr>
<tr>
<td title='storm.starter.bolt.TotalRankingsBoltTest.positiveTopNShouldBeOk()'><b>positiveTopNShouldBeOk</b><br>Test class: storm.starter.bolt.TotalRankingsBoltTest<br>Parameters: 2</td>
<td></td>
<td>0</td>
<td>storm.starter.bolt.TotalRankingsBoltTest@c87b21</td></tr>
<tr>
<td title='storm.starter.bolt.TotalRankingsBoltTest.positiveTopNShouldBeOk()'><b>positiveTopNShouldBeOk</b><br>Test class: storm.starter.bolt.TotalRankingsBoltTest<br>Parameters: 3</td>
<td></td>
<td>0</td>
<td>storm.starter.bolt.TotalRankingsBoltTest@c87b21</td></tr>
<tr>
<td title='storm.starter.bolt.TotalRankingsBoltTest.positiveTopNShouldBeOk()'><b>positiveTopNShouldBeOk</b><br>Test class: storm.starter.bolt.TotalRankingsBoltTest<br>Parameters: 20</td>
<td></td>
<td>0</td>
<td>storm.starter.bolt.TotalRankingsBoltTest@c87b21</td></tr>
<tr>
<td title='storm.starter.tools.RankableObjectWithFieldsTest.shouldBeEqualToItself()'><b>shouldBeEqualToItself</b><br>Test class: storm.starter.tools.RankableObjectWithFieldsTest</td>
<td></td>
<td>0</td>
<td>storm.starter.tools.RankableObjectWithFieldsTest@10399e</td></tr>
<tr>
<td title='storm.starter.tools.RankableObjectWithFieldsTest.shouldBeEqualToTrueDuplicates()'><b>shouldBeEqualToTrueDuplicates</b><br>Test class: storm.starter.tools.RankableObjectWithFieldsTest<br>Parameters: [foo|0], [foo|0]</td>
<td></td>
<td>0</td>
<td>storm.starter.tools.RankableObjectWithFieldsTest@10399e</td></tr>
<tr>
<td title='storm.starter.tools.RankableObjectWithFieldsTest.shouldBeEqualToTrueDuplicates()'><b>shouldBeEqualToTrueDuplicates</b><br>Test class: storm.starter.tools.RankableObjectWithFieldsTest<br>Parameters: [foo|0], [foo|0|someOtherField]</td>
<td></td>
<td>0</td>
<td>storm.starter.tools.RankableObjectWithFieldsTest@10399e</td></tr>
<tr>
<td title='storm.starter.tools.RankableObjectWithFieldsTest.shouldBeEqualToTrueDuplicates()'><b>shouldBeEqualToTrueDuplicates</b><br>Test class: storm.starter.tools.RankableObjectWithFieldsTest<br>Parameters: [foo|0|someField], [foo|0|someOtherField]</td>
<td></td>
<td>0</td>
<td>storm.starter.tools.RankableObjectWithFieldsTest@10399e</td></tr>
<tr>
<td title='storm.starter.tools.RankingsTest.shouldCorrectlyRankWhenEmptyAndUpdatedWithOtherRankings()'><b>shouldCorrectlyRankWhenEmptyAndUpdatedWithOtherRankings</b><br>Test class: storm.starter.tools.RankingsTest<br>Parameters: [[A|1]], [[A|1]]</td>
<td></td>
<td>0</td>
<td>storm.starter.tools.RankingsTest@d992b2</td></tr>
<tr>
<td title='storm.starter.tools.RankingsTest.shouldCorrectlyRankWhenEmptyAndUpdatedWithOtherRankings()'><b>shouldCorrectlyRankWhenEmptyAndUpdatedWithOtherRankings</b><br>Test class: storm.starter.tools.RankingsTest<br>Parameters: [[B|2], [D|4], [A|1], [C|3]], [[D|4], [C|3], [B|2], [A|1]]</td>
<td></td>
<td>0</td>
<td>storm.starter.tools.RankingsTest@d992b2</td></tr>
<tr>
<td title='storm.starter.tools.RankingsTest.shouldCorrectlyRankWhenEmptyAndUpdatedWithOtherRankings()'><b>shouldCorrectlyRankWhenEmptyAndUpdatedWithOtherRankings</b><br>Test class: storm.starter.tools.RankingsTest<br>Parameters: [[B|2], [F|6], [A|1], [C|3], [D|4], [E|5]], [[F|6], [E|5], [D|4], [C|3], [B|2], [A|1]]</td>
<td></td>
<td>0</td>
<td>storm.starter.tools.RankingsTest@d992b2</td></tr>
<tr>
<td title='storm.starter.tools.RankingsTest.shouldCorrectlyRankWhenEmptyAndUpdatedWithOtherRankings()'><b>shouldCorrectlyRankWhenEmptyAndUpdatedWithOtherRankings</b><br>Test class: storm.starter.tools.RankingsTest<br>Parameters: [[G|7], [B|2], [F|6], [A|1], [C|3], [D|4], [E|5], [H|8]], [[H|8], [G|7], [F|6], [E|5], [D|4], [C|3], [B|2], [A|1]]</td>
<td></td>
<td>0</td>
<td>storm.starter.tools.RankingsTest@d992b2</td></tr>
<tr>
<td title='storm.starter.tools.RankingsTest.shouldCorrectlyRankWhenNotEmptyAndUpdatedWithOtherRankings()'><b>shouldCorrectlyRankWhenNotEmptyAndUpdatedWithOtherRankings</b><br>Test class: storm.starter.tools.RankingsTest<br>Parameters: [[A|1]], [[A|1]], [[A|1]]</td>
<td></td>
<td>0</td>
<td>storm.starter.tools.RankingsTest@d992b2</td></tr>
<tr>
<td title='storm.starter.tools.RankingsTest.shouldCorrectlyRankWhenNotEmptyAndUpdatedWithOtherRankings()'><b>shouldCorrectlyRankWhenNotEmptyAndUpdatedWithOtherRankings</b><br>Test class: storm.starter.tools.RankingsTest<br>Parameters: [[A|1], [C|3]], [[B|2], [D|4]], [[D|4], [C|3], [B|2], [A|1]]</td>
<td></td>
<td>0</td>
<td>storm.starter.tools.RankingsTest@d992b2</td></tr>
<tr>
<td title='storm.starter.tools.RankingsTest.shouldCorrectlyRankWhenNotEmptyAndUpdatedWithOtherRankings()'><b>shouldCorrectlyRankWhenNotEmptyAndUpdatedWithOtherRankings</b><br>Test class: storm.starter.tools.RankingsTest<br>Parameters: [[B|2], [F|6], [A|1]], [[C|3], [D|4], [E|5]], [[F|6], [E|5], [D|4], [C|3], [B|2], [A|1]]</td>
<td></td>
<td>0</td>
<td>storm.starter.tools.RankingsTest@d992b2</td></tr>
<tr>
<td title='storm.starter.tools.RankingsTest.shouldCorrectlyRankWhenNotEmptyAndUpdatedWithOtherRankings()'><b>shouldCorrectlyRankWhenNotEmptyAndUpdatedWithOtherRankings</b><br>Test class: storm.starter.tools.RankingsTest<br>Parameters: [[G|7], [B|2], [F|6], [A|1], [C|3]], [[D|4], [E|5], [H|8]], [[H|8], [G|7], [F|6], [E|5], [D|4], [C|3], [B|2], [A|1]]</td>
<td></td>
<td>0</td>
<td>storm.starter.tools.RankingsTest@d992b2</td></tr>
<tr>
<td title='storm.starter.tools.RankingsTest.shouldCorrectlyRankWhenUpdatedWithEmptyOtherRankings()'><b>shouldCorrectlyRankWhenUpdatedWithEmptyOtherRankings</b><br>Test class: storm.starter.tools.RankingsTest<br>Parameters: [[A|1]], [[A|1]]</td>
<td></td>
<td>0</td>
<td>storm.starter.tools.RankingsTest@d992b2</td></tr>
<tr>
<td title='storm.starter.tools.RankingsTest.shouldCorrectlyRankWhenUpdatedWithEmptyOtherRankings()'><b>shouldCorrectlyRankWhenUpdatedWithEmptyOtherRankings</b><br>Test class: storm.starter.tools.RankingsTest<br>Parameters: [[B|2], [D|4], [A|1], [C|3]], [[D|4], [C|3], [B|2], [A|1]]</td>
<td></td>
<td>0</td>
<td>storm.starter.tools.RankingsTest@d992b2</td></tr>
<tr>
<td title='storm.starter.tools.RankingsTest.shouldCorrectlyRankWhenUpdatedWithEmptyOtherRankings()'><b>shouldCorrectlyRankWhenUpdatedWithEmptyOtherRankings</b><br>Test class: storm.starter.tools.RankingsTest<br>Parameters: [[B|2], [F|6], [A|1], [C|3], [D|4], [E|5]], [[F|6], [E|5], [D|4], [C|3], [B|2], [A|1]]</td>
<td></td>
<td>0</td>
<td>storm.starter.tools.RankingsTest@d992b2</td></tr>
<tr>
<td title='storm.starter.tools.RankingsTest.shouldCorrectlyRankWhenUpdatedWithEmptyOtherRankings()'><b>shouldCorrectlyRankWhenUpdatedWithEmptyOtherRankings</b><br>Test class: storm.starter.tools.RankingsTest<br>Parameters: [[G|7], [B|2], [F|6], [A|1], [C|3], [D|4], [E|5], [H|8]], [[H|8], [G|7], [F|6], [E|5], [D|4], [C|3], [B|2], [A|1]]</td>
<td></td>
<td>0</td>
<td>storm.starter.tools.RankingsTest@d992b2</td></tr>
<tr>
<td title='storm.starter.tools.RankingsTest.shouldCorrectlyRankWhenUpdatedWithRankables()'><b>shouldCorrectlyRankWhenUpdatedWithRankables</b><br>Test class: storm.starter.tools.RankingsTest<br>Parameters: [[A|1]], [[A|1]]</td>
<td></td>
<td>0</td>
<td>storm.starter.tools.RankingsTest@d992b2</td></tr>
<tr>
<td title='storm.starter.tools.RankingsTest.shouldCorrectlyRankWhenUpdatedWithRankables()'><b>shouldCorrectlyRankWhenUpdatedWithRankables</b><br>Test class: storm.starter.tools.RankingsTest<br>Parameters: [[B|2], [D|4], [A|1], [C|3]], [[D|4], [C|3], [B|2], [A|1]]</td>
<td></td>
<td>0</td>
<td>storm.starter.tools.RankingsTest@d992b2</td></tr>
<tr>
<td title='storm.starter.tools.RankingsTest.shouldCorrectlyRankWhenUpdatedWithRankables()'><b>shouldCorrectlyRankWhenUpdatedWithRankables</b><br>Test class: storm.starter.tools.RankingsTest<br>Parameters: [[B|2], [F|6], [A|1], [C|3], [D|4], [E|5]], [[F|6], [E|5], [D|4], [C|3], [B|2], [A|1]]</td>
<td></td>
<td>0</td>
<td>storm.starter.tools.RankingsTest@d992b2</td></tr>
<tr>
<td title='storm.starter.tools.RankingsTest.shouldCorrectlyRankWhenUpdatedWithRankables()'><b>shouldCorrectlyRankWhenUpdatedWithRankables</b><br>Test class: storm.starter.tools.RankingsTest<br>Parameters: [[G|7], [B|2], [F|6], [A|1], [C|3], [D|4], [E|5], [H|8]], [[H|8], [G|7], [F|6], [E|5], [D|4], [C|3], [B|2], [A|1]]</td>
<td></td>
<td>0</td>
<td>storm.starter.tools.RankingsTest@d992b2</td></tr>
<tr>
<td title='storm.starter.tools.RankableObjectWithFieldsTest.shouldCreateRankableObjectFromTuple()'><b>shouldCreateRankableObjectFromTuple</b><br>Test class: storm.starter.tools.RankableObjectWithFieldsTest</td>
<td></td>
<td>0</td>
<td>storm.starter.tools.RankableObjectWithFieldsTest@10399e</td></tr>
<tr>
<td title='storm.starter.bolt.IntermediateRankingsBoltTest.shouldDeclareOutputFields()'><b>shouldDeclareOutputFields</b><br>Test class: storm.starter.bolt.IntermediateRankingsBoltTest</td>
<td></td>
<td>0</td>
<td>storm.starter.bolt.IntermediateRankingsBoltTest@178f375</td></tr>
<tr>
<td title='storm.starter.bolt.RollingCountBoltTest.shouldDeclareOutputFields()'><b>shouldDeclareOutputFields</b><br>Test class: storm.starter.bolt.RollingCountBoltTest</td>
<td></td>
<td>0</td>
<td>storm.starter.bolt.RollingCountBoltTest@69b199</td></tr>
<tr>
<td title='storm.starter.bolt.TotalRankingsBoltTest.shouldDeclareOutputFields()'><b>shouldDeclareOutputFields</b><br>Test class: storm.starter.bolt.TotalRankingsBoltTest</td>
<td></td>
<td>0</td>
<td>storm.starter.bolt.TotalRankingsBoltTest@c87b21</td></tr>
<tr>
<td title='storm.starter.bolt.RollingCountBoltTest.shouldEmitNothingIfNoObjectHasBeenCountedYetAndTickTupleIsReceived()'><b>shouldEmitNothingIfNoObjectHasBeenCountedYetAndTickTupleIsReceived</b><br>Test class: storm.starter.bolt.RollingCountBoltTest</td>
<td></td>
<td>0</td>
<td>storm.starter.bolt.RollingCountBoltTest@69b199</td></tr>
<tr>
<td title='storm.starter.bolt.IntermediateRankingsBoltTest.shouldEmitNothingIfNormalTupleIsReceived()'><b>shouldEmitNothingIfNormalTupleIsReceived</b><br>Test class: storm.starter.bolt.IntermediateRankingsBoltTest</td>
<td></td>
<td>0</td>
<td>storm.starter.bolt.IntermediateRankingsBoltTest@178f375</td></tr>
<tr>
<td title='storm.starter.bolt.TotalRankingsBoltTest.shouldEmitNothingIfNormalTupleIsReceived()'><b>shouldEmitNothingIfNormalTupleIsReceived</b><br>Test class: storm.starter.bolt.TotalRankingsBoltTest</td>
<td></td>
<td>0</td>
<td>storm.starter.bolt.TotalRankingsBoltTest@c87b21</td></tr>
<tr>
<td title='storm.starter.bolt.RollingCountBoltTest.shouldEmitSomethingIfAtLeastOneObjectWasCountedAndTickTupleIsReceived()'><b>shouldEmitSomethingIfAtLeastOneObjectWasCountedAndTickTupleIsReceived</b><br>Test class: storm.starter.bolt.RollingCountBoltTest</td>
<td></td>
<td>0</td>
<td>storm.starter.bolt.RollingCountBoltTest@69b199</td></tr>
<tr>
<td title='storm.starter.bolt.IntermediateRankingsBoltTest.shouldEmitSomethingIfTickTupleIsReceived()'><b>shouldEmitSomethingIfTickTupleIsReceived</b><br>Test class: storm.starter.bolt.IntermediateRankingsBoltTest</td>
<td></td>
<td>0</td>
<td>storm.starter.bolt.IntermediateRankingsBoltTest@178f375</td></tr>
<tr>
<td title='storm.starter.bolt.TotalRankingsBoltTest.shouldEmitSomethingIfTickTupleIsReceived()'><b>shouldEmitSomethingIfTickTupleIsReceived</b><br>Test class: storm.starter.bolt.TotalRankingsBoltTest</td>
<td></td>
<td>0</td>
<td>storm.starter.bolt.TotalRankingsBoltTest@c87b21</td></tr>
<tr>
<td title='storm.starter.tools.RankingsTest.shouldHaveDefaultConstructor()'><b>shouldHaveDefaultConstructor</b><br>Test class: storm.starter.tools.RankingsTest</td>
<td></td>
<td>0</td>
<td>storm.starter.tools.RankingsTest@d992b2</td></tr>
<tr>
<td title='storm.starter.tools.RankableObjectWithFieldsTest.shouldHaveDifferentHashCodeThanFalseDuplicates()'><b>shouldHaveDifferentHashCodeThanFalseDuplicates</b><br>Test class: storm.starter.tools.RankableObjectWithFieldsTest<br>Parameters: [foo|0], [foo|1]</td>
<td></td>
<td>0</td>
<td>storm.starter.tools.RankableObjectWithFieldsTest@10399e</td></tr>
<tr>
<td title='storm.starter.tools.RankableObjectWithFieldsTest.shouldHaveDifferentHashCodeThanFalseDuplicates()'><b>shouldHaveDifferentHashCodeThanFalseDuplicates</b><br>Test class: storm.starter.tools.RankableObjectWithFieldsTest<br>Parameters: [foo|1], [Foo|1]</td>
<td></td>
<td>0</td>
<td>storm.starter.tools.RankableObjectWithFieldsTest@10399e</td></tr>
<tr>
<td title='storm.starter.tools.RankableObjectWithFieldsTest.shouldHaveDifferentHashCodeThanFalseDuplicates()'><b>shouldHaveDifferentHashCodeThanFalseDuplicates</b><br>Test class: storm.starter.tools.RankableObjectWithFieldsTest<br>Parameters: [foo|1], [FOO|1]</td>
<td></td>
<td>0</td>
<td>storm.starter.tools.RankableObjectWithFieldsTest@10399e</td></tr>
<tr>
<td title='storm.starter.tools.RankableObjectWithFieldsTest.shouldHaveDifferentHashCodeThanFalseDuplicates()'><b>shouldHaveDifferentHashCodeThanFalseDuplicates</b><br>Test class: storm.starter.tools.RankableObjectWithFieldsTest<br>Parameters: [foo|1], [bar|1]</td>
<td></td>
<td>0</td>
<td>storm.starter.tools.RankableObjectWithFieldsTest@10399e</td></tr>
<tr>
<td title='storm.starter.tools.RankableObjectWithFieldsTest.shouldHaveDifferentHashCodeThanFalseDuplicates()'><b>shouldHaveDifferentHashCodeThanFalseDuplicates</b><br>Test class: storm.starter.tools.RankableObjectWithFieldsTest<br>Parameters: [|0], [|1]</td>
<td></td>
<td>0</td>
<td>storm.starter.tools.RankableObjectWithFieldsTest@10399e</td></tr>
<tr>
<td title='storm.starter.tools.RankableObjectWithFieldsTest.shouldHaveDifferentHashCodeThanFalseDuplicates()'><b>shouldHaveDifferentHashCodeThanFalseDuplicates</b><br>Test class: storm.starter.tools.RankableObjectWithFieldsTest<br>Parameters: [|1], [bar|1]</td>
<td></td>
<td>0</td>
<td>storm.starter.tools.RankableObjectWithFieldsTest@10399e</td></tr>
<tr>
<td title='storm.starter.tools.RankableObjectWithFieldsTest.shouldHaveSameHashCodeAsTrueDuplicates()'><b>shouldHaveSameHashCodeAsTrueDuplicates</b><br>Test class: storm.starter.tools.RankableObjectWithFieldsTest<br>Parameters: [foo|0], [foo|0]</td>
<td></td>
<td>0</td>
<td>storm.starter.tools.RankableObjectWithFieldsTest@10399e</td></tr>
<tr>
<td title='storm.starter.tools.RankableObjectWithFieldsTest.shouldHaveSameHashCodeAsTrueDuplicates()'><b>shouldHaveSameHashCodeAsTrueDuplicates</b><br>Test class: storm.starter.tools.RankableObjectWithFieldsTest<br>Parameters: [foo|0], [foo|0|someOtherField]</td>
<td></td>
<td>0</td>
<td>storm.starter.tools.RankableObjectWithFieldsTest@10399e</td></tr>
<tr>
<td title='storm.starter.tools.RankableObjectWithFieldsTest.shouldHaveSameHashCodeAsTrueDuplicates()'><b>shouldHaveSameHashCodeAsTrueDuplicates</b><br>Test class: storm.starter.tools.RankableObjectWithFieldsTest<br>Parameters: [foo|0|someField], [foo|0|someOtherField]</td>
<td></td>
<td>0</td>
<td>storm.starter.tools.RankableObjectWithFieldsTest@10399e</td></tr>
<tr>
<td title='storm.starter.tools.SlotBasedCounterTest.shouldIncrementCount()'><b>shouldIncrementCount</b><br>Test class: storm.starter.tools.SlotBasedCounterTest<br>Parameters: [Ljava.lang.String;@1d09a04, [I@1c911a1</td>
<td></td>
<td>0</td>
<td>storm.starter.tools.SlotBasedCounterTest@15be6bb</td></tr>
<tr>
<td title='storm.starter.tools.SlotBasedCounterTest.shouldIncrementCountOnlyOneSlotAtATime()'><b>shouldIncrementCountOnlyOneSlotAtATime</b><br>Test class: storm.starter.tools.SlotBasedCounterTest</td>
<td></td>
<td>0</td>
<td>storm.starter.tools.SlotBasedCounterTest@15be6bb</td></tr>
<tr>
<td title='storm.starter.tools.RankableObjectWithFieldsTest.shouldNotBeEqualToFalseDuplicates()'><b>shouldNotBeEqualToFalseDuplicates</b><br>Test class: storm.starter.tools.RankableObjectWithFieldsTest<br>Parameters: [foo|0], [foo|1]</td>
<td></td>
<td>0</td>
<td>storm.starter.tools.RankableObjectWithFieldsTest@10399e</td></tr>
<tr>
<td title='storm.starter.tools.RankableObjectWithFieldsTest.shouldNotBeEqualToFalseDuplicates()'><b>shouldNotBeEqualToFalseDuplicates</b><br>Test class: storm.starter.tools.RankableObjectWithFieldsTest<br>Parameters: [foo|1], [Foo|1]</td>
<td></td>
<td>0</td>
<td>storm.starter.tools.RankableObjectWithFieldsTest@10399e</td></tr>
<tr>
<td title='storm.starter.tools.RankableObjectWithFieldsTest.shouldNotBeEqualToFalseDuplicates()'><b>shouldNotBeEqualToFalseDuplicates</b><br>Test class: storm.starter.tools.RankableObjectWithFieldsTest<br>Parameters: [foo|1], [FOO|1]</td>
<td></td>
<td>0</td>
<td>storm.starter.tools.RankableObjectWithFieldsTest@10399e</td></tr>
<tr>
<td title='storm.starter.tools.RankableObjectWithFieldsTest.shouldNotBeEqualToFalseDuplicates()'><b>shouldNotBeEqualToFalseDuplicates</b><br>Test class: storm.starter.tools.RankableObjectWithFieldsTest<br>Parameters: [foo|1], [bar|1]</td>
<td></td>
<td>0</td>
<td>storm.starter.tools.RankableObjectWithFieldsTest@10399e</td></tr>
<tr>
<td title='storm.starter.tools.RankableObjectWithFieldsTest.shouldNotBeEqualToFalseDuplicates()'><b>shouldNotBeEqualToFalseDuplicates</b><br>Test class: storm.starter.tools.RankableObjectWithFieldsTest<br>Parameters: [|0], [|1]</td>
<td></td>
<td>0</td>
<td>storm.starter.tools.RankableObjectWithFieldsTest@10399e</td></tr>
<tr>
<td title='storm.starter.tools.RankableObjectWithFieldsTest.shouldNotBeEqualToFalseDuplicates()'><b>shouldNotBeEqualToFalseDuplicates</b><br>Test class: storm.starter.tools.RankableObjectWithFieldsTest<br>Parameters: [|1], [bar|1]</td>
<td></td>
<td>0</td>
<td>storm.starter.tools.RankableObjectWithFieldsTest@10399e</td></tr>
<tr>
<td title='storm.starter.tools.RankableObjectWithFieldsTest.shouldNotBeEqualToInstancesOfOtherClasses()'><b>shouldNotBeEqualToInstancesOfOtherClasses</b><br>Test class: storm.starter.tools.RankableObjectWithFieldsTest<br>Parameters: foo</td>
<td></td>
<td>0</td>
<td>storm.starter.tools.RankableObjectWithFieldsTest@10399e</td></tr>
<tr>
<td title='storm.starter.tools.RankableObjectWithFieldsTest.shouldNotBeEqualToInstancesOfOtherClasses()'><b>shouldNotBeEqualToInstancesOfOtherClasses</b><br>Test class: storm.starter.tools.RankableObjectWithFieldsTest<br>Parameters: java.lang.Object@3d2c72</td>
<td></td>
<td>0</td>
<td>storm.starter.tools.RankableObjectWithFieldsTest@10399e</td></tr>
<tr>
<td title='storm.starter.tools.RankableObjectWithFieldsTest.shouldNotBeEqualToInstancesOfOtherClasses()'><b>shouldNotBeEqualToInstancesOfOtherClasses</b><br>Test class: storm.starter.tools.RankableObjectWithFieldsTest<br>Parameters: 4</td>
<td></td>
<td>0</td>
<td>storm.starter.tools.RankableObjectWithFieldsTest@10399e</td></tr>
<tr>
<td title='storm.starter.tools.RankableObjectWithFieldsTest.shouldNotBeEqualToInstancesOfOtherClasses()'><b>shouldNotBeEqualToInstancesOfOtherClasses</b><br>Test class: storm.starter.tools.RankableObjectWithFieldsTest<br>Parameters: [7, 8, 9]</td>
<td></td>
<td>0</td>
<td>storm.starter.tools.RankableObjectWithFieldsTest@10399e</td></tr>
<tr>
<td title='storm.starter.tools.RankingsTest.shouldNotRankDuplicateObjectsMoreThanOnce()'><b>shouldNotRankDuplicateObjectsMoreThanOnce</b><br>Test class: storm.starter.tools.RankingsTest<br>Parameters: [[someObject|42], [someObject|42], [someObject|42]]</td>
<td></td>
<td>0</td>
<td>storm.starter.tools.RankingsTest@d992b2</td></tr>
<tr>
<td title='storm.starter.tools.RankingsTest.shouldNotRankDuplicateObjectsMoreThanOnce()'><b>shouldNotRankDuplicateObjectsMoreThanOnce</b><br>Test class: storm.starter.tools.RankingsTest<br>Parameters: [[A|1], [A|2], [A|3]]</td>
<td></td>
<td>0</td>
<td>storm.starter.tools.RankingsTest@d992b2</td></tr>
<tr>
<td title='storm.starter.tools.RankingsTest.shouldRemoveZeroCounts()'><b>shouldRemoveZeroCounts</b><br>Test class: storm.starter.tools.RankingsTest<br>Parameters: [[A|1], [ZERO_COUNT|0]], [[A|1]]</td>
<td></td>
<td>0</td>
<td>storm.starter.tools.RankingsTest@d992b2</td></tr>
<tr>
<td title='storm.starter.tools.RankingsTest.shouldRemoveZeroCounts()'><b>shouldRemoveZeroCounts</b><br>Test class: storm.starter.tools.RankingsTest<br>Parameters: [[A|1]], [[A|1]]</td>
<td></td>
<td>0</td>
<td>storm.starter.tools.RankingsTest@d992b2</td></tr>
<tr>
<td title='storm.starter.tools.RankingsTest.shouldRemoveZeroCounts()'><b>shouldRemoveZeroCounts</b><br>Test class: storm.starter.tools.RankingsTest<br>Parameters: [[ZERO_COUNT|0], [A|1]], [[A|1]]</td>
<td></td>
<td>0</td>
<td>storm.starter.tools.RankingsTest@d992b2</td></tr>
<tr>
<td title='storm.starter.tools.RankingsTest.shouldRemoveZeroCounts()'><b>shouldRemoveZeroCounts</b><br>Test class: storm.starter.tools.RankingsTest<br>Parameters: [[ZERO_COUNT|0]], []</td>
<td></td>
<td>0</td>
<td>storm.starter.tools.RankingsTest@d992b2</td></tr>
<tr>
<td title='storm.starter.tools.RankingsTest.shouldRemoveZeroCounts()'><b>shouldRemoveZeroCounts</b><br>Test class: storm.starter.tools.RankingsTest<br>Parameters: [[ZERO_COUNT|0], [ZERO2|0]], []</td>
<td></td>
<td>0</td>
<td>storm.starter.tools.RankingsTest@d992b2</td></tr>
<tr>
<td title='storm.starter.tools.RankingsTest.shouldRemoveZeroCounts()'><b>shouldRemoveZeroCounts</b><br>Test class: storm.starter.tools.RankingsTest<br>Parameters: [[B|2], [ZERO_COUNT|0], [ZERO2|0], [D|4], [ZERO3|0], [ZERO4|0], [C|3]], [[D|4], [C|3], [B|2]]</td>
<td></td>
<td>0</td>
<td>storm.starter.tools.RankingsTest@d992b2</td></tr>
<tr>
<td title='storm.starter.tools.RankingsTest.shouldRemoveZeroCounts()'><b>shouldRemoveZeroCounts</b><br>Test class: storm.starter.tools.RankingsTest<br>Parameters: [[A|1], [ZERO_COUNT|0], [B|2]], [[B|2], [A|1]]</td>
<td></td>
<td>0</td>
<td>storm.starter.tools.RankingsTest@d992b2</td></tr>
<tr>
<td title='storm.starter.tools.NthLastModifiedTimeTrackerTest.shouldReturnCorrectModifiedTimeEvenWhenNotYetMarkedAsModified()'><b>shouldReturnCorrectModifiedTimeEvenWhenNotYetMarkedAsModified</b><br>Test class: storm.starter.tools.NthLastModifiedTimeTrackerTest<br>Parameters: 0</td>
<td></td>
<td>0</td>
<td>storm.starter.tools.NthLastModifiedTimeTrackerTest@8b7f67</td></tr>
<tr>
<td title='storm.starter.tools.NthLastModifiedTimeTrackerTest.shouldReturnCorrectModifiedTimeEvenWhenNotYetMarkedAsModified()'><b>shouldReturnCorrectModifiedTimeEvenWhenNotYetMarkedAsModified</b><br>Test class: storm.starter.tools.NthLastModifiedTimeTrackerTest<br>Parameters: 1</td>
<td></td>
<td>0</td>
<td>storm.starter.tools.NthLastModifiedTimeTrackerTest@8b7f67</td></tr>
<tr>
<td title='storm.starter.tools.NthLastModifiedTimeTrackerTest.shouldReturnCorrectModifiedTimeEvenWhenNotYetMarkedAsModified()'><b>shouldReturnCorrectModifiedTimeEvenWhenNotYetMarkedAsModified</b><br>Test class: storm.starter.tools.NthLastModifiedTimeTrackerTest<br>Parameters: 2</td>
<td></td>
<td>0</td>
<td>storm.starter.tools.NthLastModifiedTimeTrackerTest@8b7f67</td></tr>
<tr>
<td title='storm.starter.tools.NthLastModifiedTimeTrackerTest.shouldReturnCorrectModifiedTimeEvenWhenNotYetMarkedAsModified()'><b>shouldReturnCorrectModifiedTimeEvenWhenNotYetMarkedAsModified</b><br>Test class: storm.starter.tools.NthLastModifiedTimeTrackerTest<br>Parameters: 3</td>
<td></td>
<td>0</td>
<td>storm.starter.tools.NthLastModifiedTimeTrackerTest@8b7f67</td></tr>
<tr>
<td title='storm.starter.tools.NthLastModifiedTimeTrackerTest.shouldReturnCorrectModifiedTimeEvenWhenNotYetMarkedAsModified()'><b>shouldReturnCorrectModifiedTimeEvenWhenNotYetMarkedAsModified</b><br>Test class: storm.starter.tools.NthLastModifiedTimeTrackerTest<br>Parameters: 4</td>
<td></td>
<td>0</td>
<td>storm.starter.tools.NthLastModifiedTimeTrackerTest@8b7f67</td></tr>
<tr>
<td title='storm.starter.tools.NthLastModifiedTimeTrackerTest.shouldReturnCorrectModifiedTimeEvenWhenNotYetMarkedAsModified()'><b>shouldReturnCorrectModifiedTimeEvenWhenNotYetMarkedAsModified</b><br>Test class: storm.starter.tools.NthLastModifiedTimeTrackerTest<br>Parameters: 5</td>
<td></td>
<td>0</td>
<td>storm.starter.tools.NthLastModifiedTimeTrackerTest@8b7f67</td></tr>
<tr>
<td title='storm.starter.tools.NthLastModifiedTimeTrackerTest.shouldReturnCorrectModifiedTimeEvenWhenNotYetMarkedAsModified()'><b>shouldReturnCorrectModifiedTimeEvenWhenNotYetMarkedAsModified</b><br>Test class: storm.starter.tools.NthLastModifiedTimeTrackerTest<br>Parameters: 8</td>
<td></td>
<td>0</td>
<td>storm.starter.tools.NthLastModifiedTimeTrackerTest@8b7f67</td></tr>
<tr>
<td title='storm.starter.tools.NthLastModifiedTimeTrackerTest.shouldReturnCorrectModifiedTimeEvenWhenNotYetMarkedAsModified()'><b>shouldReturnCorrectModifiedTimeEvenWhenNotYetMarkedAsModified</b><br>Test class: storm.starter.tools.NthLastModifiedTimeTrackerTest<br>Parameters: 10</td>
<td></td>
<td>0</td>
<td>storm.starter.tools.NthLastModifiedTimeTrackerTest@8b7f67</td></tr>
<tr>
<td title='storm.starter.tools.NthLastModifiedTimeTrackerTest.shouldReturnCorrectModifiedTimeWhenMarkedAsModified()'><b>shouldReturnCorrectModifiedTimeWhenMarkedAsModified</b><br>Test class: storm.starter.tools.NthLastModifiedTimeTrackerTest<br>Parameters: 1, [I@1db5df9, [I@7194ba</td>
<td></td>
<td>0</td>
<td>storm.starter.tools.NthLastModifiedTimeTrackerTest@8b7f67</td></tr>
<tr>
<td title='storm.starter.tools.NthLastModifiedTimeTrackerTest.shouldReturnCorrectModifiedTimeWhenMarkedAsModified()'><b>shouldReturnCorrectModifiedTimeWhenMarkedAsModified</b><br>Test class: storm.starter.tools.NthLastModifiedTimeTrackerTest<br>Parameters: 1, [I@190200a, [I@2f6f80</td>
<td></td>
<td>0</td>
<td>storm.starter.tools.NthLastModifiedTimeTrackerTest@8b7f67</td></tr>
<tr>
<td title='storm.starter.tools.NthLastModifiedTimeTrackerTest.shouldReturnCorrectModifiedTimeWhenMarkedAsModified()'><b>shouldReturnCorrectModifiedTimeWhenMarkedAsModified</b><br>Test class: storm.starter.tools.NthLastModifiedTimeTrackerTest<br>Parameters: 2, [I@1b4c3a9, [I@19c4be1</td>
<td></td>
<td>0</td>
<td>storm.starter.tools.NthLastModifiedTimeTrackerTest@8b7f67</td></tr>
<tr>
<td title='storm.starter.tools.NthLastModifiedTimeTrackerTest.shouldReturnCorrectModifiedTimeWhenMarkedAsModified()'><b>shouldReturnCorrectModifiedTimeWhenMarkedAsModified</b><br>Test class: storm.starter.tools.NthLastModifiedTimeTrackerTest<br>Parameters: 2, [I@11caca8, [I@5e9564</td>
<td></td>
<td>0</td>
<td>storm.starter.tools.NthLastModifiedTimeTrackerTest@8b7f67</td></tr>
<tr>
<td title='storm.starter.tools.NthLastModifiedTimeTrackerTest.shouldReturnCorrectModifiedTimeWhenMarkedAsModified()'><b>shouldReturnCorrectModifiedTimeWhenMarkedAsModified</b><br>Test class: storm.starter.tools.NthLastModifiedTimeTrackerTest<br>Parameters: 1, [I@194b04d, [I@8c3b9d</td>
<td></td>
<td>0</td>
<td>storm.starter.tools.NthLastModifiedTimeTrackerTest@8b7f67</td></tr>
<tr>
<td title='storm.starter.tools.NthLastModifiedTimeTrackerTest.shouldReturnCorrectModifiedTimeWhenMarkedAsModified()'><b>shouldReturnCorrectModifiedTimeWhenMarkedAsModified</b><br>Test class: storm.starter.tools.NthLastModifiedTimeTrackerTest<br>Parameters: 1, [I@39bec8, [I@f79e</td>
<td></td>
<td>0</td>
<td>storm.starter.tools.NthLastModifiedTimeTrackerTest@8b7f67</td></tr>
<tr>
<td title='storm.starter.tools.NthLastModifiedTimeTrackerTest.shouldReturnCorrectModifiedTimeWhenMarkedAsModified()'><b>shouldReturnCorrectModifiedTimeWhenMarkedAsModified</b><br>Test class: storm.starter.tools.NthLastModifiedTimeTrackerTest<br>Parameters: 2, [I@e8290b, [I@159a598</td>
<td></td>
<td>0</td>
<td>storm.starter.tools.NthLastModifiedTimeTrackerTest@8b7f67</td></tr>
<tr>
<td title='storm.starter.tools.NthLastModifiedTimeTrackerTest.shouldReturnCorrectModifiedTimeWhenMarkedAsModified()'><b>shouldReturnCorrectModifiedTimeWhenMarkedAsModified</b><br>Test class: storm.starter.tools.NthLastModifiedTimeTrackerTest<br>Parameters: 2, [I@178745, [I@12c3f1e</td>
<td></td>
<td>0</td>
<td>storm.starter.tools.NthLastModifiedTimeTrackerTest@8b7f67</td></tr>
<tr>
<td title='storm.starter.tools.NthLastModifiedTimeTrackerTest.shouldReturnCorrectModifiedTimeWhenMarkedAsModified()'><b>shouldReturnCorrectModifiedTimeWhenMarkedAsModified</b><br>Test class: storm.starter.tools.NthLastModifiedTimeTrackerTest<br>Parameters: 2, [I@b3fd41, [I@94f96a</td>
<td></td>
<td>0</td>
<td>storm.starter.tools.NthLastModifiedTimeTrackerTest@8b7f67</td></tr>
<tr>
<td title='storm.starter.tools.NthLastModifiedTimeTrackerTest.shouldReturnCorrectModifiedTimeWhenMarkedAsModified()'><b>shouldReturnCorrectModifiedTimeWhenMarkedAsModified</b><br>Test class: storm.starter.tools.NthLastModifiedTimeTrackerTest<br>Parameters: 3, [I@1b6512, [I@377400</td>
<td></td>
<td>0</td>
<td>storm.starter.tools.NthLastModifiedTimeTrackerTest@8b7f67</td></tr>
<tr>
<td title='storm.starter.tools.NthLastModifiedTimeTrackerTest.shouldReturnCorrectModifiedTimeWhenMarkedAsModified()'><b>shouldReturnCorrectModifiedTimeWhenMarkedAsModified</b><br>Test class: storm.starter.tools.NthLastModifiedTimeTrackerTest<br>Parameters: 3, [I@157cd72, [I@5b295b</td>
<td></td>
<td>0</td>
<td>storm.starter.tools.NthLastModifiedTimeTrackerTest@8b7f67</td></tr>
<tr>
<td title='storm.starter.tools.NthLastModifiedTimeTrackerTest.shouldReturnCorrectModifiedTimeWhenMarkedAsModified()'><b>shouldReturnCorrectModifiedTimeWhenMarkedAsModified</b><br>Test class: storm.starter.tools.NthLastModifiedTimeTrackerTest<br>Parameters: 3, [I@1e5f737, [I@671d7f</td>
<td></td>
<td>0</td>
<td>storm.starter.tools.NthLastModifiedTimeTrackerTest@8b7f67</td></tr>
<tr>
<td title='storm.starter.tools.NthLastModifiedTimeTrackerTest.shouldReturnCorrectModifiedTimeWhenMarkedAsModified()'><b>shouldReturnCorrectModifiedTimeWhenMarkedAsModified</b><br>Test class: storm.starter.tools.NthLastModifiedTimeTrackerTest<br>Parameters: 4, [I@17277dc, [I@7e99d8</td>
<td></td>
<td>0</td>
<td>storm.starter.tools.NthLastModifiedTimeTrackerTest@8b7f67</td></tr>
<tr>
<td title='storm.starter.tools.NthLastModifiedTimeTrackerTest.shouldReturnCorrectModifiedTimeWhenMarkedAsModified()'><b>shouldReturnCorrectModifiedTimeWhenMarkedAsModified</b><br>Test class: storm.starter.tools.NthLastModifiedTimeTrackerTest<br>Parameters: 4, [I@4487af, [I@aceffd</td>
<td></td>
<td>0</td>
<td>storm.starter.tools.NthLastModifiedTimeTrackerTest@8b7f67</td></tr>
<tr>
<td title='storm.starter.tools.NthLastModifiedTimeTrackerTest.shouldReturnCorrectModifiedTimeWhenMarkedAsModified()'><b>shouldReturnCorrectModifiedTimeWhenMarkedAsModified</b><br>Test class: storm.starter.tools.NthLastModifiedTimeTrackerTest<br>Parameters: 4, [I@86b9e3, [I@aa41f2</td>
<td></td>
<td>0</td>
<td>storm.starter.tools.NthLastModifiedTimeTrackerTest@8b7f67</td></tr>
<tr>
<td title='storm.starter.tools.NthLastModifiedTimeTrackerTest.shouldReturnCorrectModifiedTimeWhenMarkedAsModified()'><b>shouldReturnCorrectModifiedTimeWhenMarkedAsModified</b><br>Test class: storm.starter.tools.NthLastModifiedTimeTrackerTest<br>Parameters: 5, [I@f9c5b7, [I@1271612</td>
<td></td>
<td>0</td>
<td>storm.starter.tools.NthLastModifiedTimeTrackerTest@8b7f67</td></tr>
<tr>
<td title='storm.starter.tools.NthLastModifiedTimeTrackerTest.shouldReturnCorrectModifiedTimeWhenMarkedAsModified()'><b>shouldReturnCorrectModifiedTimeWhenMarkedAsModified</b><br>Test class: storm.starter.tools.NthLastModifiedTimeTrackerTest<br>Parameters: 5, [I@d7f8b4, [I@309d4d</td>
<td></td>
<td>0</td>
<td>storm.starter.tools.NthLastModifiedTimeTrackerTest@8b7f67</td></tr>
<tr>
<td title='storm.starter.tools.NthLastModifiedTimeTrackerTest.shouldReturnCorrectModifiedTimeWhenMarkedAsModified()'><b>shouldReturnCorrectModifiedTimeWhenMarkedAsModified</b><br>Test class: storm.starter.tools.NthLastModifiedTimeTrackerTest<br>Parameters: 5, [I@102d01, [I@1883b97</td>
<td></td>
<td>0</td>
<td>storm.starter.tools.NthLastModifiedTimeTrackerTest@8b7f67</td></tr>
<tr>
<td title='storm.starter.tools.NthLastModifiedTimeTrackerTest.shouldReturnCorrectModifiedTimeWhenMarkedAsModified()'><b>shouldReturnCorrectModifiedTimeWhenMarkedAsModified</b><br>Test class: storm.starter.tools.NthLastModifiedTimeTrackerTest<br>Parameters: 6, [I@ab778a, [I@3958e7</td>
<td></td>
<td>0</td>
<td>storm.starter.tools.NthLastModifiedTimeTrackerTest@8b7f67</td></tr>
<tr>
<td title='storm.starter.tools.NthLastModifiedTimeTrackerTest.shouldReturnCorrectModifiedTimeWhenMarkedAsModified()'><b>shouldReturnCorrectModifiedTimeWhenMarkedAsModified</b><br>Test class: storm.starter.tools.NthLastModifiedTimeTrackerTest<br>Parameters: 6, [I@1f80c04, [I@1dac5ef</td>
<td></td>
<td>0</td>
<td>storm.starter.tools.NthLastModifiedTimeTrackerTest@8b7f67</td></tr>
<tr>
<td title='storm.starter.tools.NthLastModifiedTimeTrackerTest.shouldReturnCorrectModifiedTimeWhenMarkedAsModified()'><b>shouldReturnCorrectModifiedTimeWhenMarkedAsModified</b><br>Test class: storm.starter.tools.NthLastModifiedTimeTrackerTest<br>Parameters: 6, [I@90e579, [I@ea606c</td>
<td></td>
<td>0</td>
<td>storm.starter.tools.NthLastModifiedTimeTrackerTest@8b7f67</td></tr>
<tr>
<td title='storm.starter.tools.NthLastModifiedTimeTrackerTest.shouldReturnCorrectModifiedTimeWhenMarkedAsModified()'><b>shouldReturnCorrectModifiedTimeWhenMarkedAsModified</b><br>Test class: storm.starter.tools.NthLastModifiedTimeTrackerTest<br>Parameters: 3, [I@145df59, [I@e79ae3</td>
<td></td>
<td>0</td>
<td>storm.starter.tools.NthLastModifiedTimeTrackerTest@8b7f67</td></tr>
<tr>
<td title='storm.starter.tools.SlotBasedCounterTest.shouldReturnNonEmptyCountsWhenAtLeastOneObjectWasCounted()'><b>shouldReturnNonEmptyCountsWhenAtLeastOneObjectWasCounted</b><br>Test class: storm.starter.tools.SlotBasedCounterTest</td>
<td></td>
<td>0</td>
<td>storm.starter.tools.SlotBasedCounterTest@15be6bb</td></tr>
<tr>
<td title='storm.starter.tools.RankableObjectWithFieldsTest.shouldReturnTheCount()'><b>shouldReturnTheCount</b><br>Test class: storm.starter.tools.RankableObjectWithFieldsTest</td>
<td></td>
<td>0</td>
<td>storm.starter.tools.RankableObjectWithFieldsTest@10399e</td></tr>
<tr>
<td title='storm.starter.tools.RankableObjectWithFieldsTest.shouldReturnTheFields()'><b>shouldReturnTheFields</b><br>Test class: storm.starter.tools.RankableObjectWithFieldsTest<br>Parameters: java.lang.Object@12adfbe, 271, [Ljava.lang.Object;@1070bab</td>
<td></td>
<td>0</td>
<td>storm.starter.tools.RankableObjectWithFieldsTest@10399e</td></tr>
<tr>
<td title='storm.starter.tools.RankableObjectWithFieldsTest.shouldReturnTheFields()'><b>shouldReturnTheFields</b><br>Test class: storm.starter.tools.RankableObjectWithFieldsTest<br>Parameters: quux, 42, [Ljava.lang.Object;@e5eea7</td>
<td></td>
<td>0</td>
<td>storm.starter.tools.RankableObjectWithFieldsTest@10399e</td></tr>
<tr>
<td title='storm.starter.tools.RankableObjectWithFieldsTest.shouldReturnTheObject()'><b>shouldReturnTheObject</b><br>Test class: storm.starter.tools.RankableObjectWithFieldsTest</td>
<td></td>
<td>0</td>
<td>storm.starter.tools.RankableObjectWithFieldsTest@10399e</td></tr>
<tr>
<td title='storm.starter.tools.SlotBasedCounterTest.shouldReturnZeroForNonexistentObject()'><b>shouldReturnZeroForNonexistentObject</b><br>Test class: storm.starter.tools.SlotBasedCounterTest</td>
<td></td>
<td>0</td>
<td>storm.starter.tools.SlotBasedCounterTest@15be6bb</td></tr>
<tr>
<td title='storm.starter.bolt.IntermediateRankingsBoltTest.shouldSetTickTupleFrequencyInComponentConfigurationToNonZeroValue()'><b>shouldSetTickTupleFrequencyInComponentConfigurationToNonZeroValue</b><br>Test class: storm.starter.bolt.IntermediateRankingsBoltTest</td>
<td></td>
<td>0</td>
<td>storm.starter.bolt.IntermediateRankingsBoltTest@178f375</td></tr>
<tr>
<td title='storm.starter.bolt.RollingCountBoltTest.shouldSetTickTupleFrequencyInComponentConfigurationToNonZeroValue()'><b>shouldSetTickTupleFrequencyInComponentConfigurationToNonZeroValue</b><br>Test class: storm.starter.bolt.RollingCountBoltTest</td>
<td></td>
<td>0</td>
<td>storm.starter.bolt.RollingCountBoltTest@69b199</td></tr>
<tr>
<td title='storm.starter.bolt.TotalRankingsBoltTest.shouldSetTickTupleFrequencyInComponentConfigurationToNonZeroValue()'><b>shouldSetTickTupleFrequencyInComponentConfigurationToNonZeroValue</b><br>Test class: storm.starter.bolt.TotalRankingsBoltTest</td>
<td></td>
<td>0</td>
<td>storm.starter.bolt.TotalRankingsBoltTest@c87b21</td></tr>
<tr>
<td title='storm.starter.tools.RankingsTest.sizeOfRankingsShouldNotGrowBeyondTopN()'><b>sizeOfRankingsShouldNotGrowBeyondTopN</b><br>Test class: storm.starter.tools.RankingsTest<br>Parameters: 2, [[A|1], [B|2], [C|3]]</td>
<td></td>
<td>0</td>
<td>storm.starter.tools.RankingsTest@d992b2</td></tr>
<tr>
<td title='storm.starter.tools.RankingsTest.sizeOfRankingsShouldNotGrowBeyondTopN()'><b>sizeOfRankingsShouldNotGrowBeyondTopN</b><br>Test class: storm.starter.tools.RankingsTest<br>Parameters: 2, [[A|1], [B|2], [C|3], [D|4]]</td>
<td></td>
<td>0</td>
<td>storm.starter.tools.RankingsTest@d992b2</td></tr>
<tr>
<td title='storm.starter.tools.SlidingWindowCounterTest.testCounterWithSimulatedRuns()'><b>testCounterWithSimulatedRuns</b><br>Test class: storm.starter.tools.SlidingWindowCounterTest<br>Parameters: 2, [I@11b4bf5, [J@12ffcb7</td>
<td></td>
<td>0</td>
<td>storm.starter.tools.SlidingWindowCounterTest@c7a4e4</td></tr>
<tr>
<td title='storm.starter.tools.SlidingWindowCounterTest.testCounterWithSimulatedRuns()'><b>testCounterWithSimulatedRuns</b><br>Test class: storm.starter.tools.SlidingWindowCounterTest<br>Parameters: 3, [I@2ef0ea, [J@1f9b85e</td>
<td></td>
<td>0</td>
<td>storm.starter.tools.SlidingWindowCounterTest@c7a4e4</td></tr>
<tr>
<td title='storm.starter.tools.SlidingWindowCounterTest.testCounterWithSimulatedRuns()'><b>testCounterWithSimulatedRuns</b><br>Test class: storm.starter.tools.SlidingWindowCounterTest<br>Parameters: 4, [I@4e1977, [J@d68fcd</td>
<td></td>
<td>0</td>
<td>storm.starter.tools.SlidingWindowCounterTest@c7a4e4</td></tr>
<tr>
<td title='storm.starter.tools.SlidingWindowCounterTest.testCounterWithSimulatedRuns()'><b>testCounterWithSimulatedRuns</b><br>Test class: storm.starter.tools.SlidingWindowCounterTest<br>Parameters: 5, [I@17e949d, [J@1b9f5a4</td>
<td></td>
<td>0</td>
<td>storm.starter.tools.SlidingWindowCounterTest@c7a4e4</td></tr>
<tr>
<td title='storm.starter.tools.SlidingWindowCounterTest.testCounterWithSimulatedRuns()'><b>testCounterWithSimulatedRuns</b><br>Test class: storm.starter.tools.SlidingWindowCounterTest<br>Parameters: 5, [I@18edcc5, [J@102881e</td>
<td></td>
<td>0</td>
<td>storm.starter.tools.SlidingWindowCounterTest@c7a4e4</td></tr>
<tr>
<td title='storm.starter.tools.RankableObjectWithFieldsTest.toStringShouldContainStringRepresentationsOfObjectAndCount()'><b>toStringShouldContainStringRepresentationsOfObjectAndCount</b><br>Test class: storm.starter.tools.RankableObjectWithFieldsTest<br>Parameters: foo, 0</td>
<td></td>
<td>0</td>
<td>storm.starter.tools.RankableObjectWithFieldsTest@10399e</td></tr>
<tr>
<td title='storm.starter.tools.RankableObjectWithFieldsTest.toStringShouldContainStringRepresentationsOfObjectAndCount()'><b>toStringShouldContainStringRepresentationsOfObjectAndCount</b><br>Test class: storm.starter.tools.RankableObjectWithFieldsTest<br>Parameters: BAR, 8</td>
<td></td>
<td>0</td>
<td>storm.starter.tools.RankableObjectWithFieldsTest@10399e</td></tr>
<tr>
<td title='storm.starter.tools.SlidingWindowCounterTest.twoOrMoreSlotsShouldBeValid()'><b>twoOrMoreSlotsShouldBeValid</b><br>Test class: storm.starter.tools.SlidingWindowCounterTest<br>Parameters: 2</td>
<td></td>
<td>0</td>
<td>storm.starter.tools.SlidingWindowCounterTest@c7a4e4</td></tr>
<tr>
<td title='storm.starter.tools.SlidingWindowCounterTest.twoOrMoreSlotsShouldBeValid()'><b>twoOrMoreSlotsShouldBeValid</b><br>Test class: storm.starter.tools.SlidingWindowCounterTest<br>Parameters: 3</td>
<td></td>
<td>0</td>
<td>storm.starter.tools.SlidingWindowCounterTest@c7a4e4</td></tr>
<tr>
<td title='storm.starter.tools.SlidingWindowCounterTest.twoOrMoreSlotsShouldBeValid()'><b>twoOrMoreSlotsShouldBeValid</b><br>Test class: storm.starter.tools.SlidingWindowCounterTest<br>Parameters: 20</td>
<td></td>
<td>0</td>
<td>storm.starter.tools.SlidingWindowCounterTest@c7a4e4</td></tr>
<tr>
<td title='storm.starter.tools.RankingsTest.updatingWithNewRankablesShouldBeThreadSafe()'><b>updatingWithNewRankablesShouldBeThreadSafe</b><br>Test class: storm.starter.tools.RankingsTest</td>
<td></td>
<td>0</td>
<td>storm.starter.tools.RankingsTest@d992b2</td></tr>
<tr>
<td title='storm.starter.tools.RankableObjectWithFieldsTest.verifyCompareTo()'><b>verifyCompareTo</b><br>Test class: storm.starter.tools.RankableObjectWithFieldsTest<br>Parameters: [foo|1000], [foo|0], 1</td>
<td></td>
<td>0</td>
<td>storm.starter.tools.RankableObjectWithFieldsTest@10399e</td></tr>
<tr>
<td title='storm.starter.tools.RankableObjectWithFieldsTest.verifyCompareTo()'><b>verifyCompareTo</b><br>Test class: storm.starter.tools.RankableObjectWithFieldsTest<br>Parameters: [foo|1], [foo|0], 1</td>
<td></td>
<td>0</td>
<td>storm.starter.tools.RankableObjectWithFieldsTest@10399e</td></tr>
<tr>
<td title='storm.starter.tools.RankableObjectWithFieldsTest.verifyCompareTo()'><b>verifyCompareTo</b><br>Test class: storm.starter.tools.RankableObjectWithFieldsTest<br>Parameters: [foo|1000], [bar|0], 1</td>
<td></td>
<td>0</td>
<td>storm.starter.tools.RankableObjectWithFieldsTest@10399e</td></tr>
<tr>
<td title='storm.starter.tools.RankableObjectWithFieldsTest.verifyCompareTo()'><b>verifyCompareTo</b><br>Test class: storm.starter.tools.RankableObjectWithFieldsTest<br>Parameters: [foo|1], [bar|0], 1</td>
<td></td>
<td>0</td>
<td>storm.starter.tools.RankableObjectWithFieldsTest@10399e</td></tr>
<tr>
<td title='storm.starter.tools.RankableObjectWithFieldsTest.verifyCompareTo()'><b>verifyCompareTo</b><br>Test class: storm.starter.tools.RankableObjectWithFieldsTest<br>Parameters: [foo|0], [foo|0], 0</td>
<td></td>
<td>0</td>
<td>storm.starter.tools.RankableObjectWithFieldsTest@10399e</td></tr>
<tr>
<td title='storm.starter.tools.RankableObjectWithFieldsTest.verifyCompareTo()'><b>verifyCompareTo</b><br>Test class: storm.starter.tools.RankableObjectWithFieldsTest<br>Parameters: [foo|0], [bar|0], 0</td>
<td></td>
<td>0</td>
<td>storm.starter.tools.RankableObjectWithFieldsTest@10399e</td></tr>
<tr>
<td title='storm.starter.tools.RankableObjectWithFieldsTest.verifyCompareTo()'><b>verifyCompareTo</b><br>Test class: storm.starter.tools.RankableObjectWithFieldsTest<br>Parameters: [foo|0], [foo|1000], -1</td>
<td></td>
<td>0</td>
<td>storm.starter.tools.RankableObjectWithFieldsTest@10399e</td></tr>
<tr>
<td title='storm.starter.tools.RankableObjectWithFieldsTest.verifyCompareTo()'><b>verifyCompareTo</b><br>Test class: storm.starter.tools.RankableObjectWithFieldsTest<br>Parameters: [foo|0], [foo|1], -1</td>
<td></td>
<td>0</td>
<td>storm.starter.tools.RankableObjectWithFieldsTest@10399e</td></tr>
<tr>
<td title='storm.starter.tools.RankableObjectWithFieldsTest.verifyCompareTo()'><b>verifyCompareTo</b><br>Test class: storm.starter.tools.RankableObjectWithFieldsTest<br>Parameters: [foo|0], [bar|1], -1</td>
<td></td>
<td>0</td>
<td>storm.starter.tools.RankableObjectWithFieldsTest@10399e</td></tr>
<tr>
<td title='storm.starter.tools.RankableObjectWithFieldsTest.verifyCompareTo()'><b>verifyCompareTo</b><br>Test class: storm.starter.tools.RankableObjectWithFieldsTest<br>Parameters: [foo|0], [bar|1000], -1</td>
<td></td>
<td>0</td>
<td>storm.starter.tools.RankableObjectWithFieldsTest@10399e</td></tr>
<tr>
<td title='storm.starter.tools.SlotBasedCounterTest.wipeSlotShouldSetAllCountsInSlotToZero()'><b>wipeSlotShouldSetAllCountsInSlotToZero</b><br>Test class: storm.starter.tools.SlotBasedCounterTest</td>
<td></td>
<td>0</td>
<td>storm.starter.tools.SlotBasedCounterTest@15be6bb</td></tr>
<tr>
<td title='storm.starter.tools.SlotBasedCounterTest.wipeZerosShouldRemoveAnyObjectsWithZeroTotalCount()'><b>wipeZerosShouldRemoveAnyObjectsWithZeroTotalCount</b><br>Test class: storm.starter.tools.SlotBasedCounterTest</td>
<td></td>
<td>0</td>
<td>storm.starter.tools.SlotBasedCounterTest@15be6bb</td></tr>
</table><p>
</body>
</html>